<?xml version="1.0" encoding="UTF-8" ?>
<testsuite tests="42" failures="0" name="org.bukkit.configuration.MemorySectionTest" time="0.002" errors="0" skipped="0">
  <properties>
[...]
</properties>
  <testcase classname="org.bukkit.configuration.MemorySectionTest" name="testGetVector_String" time="0"/>
  <testcase classname="org.bukkit.configuration.MemorySectionTest" name="testGetValuesWithDefaults" time="0"/>
  <testcase classname="org.bukkit.configuration.MemorySectionTest" name="testGetInt_String" time="0"/>
  <testcase classname="org.bukkit.configuration.MemorySectionTest" name="testIsItemStack" time="0"/>
  <testcase classname="org.bukkit.configuration.MemorySectionTest" name="testGetItemStack_String" time="0.001"/>
  <testcase classname="org.bukkit.configuration.MemorySectionTest" name="testGetKeysWithDefaults" time="0"/>
  <testcase classname="org.bukkit.configuration.MemorySectionTest" name="testSet" time="0"/>
  <testcase classname="org.bukkit.configuration.MemorySectionTest" name="testIsConfigurationSection" time="0"/>
  <testcase classname="org.bukkit.configuration.MemorySectionTest" name="testGetCurrentPath" time="0"/>
  <testcase classname="org.bukkit.configuration.MemorySectionTest" name="testGetList_String_List" time="0"/>
  <testcase classname="org.bukkit.configuration.MemorySectionTest" name="testIsInt" time="0"/>
  <testcase classname="org.bukkit.configuration.MemorySectionTest" name="testIsSet" time="0"/>
  <testcase classname="org.bukkit.configuration.MemorySectionTest" name="testGetBoolean_String" time="0"/>
  <testcase classname="org.bukkit.configuration.MemorySectionTest" name="testGetVector_String_Vector" time="0"/>
  <testcase classname="org.bukkit.configuration.MemorySectionTest" name="testGetKeys" time="0"/>
  <testcase classname="org.bukkit.configuration.MemorySectionTest" name="testGetName" time="0"/>
  <testcase classname="org.bukkit.configuration.MemorySectionTest" name="testGetRoot" time="0"/>
  <testcase classname="org.bukkit.configuration.MemorySectionTest" name="testGet_String" time="0"/>
  <testcase classname="org.bukkit.configuration.MemorySectionTest" name="testSectionMap" time="0"/>
  <testcase classname="org.bukkit.configuration.MemorySectionTest" name="testGetLong_String" time="0"/>
  <testcase classname="org.bukkit.configuration.MemorySectionTest" name="testIsDouble" time="0"/>
  <testcase classname="org.bukkit.configuration.MemorySectionTest" name="testContains" time="0.001"/>
  <testcase classname="org.bukkit.configuration.MemorySectionTest" name="testIsBoolean" time="0"/>
  <testcase classname="org.bukkit.configuration.MemorySectionTest" name="testIsString" time="0"/>
  <testcase classname="org.bukkit.configuration.MemorySectionTest" name="testGetBoolean_String_Boolean" time="0"/>
  <testcase classname="org.bukkit.configuration.MemorySectionTest" name="testIsVector" time="0"/>
  <testcase classname="org.bukkit.configuration.MemorySectionTest" name="testGetItemStack_String_ItemStack" time="0"/>
  <testcase classname="org.bukkit.configuration.MemorySectionTest" name="testGetLong_String_Long" time="0"/>
  <testcase classname="org.bukkit.configuration.MemorySectionTest" name="testGetDouble_String" time="0"/>
  <testcase classname="org.bukkit.configuration.MemorySectionTest" name="testGetParent" time="0"/>
  <testcase classname="org.bukkit.configuration.MemorySectionTest" name="testIsList" time="0"/>
  <testcase classname="org.bukkit.configuration.MemorySectionTest" name="testIsLong" time="0"/>
  <testcase classname="org.bukkit.configuration.MemorySectionTest" name="testGetString_String" time="0"/>
  <testcase classname="org.bukkit.configuration.MemorySectionTest" name="testGetDoubleFromInt" time="0"/>
  <testcase classname="org.bukkit.configuration.MemorySectionTest" name="testGetValues" time="0"/>
  <testcase classname="org.bukkit.configuration.MemorySectionTest" name="testGetInt_String_Int" time="0"/>
  <testcase classname="org.bukkit.configuration.MemorySectionTest" name="testGetDouble_String_Double" time="0"/>
  <testcase classname="org.bukkit.configuration.MemorySectionTest" name="testCreateSection" time="0"/>
  <testcase classname="org.bukkit.configuration.MemorySectionTest" name="testGet_String_Object" time="0"/>
  <testcase classname="org.bukkit.configuration.MemorySectionTest" name="testGetList_String" time="0"/>
  <testcase classname="org.bukkit.configuration.MemorySectionTest" name="testGetString_String_String" time="0"/>
  <testcase classname="org.bukkit.configuration.MemorySectionTest" name="testGetConfigurationSection" time="0"/>
</testsuite>