<?xml version="1.0" encoding="UTF-8" ?>
<testsuite tests="52" failures="0" name="org.bukkit.ColorTest" time="0.042" errors="0" skipped="0">
  <properties>
[...]
</properties>
  <testcase classname="org.bukkit.ColorTest" name="testInvalidBGR1" time="0.001"/>
  <testcase classname="org.bukkit.ColorTest" name="testInvalidBGR2" time="0.001"/>
  <testcase classname="org.bukkit.ColorTest" name="testInvalidBGR3" time="0"/>
  <testcase classname="org.bukkit.ColorTest" name="testInvalidBGR4" time="0"/>
  <testcase classname="org.bukkit.ColorTest" name="testInvalidRGB1" time="0"/>
  <testcase classname="org.bukkit.ColorTest" name="testInvalidRGB2" time="0"/>
  <testcase classname="org.bukkit.ColorTest" name="testInvalidRGB3" time="0"/>
  <testcase classname="org.bukkit.ColorTest" name="testInvalidRGB4" time="0"/>
  <testcase classname="org.bukkit.ColorTest" name="testSerialization" time="0.021"/>
  <testcase classname="org.bukkit.ColorTest" name="testBGR" time="0"/>
  <testcase classname="org.bukkit.ColorTest" name="testRGB" time="0"/>
  <testcase classname="org.bukkit.ColorTest" name="testRed" time="0.001"/>
  <testcase classname="org.bukkit.ColorTest" name="testGreen" time="0.001"/>
  <testcase classname="org.bukkit.ColorTest" name="testBlue" time="0.001"/>
  <testcase classname="org.bukkit.ColorTest" name="testEqualities" time="0"/>
  <testcase classname="org.bukkit.ColorTest" name="testInvalidB01" time="0"/>
  <testcase classname="org.bukkit.ColorTest" name="testInvalidB02" time="0.001"/>
  <testcase classname="org.bukkit.ColorTest" name="testInvalidB03" time="0.001"/>
  <testcase classname="org.bukkit.ColorTest" name="testInvalidB04" time="0"/>
  <testcase classname="org.bukkit.ColorTest" name="testInvalidB05" time="0.001"/>
  <testcase classname="org.bukkit.ColorTest" name="testInvalidB06" time="0"/>
  <testcase classname="org.bukkit.ColorTest" name="testInvalidB07" time="0"/>
  <testcase classname="org.bukkit.ColorTest" name="testInvalidB08" time="0.001"/>
  <testcase classname="org.bukkit.ColorTest" name="testInvalidB09" time="0"/>
  <testcase classname="org.bukkit.ColorTest" name="testInvalidB10" time="0"/>
  <testcase classname="org.bukkit.ColorTest" name="testInvalidB11" time="0.001"/>
  <testcase classname="org.bukkit.ColorTest" name="testInvalidB12" time="0"/>
  <testcase classname="org.bukkit.ColorTest" name="testInvalidG01" time="0"/>
  <testcase classname="org.bukkit.ColorTest" name="testInvalidG02" time="0"/>
  <testcase classname="org.bukkit.ColorTest" name="testInvalidG03" time="0"/>
  <testcase classname="org.bukkit.ColorTest" name="testInvalidG04" time="0.001"/>
  <testcase classname="org.bukkit.ColorTest" name="testInvalidG05" time="0.001"/>
  <testcase classname="org.bukkit.ColorTest" name="testInvalidG06" time="0"/>
  <testcase classname="org.bukkit.ColorTest" name="testInvalidG07" time="0"/>
  <testcase classname="org.bukkit.ColorTest" name="testInvalidG08" time="0.001"/>
  <testcase classname="org.bukkit.ColorTest" name="testInvalidG09" time="0"/>
  <testcase classname="org.bukkit.ColorTest" name="testInvalidG10" time="0.001"/>
  <testcase classname="org.bukkit.ColorTest" name="testInvalidG11" time="0"/>
  <testcase classname="org.bukkit.ColorTest" name="testInvalidG12" time="0"/>
  <testcase classname="org.bukkit.ColorTest" name="testInvalidR01" time="0.001"/>
  <testcase classname="org.bukkit.ColorTest" name="testInvalidR02" time="0"/>
  <testcase classname="org.bukkit.ColorTest" name="testInvalidR03" time="0"/>
  <testcase classname="org.bukkit.ColorTest" name="testInvalidR04" time="0.001"/>
  <testcase classname="org.bukkit.ColorTest" name="testInvalidR05" time="0"/>
  <testcase classname="org.bukkit.ColorTest" name="testInvalidR06" time="0"/>
  <testcase classname="org.bukkit.ColorTest" name="testInvalidR07" time="0.001"/>
  <testcase classname="org.bukkit.ColorTest" name="testInvalidR08" time="0.001"/>
  <testcase classname="org.bukkit.ColorTest" name="testInvalidR09" time="0"/>
  <testcase classname="org.bukkit.ColorTest" name="testInvalidR10" time="0.001"/>
  <testcase classname="org.bukkit.ColorTest" name="testInvalidR11" time="0"/>
  <testcase classname="org.bukkit.ColorTest" name="testInvalidR12" time="0"/>
  <testcase classname="org.bukkit.ColorTest" name="testInequalities" time="0.002"/>
</testsuite>