<?xml version="1.0" encoding="UTF-8" ?>
<testsuite tests="80" failures="0" name="org.bukkit.DyeColorTest" time="0.011" errors="0" skipped="0">
  <properties>
[...]
</properties>
  <testcase classname="org.bukkit.DyeColorTest" name="getByWoolData[0: WHITE]" time="0"/>
  <testcase classname="org.bukkit.DyeColorTest" name="getByDyeData[0: WHITE]" time="0"/>
  <testcase classname="org.bukkit.DyeColorTest" name="getByData[0: WHITE]" time="0"/>
  <testcase classname="org.bukkit.DyeColorTest" name="getDyeDyeColor[0: WHITE]" time="0"/>
  <testcase classname="org.bukkit.DyeColorTest" name="getWoolDyeColor[0: WHITE]" time="0"/>
  <testcase classname="org.bukkit.DyeColorTest" name="getByWoolData[1: ORANGE]" time="0"/>
  <testcase classname="org.bukkit.DyeColorTest" name="getByDyeData[1: ORANGE]" time="0"/>
  <testcase classname="org.bukkit.DyeColorTest" name="getByData[1: ORANGE]" time="0"/>
  <testcase classname="org.bukkit.DyeColorTest" name="getDyeDyeColor[1: ORANGE]" time="0"/>
  <testcase classname="org.bukkit.DyeColorTest" name="getWoolDyeColor[1: ORANGE]" time="0"/>
  <testcase classname="org.bukkit.DyeColorTest" name="getByWoolData[2: MAGENTA]" time="0"/>
  <testcase classname="org.bukkit.DyeColorTest" name="getByDyeData[2: MAGENTA]" time="0"/>
  <testcase classname="org.bukkit.DyeColorTest" name="getByData[2: MAGENTA]" time="0"/>
  <testcase classname="org.bukkit.DyeColorTest" name="getDyeDyeColor[2: MAGENTA]" time="0"/>
  <testcase classname="org.bukkit.DyeColorTest" name="getWoolDyeColor[2: MAGENTA]" time="0"/>
  <testcase classname="org.bukkit.DyeColorTest" name="getByWoolData[3: LIGHT_BLUE]" time="0"/>
  <testcase classname="org.bukkit.DyeColorTest" name="getByDyeData[3: LIGHT_BLUE]" time="0"/>
  <testcase classname="org.bukkit.DyeColorTest" name="getByData[3: LIGHT_BLUE]" time="0"/>
  <testcase classname="org.bukkit.DyeColorTest" name="getDyeDyeColor[3: LIGHT_BLUE]" time="0"/>
  <testcase classname="org.bukkit.DyeColorTest" name="getWoolDyeColor[3: LIGHT_BLUE]" time="0"/>
  <testcase classname="org.bukkit.DyeColorTest" name="getByWoolData[4: YELLOW]" time="0"/>
  <testcase classname="org.bukkit.DyeColorTest" name="getByDyeData[4: YELLOW]" time="0"/>
  <testcase classname="org.bukkit.DyeColorTest" name="getByData[4: YELLOW]" time="0"/>
  <testcase classname="org.bukkit.DyeColorTest" name="getDyeDyeColor[4: YELLOW]" time="0.001"/>
  <testcase classname="org.bukkit.DyeColorTest" name="getWoolDyeColor[4: YELLOW]" time="0"/>
  <testcase classname="org.bukkit.DyeColorTest" name="getByWoolData[5: LIME]" time="0"/>
  <testcase classname="org.bukkit.DyeColorTest" name="getByDyeData[5: LIME]" time="0"/>
  <testcase classname="org.bukkit.DyeColorTest" name="getByData[5: LIME]" time="0"/>
  <testcase classname="org.bukkit.DyeColorTest" name="getDyeDyeColor[5: LIME]" time="0.001"/>
  <testcase classname="org.bukkit.DyeColorTest" name="getWoolDyeColor[5: LIME]" time="0"/>
  <testcase classname="org.bukkit.DyeColorTest" name="getByWoolData[6: PINK]" time="0"/>
  <testcase classname="org.bukkit.DyeColorTest" name="getByDyeData[6: PINK]" time="0"/>
  <testcase classname="org.bukkit.DyeColorTest" name="getByData[6: PINK]" time="0"/>
  <testcase classname="org.bukkit.DyeColorTest" name="getDyeDyeColor[6: PINK]" time="0"/>
  <testcase classname="org.bukkit.DyeColorTest" name="getWoolDyeColor[6: PINK]" time="0"/>
  <testcase classname="org.bukkit.DyeColorTest" name="getByWoolData[7: GRAY]" time="0"/>
  <testcase classname="org.bukkit.DyeColorTest" name="getByDyeData[7: GRAY]" time="0"/>
  <testcase classname="org.bukkit.DyeColorTest" name="getByData[7: GRAY]" time="0"/>
  <testcase classname="org.bukkit.DyeColorTest" name="getDyeDyeColor[7: GRAY]" time="0"/>
  <testcase classname="org.bukkit.DyeColorTest" name="getWoolDyeColor[7: GRAY]" time="0.001"/>
  <testcase classname="org.bukkit.DyeColorTest" name="getByWoolData[8: LIGHT_GRAY]" time="0"/>
  <testcase classname="org.bukkit.DyeColorTest" name="getByDyeData[8: LIGHT_GRAY]" time="0"/>
  <testcase classname="org.bukkit.DyeColorTest" name="getByData[8: LIGHT_GRAY]" time="0"/>
  <testcase classname="org.bukkit.DyeColorTest" name="getDyeDyeColor[8: LIGHT_GRAY]" time="0"/>
  <testcase classname="org.bukkit.DyeColorTest" name="getWoolDyeColor[8: LIGHT_GRAY]" time="0"/>
  <testcase classname="org.bukkit.DyeColorTest" name="getByWoolData[9: CYAN]" time="0"/>
  <testcase classname="org.bukkit.DyeColorTest" name="getByDyeData[9: CYAN]" time="0"/>
  <testcase classname="org.bukkit.DyeColorTest" name="getByData[9: CYAN]" time="0"/>
  <testcase classname="org.bukkit.DyeColorTest" name="getDyeDyeColor[9: CYAN]" time="0"/>
  <testcase classname="org.bukkit.DyeColorTest" name="getWoolDyeColor[9: CYAN]" time="0.001"/>
  <testcase classname="org.bukkit.DyeColorTest" name="getByWoolData[10: PURPLE]" time="0"/>
  <testcase classname="org.bukkit.DyeColorTest" name="getByDyeData[10: PURPLE]" time="0"/>
  <testcase classname="org.bukkit.DyeColorTest" name="getByData[10: PURPLE]" time="0"/>
  <testcase classname="org.bukkit.DyeColorTest" name="getDyeDyeColor[10: PURPLE]" time="0"/>
  <testcase classname="org.bukkit.DyeColorTest" name="getWoolDyeColor[10: PURPLE]" time="0"/>
  <testcase classname="org.bukkit.DyeColorTest" name="getByWoolData[11: BLUE]" time="0"/>
  <testcase classname="org.bukkit.DyeColorTest" name="getByDyeData[11: BLUE]" time="0"/>
  <testcase classname="org.bukkit.DyeColorTest" name="getByData[11: BLUE]" time="0"/>
  <testcase classname="org.bukkit.DyeColorTest" name="getDyeDyeColor[11: BLUE]" time="0.001"/>
  <testcase classname="org.bukkit.DyeColorTest" name="getWoolDyeColor[11: BLUE]" time="0"/>
  <testcase classname="org.bukkit.DyeColorTest" name="getByWoolData[12: BROWN]" time="0"/>
  <testcase classname="org.bukkit.DyeColorTest" name="getByDyeData[12: BROWN]" time="0"/>
  <testcase classname="org.bukkit.DyeColorTest" name="getByData[12: BROWN]" time="0"/>
  <testcase classname="org.bukkit.DyeColorTest" name="getDyeDyeColor[12: BROWN]" time="0"/>
  <testcase classname="org.bukkit.DyeColorTest" name="getWoolDyeColor[12: BROWN]" time="0"/>
  <testcase classname="org.bukkit.DyeColorTest" name="getByWoolData[13: GREEN]" time="0"/>
  <testcase classname="org.bukkit.DyeColorTest" name="getByDyeData[13: GREEN]" time="0"/>
  <testcase classname="org.bukkit.DyeColorTest" name="getByData[13: GREEN]" time="0"/>
  <testcase classname="org.bukkit.DyeColorTest" name="getDyeDyeColor[13: GREEN]" time="0.001"/>
  <testcase classname="org.bukkit.DyeColorTest" name="getWoolDyeColor[13: GREEN]" time="0"/>
  <testcase classname="org.bukkit.DyeColorTest" name="getByWoolData[14: RED]" time="0"/>
  <testcase classname="org.bukkit.DyeColorTest" name="getByDyeData[14: RED]" time="0"/>
  <testcase classname="org.bukkit.DyeColorTest" name="getByData[14: RED]" time="0"/>
  <testcase classname="org.bukkit.DyeColorTest" name="getDyeDyeColor[14: RED]" time="0"/>
  <testcase classname="org.bukkit.DyeColorTest" name="getWoolDyeColor[14: RED]" time="0"/>
  <testcase classname="org.bukkit.DyeColorTest" name="getByWoolData[15: BLACK]" time="0.001"/>
  <testcase classname="org.bukkit.DyeColorTest" name="getByDyeData[15: BLACK]" time="0.001"/>
  <testcase classname="org.bukkit.DyeColorTest" name="getByData[15: BLACK]" time="0.001"/>
  <testcase classname="org.bukkit.DyeColorTest" name="getDyeDyeColor[15: BLACK]" time="0.001"/>
  <testcase classname="org.bukkit.DyeColorTest" name="getWoolDyeColor[15: BLACK]" time="0.001"/>
</testsuite>