<?xml version="1.0" encoding="UTF-8" ?>
<testsuite tests="598" failures="0" name="org.bukkit.BlockDataConversionTest" time="0.136" errors="0" skipped="0">
  <properties>
[...]
</properties>
  <testcase classname="org.bukkit.BlockDataConversionTest" name="testNotNull[0: minecraft:air]" time="0.001"/>
  <testcase classname="org.bukkit.BlockDataConversionTest" name="testNotNull[1: minecraft:stone]" time="0"/>
  <testcase classname="org.bukkit.BlockDataConversionTest" name="testNotNull[2: minecraft:granite]" time="0"/>
  <testcase classname="org.bukkit.BlockDataConversionTest" name="testNotNull[3: minecraft:polished_granite]" time="0"/>
  <testcase classname="org.bukkit.BlockDataConversionTest" name="testNotNull[4: minecraft:diorite]" time="0"/>
  <testcase classname="org.bukkit.BlockDataConversionTest" name="testNotNull[5: minecraft:polished_diorite]" time="0"/>
  <testcase classname="org.bukkit.BlockDataConversionTest" name="testNotNull[6: minecraft:andesite]" time="0"/>
  <testcase classname="org.bukkit.BlockDataConversionTest" name="testNotNull[7: minecraft:polished_andesite]" time="0"/>
  <testcase classname="org.bukkit.BlockDataConversionTest" name="testNotNull[8: minecraft:grass_block[snowy=false]]" time="0"/>
  <testcase classname="org.bukkit.BlockDataConversionTest" name="testNotNull[9: minecraft:dirt]" time="0"/>
  <testcase classname="org.bukkit.BlockDataConversionTest" name="testNotNull[10: minecraft:coarse_dirt]" time="0"/>
  <testcase classname="org.bukkit.BlockDataConversionTest" name="testNotNull[11: minecraft:podzol[snowy=false]]" time="0.001"/>
  <testcase classname="org.bukkit.BlockDataConversionTest" name="testNotNull[12: minecraft:cobblestone]" time="0"/>
  <testcase classname="org.bukkit.BlockDataConversionTest" name="testNotNull[13: minecraft:oak_planks]" time="0"/>
  <testcase classname="org.bukkit.BlockDataConversionTest" name="testNotNull[14: minecraft:spruce_planks]" time="0"/>
  <testcase classname="org.bukkit.BlockDataConversionTest" name="testNotNull[15: minecraft:birch_planks]" time="0.002"/>
  <testcase classname="org.bukkit.BlockDataConversionTest" name="testNotNull[16: minecraft:jungle_planks]" time="0"/>
  <testcase classname="org.bukkit.BlockDataConversionTest" name="testNotNull[17: minecraft:acacia_planks]" time="0"/>
  <testcase classname="org.bukkit.BlockDataConversionTest" name="testNotNull[18: minecraft:dark_oak_planks]" time="0"/>
  <testcase classname="org.bukkit.BlockDataConversionTest" name="testNotNull[19: minecraft:oak_sapling[stage=0]]" time="0"/>
  <testcase classname="org.bukkit.BlockDataConversionTest" name="testNotNull[20: minecraft:spruce_sapling[stage=0]]" time="0"/>
  <testcase classname="org.bukkit.BlockDataConversionTest" name="testNotNull[21: minecraft:birch_sapling[stage=0]]" time="0"/>
  <testcase classname="org.bukkit.BlockDataConversionTest" name="testNotNull[22: minecraft:jungle_sapling[stage=0]]" time="0"/>
  <testcase classname="org.bukkit.BlockDataConversionTest" name="testNotNull[23: minecraft:acacia_sapling[stage=0]]" time="0"/>
  <testcase classname="org.bukkit.BlockDataConversionTest" name="testNotNull[24: minecraft:dark_oak_sapling[stage=0]]" time="0"/>
  <testcase classname="org.bukkit.BlockDataConversionTest" name="testNotNull[25: minecraft:bedrock]" time="0"/>
  <testcase classname="org.bukkit.BlockDataConversionTest" name="testNotNull[26: minecraft:water[level=0]]" time="0.001"/>
  <testcase classname="org.bukkit.BlockDataConversionTest" name="testNotNull[27: minecraft:lava[level=0]]" time="0"/>
  <testcase classname="org.bukkit.BlockDataConversionTest" name="testNotNull[28: minecraft:sand]" time="0"/>
  <testcase classname="org.bukkit.BlockDataConversionTest" name="testNotNull[29: minecraft:red_sand]" time="0"/>
  <testcase classname="org.bukkit.BlockDataConversionTest" name="testNotNull[30: minecraft:gravel]" time="0"/>
  <testcase classname="org.bukkit.BlockDataConversionTest" name="testNotNull[31: minecraft:gold_ore]" time="0"/>
  <testcase classname="org.bukkit.BlockDataConversionTest" name="testNotNull[32: minecraft:iron_ore]" time="0"/>
  <testcase classname="org.bukkit.BlockDataConversionTest" name="testNotNull[33: minecraft:coal_ore]" time="0"/>
  <testcase classname="org.bukkit.BlockDataConversionTest" name="testNotNull[34: minecraft:oak_log[axis=y]]" time="0.001"/>
  <testcase classname="org.bukkit.BlockDataConversionTest" name="testNotNull[35: minecraft:spruce_log[axis=y]]" time="0"/>
  <testcase classname="org.bukkit.BlockDataConversionTest" name="testNotNull[36: minecraft:birch_log[axis=y]]" time="0"/>
  <testcase classname="org.bukkit.BlockDataConversionTest" name="testNotNull[37: minecraft:jungle_log[axis=y]]" time="0"/>
  <testcase classname="org.bukkit.BlockDataConversionTest" name="testNotNull[38: minecraft:acacia_log[axis=y]]" time="0"/>
  <testcase classname="org.bukkit.BlockDataConversionTest" name="testNotNull[39: minecraft:dark_oak_log[axis=y]]" time="0"/>
  <testcase classname="org.bukkit.BlockDataConversionTest" name="testNotNull[40: minecraft:stripped_spruce_log[axis=y]]" time="0.001"/>
  <testcase classname="org.bukkit.BlockDataConversionTest" name="testNotNull[41: minecraft:stripped_birch_log[axis=y]]" time="0"/>
  <testcase classname="org.bukkit.BlockDataConversionTest" name="testNotNull[42: minecraft:stripped_jungle_log[axis=y]]" time="0"/>
  <testcase classname="org.bukkit.BlockDataConversionTest" name="testNotNull[43: minecraft:stripped_acacia_log[axis=y]]" time="0"/>
  <testcase classname="org.bukkit.BlockDataConversionTest" name="testNotNull[44: minecraft:stripped_dark_oak_log[axis=y]]" time="0"/>
  <testcase classname="org.bukkit.BlockDataConversionTest" name="testNotNull[45: minecraft:stripped_oak_log[axis=y]]" time="0"/>
  <testcase classname="org.bukkit.BlockDataConversionTest" name="testNotNull[46: minecraft:oak_wood[axis=y]]" time="0.001"/>
  <testcase classname="org.bukkit.BlockDataConversionTest" name="testNotNull[47: minecraft:spruce_wood[axis=y]]" time="0"/>
  <testcase classname="org.bukkit.BlockDataConversionTest" name="testNotNull[48: minecraft:birch_wood[axis=y]]" time="0"/>
  <testcase classname="org.bukkit.BlockDataConversionTest" name="testNotNull[49: minecraft:jungle_wood[axis=y]]" time="0"/>
  <testcase classname="org.bukkit.BlockDataConversionTest" name="testNotNull[50: minecraft:acacia_wood[axis=y]]" time="0.001"/>
  <testcase classname="org.bukkit.BlockDataConversionTest" name="testNotNull[51: minecraft:dark_oak_wood[axis=y]]" time="0"/>
  <testcase classname="org.bukkit.BlockDataConversionTest" name="testNotNull[52: minecraft:stripped_oak_wood[axis=y]]" time="0"/>
  <testcase classname="org.bukkit.BlockDataConversionTest" name="testNotNull[53: minecraft:stripped_spruce_wood[axis=y]]" time="0"/>
  <testcase classname="org.bukkit.BlockDataConversionTest" name="testNotNull[54: minecraft:stripped_birch_wood[axis=y]]" time="0"/>
  <testcase classname="org.bukkit.BlockDataConversionTest" name="testNotNull[55: minecraft:stripped_jungle_wood[axis=y]]" time="0"/>
  <testcase classname="org.bukkit.BlockDataConversionTest" name="testNotNull[56: minecraft:stripped_acacia_wood[axis=y]]" time="0"/>
  <testcase classname="org.bukkit.BlockDataConversionTest" name="testNotNull[57: minecraft:stripped_dark_oak_wood[axis=y]]" time="0"/>
  <testcase classname="org.bukkit.BlockDataConversionTest" name="testNotNull[58: minecraft:oak_leaves[distance=7,persistent=false]]" time="0.001"/>
  <testcase classname="org.bukkit.BlockDataConversionTest" name="testNotNull[59: minecraft:spruce_leaves[distance=7,persistent=false]]" time="0"/>
  <testcase classname="org.bukkit.BlockDataConversionTest" name="testNotNull[60: minecraft:birch_leaves[distance=7,persistent=false]]" time="0"/>
  <testcase classname="org.bukkit.BlockDataConversionTest" name="testNotNull[61: minecraft:jungle_leaves[distance=7,persistent=false]]" time="0"/>
  <testcase classname="org.bukkit.BlockDataConversionTest" name="testNotNull[62: minecraft:acacia_leaves[distance=7,persistent=false]]" time="0"/>
  <testcase classname="org.bukkit.BlockDataConversionTest" name="testNotNull[63: minecraft:dark_oak_leaves[distance=7,persistent=false]]" time="0"/>
  <testcase classname="org.bukkit.BlockDataConversionTest" name="testNotNull[64: minecraft:sponge]" time="0"/>
  <testcase classname="org.bukkit.BlockDataConversionTest" name="testNotNull[65: minecraft:wet_sponge]" time="0"/>
  <testcase classname="org.bukkit.BlockDataConversionTest" name="testNotNull[66: minecraft:glass]" time="0"/>
  <testcase classname="org.bukkit.BlockDataConversionTest" name="testNotNull[67: minecraft:lapis_ore]" time="0"/>
  <testcase classname="org.bukkit.BlockDataConversionTest" name="testNotNull[68: minecraft:lapis_block]" time="0"/>
  <testcase classname="org.bukkit.BlockDataConversionTest" name="testNotNull[69: minecraft:dispenser[facing=north,triggered=false]]" time="0.001"/>
  <testcase classname="org.bukkit.BlockDataConversionTest" name="testNotNull[70: minecraft:sandstone]" time="0"/>
  <testcase classname="org.bukkit.BlockDataConversionTest" name="testNotNull[71: minecraft:chiseled_sandstone]" time="0"/>
  <testcase classname="org.bukkit.BlockDataConversionTest" name="testNotNull[72: minecraft:cut_sandstone]" time="0"/>
  <testcase classname="org.bukkit.BlockDataConversionTest" name="testNotNull[73: minecraft:note_block[instrument=harp,note=0,powered=false]]" time="0.001"/>
  <testcase classname="org.bukkit.BlockDataConversionTest" name="testNotNull[74: minecraft:white_bed[facing=north,occupied=false,part=foot]]" time="0.002"/>
  <testcase classname="org.bukkit.BlockDataConversionTest" name="testNotNull[75: minecraft:orange_bed[facing=north,occupied=false,part=foot]]" time="0"/>
  <testcase classname="org.bukkit.BlockDataConversionTest" name="testNotNull[76: minecraft:magenta_bed[facing=north,occupied=false,part=foot]]" time="0"/>
  <testcase classname="org.bukkit.BlockDataConversionTest" name="testNotNull[77: minecraft:light_blue_bed[facing=north,occupied=false,part=foot]]" time="0.001"/>
  <testcase classname="org.bukkit.BlockDataConversionTest" name="testNotNull[78: minecraft:yellow_bed[facing=north,occupied=false,part=foot]]" time="0"/>
  <testcase classname="org.bukkit.BlockDataConversionTest" name="testNotNull[79: minecraft:lime_bed[facing=north,occupied=false,part=foot]]" time="0"/>
  <testcase classname="org.bukkit.BlockDataConversionTest" name="testNotNull[80: minecraft:pink_bed[facing=north,occupied=false,part=foot]]" time="0"/>
  <testcase classname="org.bukkit.BlockDataConversionTest" name="testNotNull[81: minecraft:gray_bed[facing=north,occupied=false,part=foot]]" time="0.001"/>
  <testcase classname="org.bukkit.BlockDataConversionTest" name="testNotNull[82: minecraft:light_gray_bed[facing=north,occupied=false,part=foot]]" time="0"/>
  <testcase classname="org.bukkit.BlockDataConversionTest" name="testNotNull[83: minecraft:cyan_bed[facing=north,occupied=false,part=foot]]" time="0"/>
  <testcase classname="org.bukkit.BlockDataConversionTest" name="testNotNull[84: minecraft:purple_bed[facing=north,occupied=false,part=foot]]" time="0"/>
  <testcase classname="org.bukkit.BlockDataConversionTest" name="testNotNull[85: minecraft:blue_bed[facing=north,occupied=false,part=foot]]" time="0"/>
  <testcase classname="org.bukkit.BlockDataConversionTest" name="testNotNull[86: minecraft:brown_bed[facing=north,occupied=false,part=foot]]" time="0"/>
  <testcase classname="org.bukkit.BlockDataConversionTest" name="testNotNull[87: minecraft:green_bed[facing=north,occupied=false,part=foot]]" time="0"/>
  <testcase classname="org.bukkit.BlockDataConversionTest" name="testNotNull[88: minecraft:red_bed[facing=north,occupied=false,part=foot]]" time="0"/>
  <testcase classname="org.bukkit.BlockDataConversionTest" name="testNotNull[89: minecraft:black_bed[facing=north,occupied=false,part=foot]]" time="0"/>
  <testcase classname="org.bukkit.BlockDataConversionTest" name="testNotNull[90: minecraft:powered_rail[powered=false,shape=north_south]]" time="0.001"/>
  <testcase classname="org.bukkit.BlockDataConversionTest" name="testNotNull[91: minecraft:detector_rail[powered=false,shape=north_south]]" time="0.001"/>
  <testcase classname="org.bukkit.BlockDataConversionTest" name="testNotNull[92: minecraft:sticky_piston[extended=false,facing=north]]" time="0.001"/>
  <testcase classname="org.bukkit.BlockDataConversionTest" name="testNotNull[93: minecraft:cobweb]" time="0"/>
  <testcase classname="org.bukkit.BlockDataConversionTest" name="testNotNull[94: minecraft:grass]" time="0"/>
  <testcase classname="org.bukkit.BlockDataConversionTest" name="testNotNull[95: minecraft:fern]" time="0"/>
  <testcase classname="org.bukkit.BlockDataConversionTest" name="testNotNull[96: minecraft:dead_bush]" time="0"/>
  <testcase classname="org.bukkit.BlockDataConversionTest" name="testNotNull[97: minecraft:seagrass]" time="0"/>
  <testcase classname="org.bukkit.BlockDataConversionTest" name="testNotNull[98: minecraft:tall_seagrass[half=lower]]" time="0.001"/>
  <testcase classname="org.bukkit.BlockDataConversionTest" name="testNotNull[99: minecraft:piston[extended=false,facing=north]]" time="0"/>
  <testcase classname="org.bukkit.BlockDataConversionTest" name="testNotNull[100: minecraft:piston_head[facing=north,short=false,type=normal]]" time="0.001"/>
  <testcase classname="org.bukkit.BlockDataConversionTest" name="testNotNull[101: minecraft:white_wool]" time="0"/>
  <testcase classname="org.bukkit.BlockDataConversionTest" name="testNotNull[102: minecraft:orange_wool]" time="0"/>
  <testcase classname="org.bukkit.BlockDataConversionTest" name="testNotNull[103: minecraft:magenta_wool]" time="0"/>
  <testcase classname="org.bukkit.BlockDataConversionTest" name="testNotNull[104: minecraft:light_blue_wool]" time="0.001"/>
  <testcase classname="org.bukkit.BlockDataConversionTest" name="testNotNull[105: minecraft:yellow_wool]" time="0"/>
  <testcase classname="org.bukkit.BlockDataConversionTest" name="testNotNull[106: minecraft:lime_wool]" time="0"/>
  <testcase classname="org.bukkit.BlockDataConversionTest" name="testNotNull[107: minecraft:pink_wool]" time="0"/>
  <testcase classname="org.bukkit.BlockDataConversionTest" name="testNotNull[108: minecraft:gray_wool]" time="0"/>
  <testcase classname="org.bukkit.BlockDataConversionTest" name="testNotNull[109: minecraft:light_gray_wool]" time="0"/>
  <testcase classname="org.bukkit.BlockDataConversionTest" name="testNotNull[110: minecraft:cyan_wool]" time="0"/>
  <testcase classname="org.bukkit.BlockDataConversionTest" name="testNotNull[111: minecraft:purple_wool]" time="0"/>
  <testcase classname="org.bukkit.BlockDataConversionTest" name="testNotNull[112: minecraft:blue_wool]" time="0"/>
  <testcase classname="org.bukkit.BlockDataConversionTest" name="testNotNull[113: minecraft:brown_wool]" time="0.001"/>
  <testcase classname="org.bukkit.BlockDataConversionTest" name="testNotNull[114: minecraft:green_wool]" time="0"/>
  <testcase classname="org.bukkit.BlockDataConversionTest" name="testNotNull[115: minecraft:red_wool]" time="0"/>
  <testcase classname="org.bukkit.BlockDataConversionTest" name="testNotNull[116: minecraft:black_wool]" time="0"/>
  <testcase classname="org.bukkit.BlockDataConversionTest" name="testNotNull[117: minecraft:moving_piston[facing=north,type=normal]]" time="0.001"/>
  <testcase classname="org.bukkit.BlockDataConversionTest" name="testNotNull[118: minecraft:dandelion]" time="0.001"/>
  <testcase classname="org.bukkit.BlockDataConversionTest" name="testNotNull[119: minecraft:poppy]" time="0"/>
  <testcase classname="org.bukkit.BlockDataConversionTest" name="testNotNull[120: minecraft:blue_orchid]" time="0"/>
  <testcase classname="org.bukkit.BlockDataConversionTest" name="testNotNull[121: minecraft:allium]" time="0"/>
  <testcase classname="org.bukkit.BlockDataConversionTest" name="testNotNull[122: minecraft:azure_bluet]" time="0"/>
  <testcase classname="org.bukkit.BlockDataConversionTest" name="testNotNull[123: minecraft:red_tulip]" time="0"/>
  <testcase classname="org.bukkit.BlockDataConversionTest" name="testNotNull[124: minecraft:orange_tulip]" time="0"/>
  <testcase classname="org.bukkit.BlockDataConversionTest" name="testNotNull[125: minecraft:white_tulip]" time="0"/>
  <testcase classname="org.bukkit.BlockDataConversionTest" name="testNotNull[126: minecraft:pink_tulip]" time="0"/>
  <testcase classname="org.bukkit.BlockDataConversionTest" name="testNotNull[127: minecraft:oxeye_daisy]" time="0.001"/>
  <testcase classname="org.bukkit.BlockDataConversionTest" name="testNotNull[128: minecraft:brown_mushroom]" time="0"/>
  <testcase classname="org.bukkit.BlockDataConversionTest" name="testNotNull[129: minecraft:red_mushroom]" time="0"/>
  <testcase classname="org.bukkit.BlockDataConversionTest" name="testNotNull[130: minecraft:gold_block]" time="0"/>
  <testcase classname="org.bukkit.BlockDataConversionTest" name="testNotNull[131: minecraft:iron_block]" time="0"/>
  <testcase classname="org.bukkit.BlockDataConversionTest" name="testNotNull[132: minecraft:bricks]" time="0"/>
  <testcase classname="org.bukkit.BlockDataConversionTest" name="testNotNull[133: minecraft:tnt[unstable=false]]" time="0"/>
  <testcase classname="org.bukkit.BlockDataConversionTest" name="testNotNull[134: minecraft:bookshelf]" time="0"/>
  <testcase classname="org.bukkit.BlockDataConversionTest" name="testNotNull[135: minecraft:mossy_cobblestone]" time="0"/>
  <testcase classname="org.bukkit.BlockDataConversionTest" name="testNotNull[136: minecraft:obsidian]" time="0"/>
  <testcase classname="org.bukkit.BlockDataConversionTest" name="testNotNull[137: minecraft:torch]" time="0"/>
  <testcase classname="org.bukkit.BlockDataConversionTest" name="testNotNull[138: minecraft:wall_torch[facing=north]]" time="0"/>
  <testcase classname="org.bukkit.BlockDataConversionTest" name="testNotNull[139: minecraft:fire[age=0,east=false,north=false,south=false,up=false,west=false]]" time="0.002"/>
  <testcase classname="org.bukkit.BlockDataConversionTest" name="testNotNull[140: minecraft:spawner]" time="0"/>
  <testcase classname="org.bukkit.BlockDataConversionTest" name="testNotNull[141: minecraft:oak_stairs[facing=north,half=bottom,shape=straight,waterlogged=false]]" time="0.001"/>
  <testcase classname="org.bukkit.BlockDataConversionTest" name="testNotNull[142: minecraft:chest[facing=north,type=single,waterlogged=false]]" time="0"/>
  <testcase classname="org.bukkit.BlockDataConversionTest" name="testNotNull[143: minecraft:redstone_wire[east=none,north=none,power=0,south=none,west=none]]" time="0.001"/>
  <testcase classname="org.bukkit.BlockDataConversionTest" name="testNotNull[144: minecraft:diamond_ore]" time="0"/>
  <testcase classname="org.bukkit.BlockDataConversionTest" name="testNotNull[145: minecraft:diamond_block]" time="0"/>
  <testcase classname="org.bukkit.BlockDataConversionTest" name="testNotNull[146: minecraft:crafting_table]" time="0"/>
  <testcase classname="org.bukkit.BlockDataConversionTest" name="testNotNull[147: minecraft:wheat[age=0]]" time="0.001"/>
  <testcase classname="org.bukkit.BlockDataConversionTest" name="testNotNull[148: minecraft:farmland[moisture=0]]" time="0.001"/>
  <testcase classname="org.bukkit.BlockDataConversionTest" name="testNotNull[149: minecraft:furnace[facing=north,lit=false]]" time="0.001"/>
  <testcase classname="org.bukkit.BlockDataConversionTest" name="testNotNull[150: minecraft:sign[rotation=0,waterlogged=false]]" time="0.001"/>
  <testcase classname="org.bukkit.BlockDataConversionTest" name="testNotNull[151: minecraft:oak_door[facing=north,half=lower,hinge=left,open=false,powered=false]]" time="0.002"/>
  <testcase classname="org.bukkit.BlockDataConversionTest" name="testNotNull[152: minecraft:ladder[facing=north,waterlogged=false]]" time="0.001"/>
  <testcase classname="org.bukkit.BlockDataConversionTest" name="testNotNull[153: minecraft:rail[shape=north_south]]" time="0.001"/>
  <testcase classname="org.bukkit.BlockDataConversionTest" name="testNotNull[154: minecraft:cobblestone_stairs[facing=north,half=bottom,shape=straight,waterlogged=false]]" time="0"/>
  <testcase classname="org.bukkit.BlockDataConversionTest" name="testNotNull[155: minecraft:wall_sign[facing=north,waterlogged=false]]" time="0.001"/>
  <testcase classname="org.bukkit.BlockDataConversionTest" name="testNotNull[156: minecraft:lever[face=wall,facing=north,powered=false]]" time="0.001"/>
  <testcase classname="org.bukkit.BlockDataConversionTest" name="testNotNull[157: minecraft:stone_pressure_plate[powered=false]]" time="0"/>
  <testcase classname="org.bukkit.BlockDataConversionTest" name="testNotNull[158: minecraft:iron_door[facing=north,half=lower,hinge=left,open=false,powered=false]]" time="0"/>
  <testcase classname="org.bukkit.BlockDataConversionTest" name="testNotNull[159: minecraft:oak_pressure_plate[powered=false]]" time="0"/>
  <testcase classname="org.bukkit.BlockDataConversionTest" name="testNotNull[160: minecraft:spruce_pressure_plate[powered=false]]" time="0"/>
  <testcase classname="org.bukkit.BlockDataConversionTest" name="testNotNull[161: minecraft:birch_pressure_plate[powered=false]]" time="0"/>
  <testcase classname="org.bukkit.BlockDataConversionTest" name="testNotNull[162: minecraft:jungle_pressure_plate[powered=false]]" time="0"/>
  <testcase classname="org.bukkit.BlockDataConversionTest" name="testNotNull[163: minecraft:acacia_pressure_plate[powered=false]]" time="0"/>
  <testcase classname="org.bukkit.BlockDataConversionTest" name="testNotNull[164: minecraft:dark_oak_pressure_plate[powered=false]]" time="0"/>
  <testcase classname="org.bukkit.BlockDataConversionTest" name="testNotNull[165: minecraft:redstone_ore[lit=false]]" time="0.001"/>
  <testcase classname="org.bukkit.BlockDataConversionTest" name="testNotNull[166: minecraft:redstone_torch[lit=true]]" time="0.001"/>
  <testcase classname="org.bukkit.BlockDataConversionTest" name="testNotNull[167: minecraft:redstone_wall_torch[facing=north,lit=true]]" time="0.001"/>
  <testcase classname="org.bukkit.BlockDataConversionTest" name="testNotNull[168: minecraft:stone_button[face=wall,facing=north,powered=false]]" time="0.001"/>
  <testcase classname="org.bukkit.BlockDataConversionTest" name="testNotNull[169: minecraft:snow[layers=1]]" time="0.001"/>
  <testcase classname="org.bukkit.BlockDataConversionTest" name="testNotNull[170: minecraft:ice]" time="0"/>
  <testcase classname="org.bukkit.BlockDataConversionTest" name="testNotNull[171: minecraft:snow_block]" time="0"/>
  <testcase classname="org.bukkit.BlockDataConversionTest" name="testNotNull[172: minecraft:cactus[age=0]]" time="0"/>
  <testcase classname="org.bukkit.BlockDataConversionTest" name="testNotNull[173: minecraft:clay]" time="0.001"/>
  <testcase classname="org.bukkit.BlockDataConversionTest" name="testNotNull[174: minecraft:sugar_cane[age=0]]" time="0"/>
  <testcase classname="org.bukkit.BlockDataConversionTest" name="testNotNull[175: minecraft:jukebox[has_record=false]]" time="0.001"/>
  <testcase classname="org.bukkit.BlockDataConversionTest" name="testNotNull[176: minecraft:oak_fence[east=false,north=false,south=false,waterlogged=false,west=false]]" time="0.002"/>
  <testcase classname="org.bukkit.BlockDataConversionTest" name="testNotNull[177: minecraft:pumpkin]" time="0.001"/>
  <testcase classname="org.bukkit.BlockDataConversionTest" name="testNotNull[178: minecraft:netherrack]" time="0"/>
  <testcase classname="org.bukkit.BlockDataConversionTest" name="testNotNull[179: minecraft:soul_sand]" time="0"/>
  <testcase classname="org.bukkit.BlockDataConversionTest" name="testNotNull[180: minecraft:glowstone]" time="0"/>
  <testcase classname="org.bukkit.BlockDataConversionTest" name="testNotNull[181: minecraft:nether_portal[axis=x]]" time="0.001"/>
  <testcase classname="org.bukkit.BlockDataConversionTest" name="testNotNull[182: minecraft:carved_pumpkin[facing=north]]" time="0.001"/>
  <testcase classname="org.bukkit.BlockDataConversionTest" name="testNotNull[183: minecraft:jack_o_lantern[facing=north]]" time="0"/>
  <testcase classname="org.bukkit.BlockDataConversionTest" name="testNotNull[184: minecraft:cake[bites=0]]" time="0"/>
  <testcase classname="org.bukkit.BlockDataConversionTest" name="testNotNull[185: minecraft:repeater[delay=1,facing=north,locked=false,powered=false]]" time="0.001"/>
  <testcase classname="org.bukkit.BlockDataConversionTest" name="testNotNull[186: minecraft:white_stained_glass]" time="0"/>
  <testcase classname="org.bukkit.BlockDataConversionTest" name="testNotNull[187: minecraft:orange_stained_glass]" time="0"/>
  <testcase classname="org.bukkit.BlockDataConversionTest" name="testNotNull[188: minecraft:magenta_stained_glass]" time="0"/>
  <testcase classname="org.bukkit.BlockDataConversionTest" name="testNotNull[189: minecraft:light_blue_stained_glass]" time="0"/>
  <testcase classname="org.bukkit.BlockDataConversionTest" name="testNotNull[190: minecraft:yellow_stained_glass]" time="0"/>
  <testcase classname="org.bukkit.BlockDataConversionTest" name="testNotNull[191: minecraft:lime_stained_glass]" time="0"/>
  <testcase classname="org.bukkit.BlockDataConversionTest" name="testNotNull[192: minecraft:pink_stained_glass]" time="0.001"/>
  <testcase classname="org.bukkit.BlockDataConversionTest" name="testNotNull[193: minecraft:gray_stained_glass]" time="0"/>
  <testcase classname="org.bukkit.BlockDataConversionTest" name="testNotNull[194: minecraft:light_gray_stained_glass]" time="0"/>
  <testcase classname="org.bukkit.BlockDataConversionTest" name="testNotNull[195: minecraft:cyan_stained_glass]" time="0"/>
  <testcase classname="org.bukkit.BlockDataConversionTest" name="testNotNull[196: minecraft:purple_stained_glass]" time="0"/>
  <testcase classname="org.bukkit.BlockDataConversionTest" name="testNotNull[197: minecraft:blue_stained_glass]" time="0"/>
  <testcase classname="org.bukkit.BlockDataConversionTest" name="testNotNull[198: minecraft:brown_stained_glass]" time="0"/>
  <testcase classname="org.bukkit.BlockDataConversionTest" name="testNotNull[199: minecraft:green_stained_glass]" time="0"/>
  <testcase classname="org.bukkit.BlockDataConversionTest" name="testNotNull[200: minecraft:red_stained_glass]" time="0"/>
  <testcase classname="org.bukkit.BlockDataConversionTest" name="testNotNull[201: minecraft:black_stained_glass]" time="0.001"/>
  <testcase classname="org.bukkit.BlockDataConversionTest" name="testNotNull[202: minecraft:oak_trapdoor[facing=north,half=bottom,open=false,powered=false,waterlogged=false]]" time="0.001"/>
  <testcase classname="org.bukkit.BlockDataConversionTest" name="testNotNull[203: minecraft:spruce_trapdoor[facing=north,half=bottom,open=false,powered=false,waterlogged=false]]" time="0"/>
  <testcase classname="org.bukkit.BlockDataConversionTest" name="testNotNull[204: minecraft:birch_trapdoor[facing=north,half=bottom,open=false,powered=false,waterlogged=false]]" time="0"/>
  <testcase classname="org.bukkit.BlockDataConversionTest" name="testNotNull[205: minecraft:jungle_trapdoor[facing=north,half=bottom,open=false,powered=false,waterlogged=false]]" time="0"/>
  <testcase classname="org.bukkit.BlockDataConversionTest" name="testNotNull[206: minecraft:acacia_trapdoor[facing=north,half=bottom,open=false,powered=false,waterlogged=false]]" time="0"/>
  <testcase classname="org.bukkit.BlockDataConversionTest" name="testNotNull[207: minecraft:dark_oak_trapdoor[facing=north,half=bottom,open=false,powered=false,waterlogged=false]]" time="0"/>
  <testcase classname="org.bukkit.BlockDataConversionTest" name="testNotNull[208: minecraft:infested_stone]" time="0"/>
  <testcase classname="org.bukkit.BlockDataConversionTest" name="testNotNull[209: minecraft:infested_cobblestone]" time="0.001"/>
  <testcase classname="org.bukkit.BlockDataConversionTest" name="testNotNull[210: minecraft:infested_stone_bricks]" time="0"/>
  <testcase classname="org.bukkit.BlockDataConversionTest" name="testNotNull[211: minecraft:infested_mossy_stone_bricks]" time="0"/>
  <testcase classname="org.bukkit.BlockDataConversionTest" name="testNotNull[212: minecraft:infested_cracked_stone_bricks]" time="0"/>
  <testcase classname="org.bukkit.BlockDataConversionTest" name="testNotNull[213: minecraft:infested_chiseled_stone_bricks]" time="0"/>
  <testcase classname="org.bukkit.BlockDataConversionTest" name="testNotNull[214: minecraft:stone_bricks]" time="0"/>
  <testcase classname="org.bukkit.BlockDataConversionTest" name="testNotNull[215: minecraft:mossy_stone_bricks]" time="0"/>
  <testcase classname="org.bukkit.BlockDataConversionTest" name="testNotNull[216: minecraft:cracked_stone_bricks]" time="0"/>
  <testcase classname="org.bukkit.BlockDataConversionTest" name="testNotNull[217: minecraft:chiseled_stone_bricks]" time="0"/>
  <testcase classname="org.bukkit.BlockDataConversionTest" name="testNotNull[218: minecraft:brown_mushroom_block[down=true,east=true,north=true,south=true,up=true,west=true]]" time="0.001"/>
  <testcase classname="org.bukkit.BlockDataConversionTest" name="testNotNull[219: minecraft:red_mushroom_block[down=true,east=true,north=true,south=true,up=true,west=true]]" time="0.001"/>
  <testcase classname="org.bukkit.BlockDataConversionTest" name="testNotNull[220: minecraft:mushroom_stem[down=true,east=true,north=true,south=true,up=true,west=true]]" time="0"/>
  <testcase classname="org.bukkit.BlockDataConversionTest" name="testNotNull[221: minecraft:iron_bars[east=false,north=false,south=false,waterlogged=false,west=false]]" time="0.002"/>
  <testcase classname="org.bukkit.BlockDataConversionTest" name="testNotNull[222: minecraft:glass_pane[east=false,north=false,south=false,waterlogged=false,west=false]]" time="0.002"/>
  <testcase classname="org.bukkit.BlockDataConversionTest" name="testNotNull[223: minecraft:melon]" time="0"/>
  <testcase classname="org.bukkit.BlockDataConversionTest" name="testNotNull[224: minecraft:attached_pumpkin_stem[facing=north]]" time="0.001"/>
  <testcase classname="org.bukkit.BlockDataConversionTest" name="testNotNull[225: minecraft:attached_melon_stem[facing=north]]" time="0"/>
  <testcase classname="org.bukkit.BlockDataConversionTest" name="testNotNull[226: minecraft:pumpkin_stem[age=0]]" time="0"/>
  <testcase classname="org.bukkit.BlockDataConversionTest" name="testNotNull[227: minecraft:melon_stem[age=0]]" time="0"/>
  <testcase classname="org.bukkit.BlockDataConversionTest" name="testNotNull[228: minecraft:vine[east=false,north=false,south=false,up=false,west=false]]" time="0.001"/>
  <testcase classname="org.bukkit.BlockDataConversionTest" name="testNotNull[229: minecraft:oak_fence_gate[facing=north,in_wall=false,open=false,powered=false]]" time="0.002"/>
  <testcase classname="org.bukkit.BlockDataConversionTest" name="testNotNull[230: minecraft:brick_stairs[facing=north,half=bottom,shape=straight,waterlogged=false]]" time="0"/>
  <testcase classname="org.bukkit.BlockDataConversionTest" name="testNotNull[231: minecraft:stone_brick_stairs[facing=north,half=bottom,shape=straight,waterlogged=false]]" time="0"/>
  <testcase classname="org.bukkit.BlockDataConversionTest" name="testNotNull[232: minecraft:mycelium[snowy=false]]" time="0"/>
  <testcase classname="org.bukkit.BlockDataConversionTest" name="testNotNull[233: minecraft:lily_pad]" time="0"/>
  <testcase classname="org.bukkit.BlockDataConversionTest" name="testNotNull[234: minecraft:nether_bricks]" time="0"/>
  <testcase classname="org.bukkit.BlockDataConversionTest" name="testNotNull[235: minecraft:nether_brick_fence[east=false,north=false,south=false,waterlogged=false,west=false]]" time="0"/>
  <testcase classname="org.bukkit.BlockDataConversionTest" name="testNotNull[236: minecraft:nether_brick_stairs[facing=north,half=bottom,shape=straight,waterlogged=false]]" time="0"/>
  <testcase classname="org.bukkit.BlockDataConversionTest" name="testNotNull[237: minecraft:nether_wart[age=0]]" time="0.001"/>
  <testcase classname="org.bukkit.BlockDataConversionTest" name="testNotNull[238: minecraft:enchanting_table]" time="0"/>
  <testcase classname="org.bukkit.BlockDataConversionTest" name="testNotNull[239: minecraft:brewing_stand[has_bottle_0=false,has_bottle_1=false,has_bottle_2=false]]" time="0.001"/>
  <testcase classname="org.bukkit.BlockDataConversionTest" name="testNotNull[240: minecraft:cauldron[level=0]]" time="0"/>
  <testcase classname="org.bukkit.BlockDataConversionTest" name="testNotNull[241: minecraft:end_portal]" time="0"/>
  <testcase classname="org.bukkit.BlockDataConversionTest" name="testNotNull[242: minecraft:end_portal_frame[eye=false,facing=north]]" time="0.001"/>
  <testcase classname="org.bukkit.BlockDataConversionTest" name="testNotNull[243: minecraft:end_stone]" time="0"/>
  <testcase classname="org.bukkit.BlockDataConversionTest" name="testNotNull[244: minecraft:dragon_egg]" time="0"/>
  <testcase classname="org.bukkit.BlockDataConversionTest" name="testNotNull[245: minecraft:redstone_lamp[lit=false]]" time="0.001"/>
  <testcase classname="org.bukkit.BlockDataConversionTest" name="testNotNull[246: minecraft:cocoa[age=0,facing=north]]" time="0.001"/>
  <testcase classname="org.bukkit.BlockDataConversionTest" name="testNotNull[247: minecraft:sandstone_stairs[facing=north,half=bottom,shape=straight,waterlogged=false]]" time="0"/>
  <testcase classname="org.bukkit.BlockDataConversionTest" name="testNotNull[248: minecraft:emerald_ore]" time="0"/>
  <testcase classname="org.bukkit.BlockDataConversionTest" name="testNotNull[249: minecraft:ender_chest[facing=north,waterlogged=false]]" time="0.001"/>
  <testcase classname="org.bukkit.BlockDataConversionTest" name="testNotNull[250: minecraft:tripwire_hook[attached=false,facing=north,powered=false]]" time="0.001"/>
  <testcase classname="org.bukkit.BlockDataConversionTest" name="testNotNull[251: minecraft:tripwire[attached=false,disarmed=false,east=false,north=false,powered=false,south=false,west=false]]" time="0.002"/>
  <testcase classname="org.bukkit.BlockDataConversionTest" name="testNotNull[252: minecraft:emerald_block]" time="0"/>
  <testcase classname="org.bukkit.BlockDataConversionTest" name="testNotNull[253: minecraft:spruce_stairs[facing=north,half=bottom,shape=straight,waterlogged=false]]" time="0"/>
  <testcase classname="org.bukkit.BlockDataConversionTest" name="testNotNull[254: minecraft:birch_stairs[facing=north,half=bottom,shape=straight,waterlogged=false]]" time="0"/>
  <testcase classname="org.bukkit.BlockDataConversionTest" name="testNotNull[255: minecraft:jungle_stairs[facing=north,half=bottom,shape=straight,waterlogged=false]]" time="0.001"/>
  <testcase classname="org.bukkit.BlockDataConversionTest" name="testNotNull[256: minecraft:command_block[conditional=false,facing=north]]" time="0.001"/>
  <testcase classname="org.bukkit.BlockDataConversionTest" name="testNotNull[257: minecraft:beacon]" time="0"/>
  <testcase classname="org.bukkit.BlockDataConversionTest" name="testNotNull[258: minecraft:cobblestone_wall[east=false,north=false,south=false,up=true,waterlogged=false,west=false]]" time="0.002"/>
  <testcase classname="org.bukkit.BlockDataConversionTest" name="testNotNull[259: minecraft:mossy_cobblestone_wall[east=false,north=false,south=false,up=true,waterlogged=false,west=false]]" time="0"/>
  <testcase classname="org.bukkit.BlockDataConversionTest" name="testNotNull[260: minecraft:flower_pot]" time="0"/>
  <testcase classname="org.bukkit.BlockDataConversionTest" name="testNotNull[261: minecraft:potted_oak_sapling]" time="0"/>
  <testcase classname="org.bukkit.BlockDataConversionTest" name="testNotNull[262: minecraft:potted_spruce_sapling]" time="0"/>
  <testcase classname="org.bukkit.BlockDataConversionTest" name="testNotNull[263: minecraft:potted_birch_sapling]" time="0"/>
  <testcase classname="org.bukkit.BlockDataConversionTest" name="testNotNull[264: minecraft:potted_jungle_sapling]" time="0"/>
  <testcase classname="org.bukkit.BlockDataConversionTest" name="testNotNull[265: minecraft:potted_acacia_sapling]" time="0"/>
  <testcase classname="org.bukkit.BlockDataConversionTest" name="testNotNull[266: minecraft:potted_dark_oak_sapling]" time="0"/>
  <testcase classname="org.bukkit.BlockDataConversionTest" name="testNotNull[267: minecraft:potted_fern]" time="0.001"/>
  <testcase classname="org.bukkit.BlockDataConversionTest" name="testNotNull[268: minecraft:potted_dandelion]" time="0"/>
  <testcase classname="org.bukkit.BlockDataConversionTest" name="testNotNull[269: minecraft:potted_poppy]" time="0"/>
  <testcase classname="org.bukkit.BlockDataConversionTest" name="testNotNull[270: minecraft:potted_blue_orchid]" time="0"/>
  <testcase classname="org.bukkit.BlockDataConversionTest" name="testNotNull[271: minecraft:potted_allium]" time="0"/>
  <testcase classname="org.bukkit.BlockDataConversionTest" name="testNotNull[272: minecraft:potted_azure_bluet]" time="0"/>
  <testcase classname="org.bukkit.BlockDataConversionTest" name="testNotNull[273: minecraft:potted_red_tulip]" time="0"/>
  <testcase classname="org.bukkit.BlockDataConversionTest" name="testNotNull[274: minecraft:potted_orange_tulip]" time="0"/>
  <testcase classname="org.bukkit.BlockDataConversionTest" name="testNotNull[275: minecraft:potted_white_tulip]" time="0"/>
  <testcase classname="org.bukkit.BlockDataConversionTest" name="testNotNull[276: minecraft:potted_pink_tulip]" time="0.001"/>
  <testcase classname="org.bukkit.BlockDataConversionTest" name="testNotNull[277: minecraft:potted_oxeye_daisy]" time="0"/>
  <testcase classname="org.bukkit.BlockDataConversionTest" name="testNotNull[278: minecraft:potted_red_mushroom]" time="0"/>
  <testcase classname="org.bukkit.BlockDataConversionTest" name="testNotNull[279: minecraft:potted_brown_mushroom]" time="0"/>
  <testcase classname="org.bukkit.BlockDataConversionTest" name="testNotNull[280: minecraft:potted_dead_bush]" time="0"/>
  <testcase classname="org.bukkit.BlockDataConversionTest" name="testNotNull[281: minecraft:potted_cactus]" time="0"/>
  <testcase classname="org.bukkit.BlockDataConversionTest" name="testNotNull[282: minecraft:carrots[age=0]]" time="0"/>
  <testcase classname="org.bukkit.BlockDataConversionTest" name="testNotNull[283: minecraft:potatoes[age=0]]" time="0"/>
  <testcase classname="org.bukkit.BlockDataConversionTest" name="testNotNull[284: minecraft:oak_button[face=wall,facing=north,powered=false]]" time="0.001"/>
  <testcase classname="org.bukkit.BlockDataConversionTest" name="testNotNull[285: minecraft:spruce_button[face=wall,facing=north,powered=false]]" time="0"/>
  <testcase classname="org.bukkit.BlockDataConversionTest" name="testNotNull[286: minecraft:birch_button[face=wall,facing=north,powered=false]]" time="0"/>
  <testcase classname="org.bukkit.BlockDataConversionTest" name="testNotNull[287: minecraft:jungle_button[face=wall,facing=north,powered=false]]" time="0"/>
  <testcase classname="org.bukkit.BlockDataConversionTest" name="testNotNull[288: minecraft:acacia_button[face=wall,facing=north,powered=false]]" time="0"/>
  <testcase classname="org.bukkit.BlockDataConversionTest" name="testNotNull[289: minecraft:dark_oak_button[face=wall,facing=north,powered=false]]" time="0"/>
  <testcase classname="org.bukkit.BlockDataConversionTest" name="testNotNull[290: minecraft:skeleton_wall_skull[facing=north]]" time="0.001"/>
  <testcase classname="org.bukkit.BlockDataConversionTest" name="testNotNull[291: minecraft:skeleton_skull[rotation=0]]" time="0"/>
  <testcase classname="org.bukkit.BlockDataConversionTest" name="testNotNull[292: minecraft:wither_skeleton_wall_skull[facing=north]]" time="0"/>
  <testcase classname="org.bukkit.BlockDataConversionTest" name="testNotNull[293: minecraft:wither_skeleton_skull[rotation=0]]" time="0.001"/>
  <testcase classname="org.bukkit.BlockDataConversionTest" name="testNotNull[294: minecraft:zombie_wall_head[facing=north]]" time="0"/>
  <testcase classname="org.bukkit.BlockDataConversionTest" name="testNotNull[295: minecraft:zombie_head[rotation=0]]" time="0.001"/>
  <testcase classname="org.bukkit.BlockDataConversionTest" name="testNotNull[296: minecraft:player_wall_head[facing=north]]" time="0"/>
  <testcase classname="org.bukkit.BlockDataConversionTest" name="testNotNull[297: minecraft:player_head[rotation=0]]" time="0.001"/>
  <testcase classname="org.bukkit.BlockDataConversionTest" name="testNotNull[298: minecraft:creeper_wall_head[facing=north]]" time="0"/>
  <testcase classname="org.bukkit.BlockDataConversionTest" name="testNotNull[299: minecraft:creeper_head[rotation=0]]" time="0.001"/>
  <testcase classname="org.bukkit.BlockDataConversionTest" name="testNotNull[300: minecraft:dragon_wall_head[facing=north]]" time="0"/>
  <testcase classname="org.bukkit.BlockDataConversionTest" name="testNotNull[301: minecraft:dragon_head[rotation=0]]" time="0"/>
  <testcase classname="org.bukkit.BlockDataConversionTest" name="testNotNull[302: minecraft:anvil[facing=north]]" time="0.001"/>
  <testcase classname="org.bukkit.BlockDataConversionTest" name="testNotNull[303: minecraft:chipped_anvil[facing=north]]" time="0"/>
  <testcase classname="org.bukkit.BlockDataConversionTest" name="testNotNull[304: minecraft:damaged_anvil[facing=north]]" time="0"/>
  <testcase classname="org.bukkit.BlockDataConversionTest" name="testNotNull[305: minecraft:trapped_chest[facing=north,type=single,waterlogged=false]]" time="0"/>
  <testcase classname="org.bukkit.BlockDataConversionTest" name="testNotNull[306: minecraft:light_weighted_pressure_plate[power=0]]" time="0"/>
  <testcase classname="org.bukkit.BlockDataConversionTest" name="testNotNull[307: minecraft:heavy_weighted_pressure_plate[power=0]]" time="0"/>
  <testcase classname="org.bukkit.BlockDataConversionTest" name="testNotNull[308: minecraft:comparator[facing=north,mode=compare,powered=false]]" time="0.001"/>
  <testcase classname="org.bukkit.BlockDataConversionTest" name="testNotNull[309: minecraft:daylight_detector[inverted=false,power=0]]" time="0.001"/>
  <testcase classname="org.bukkit.BlockDataConversionTest" name="testNotNull[310: minecraft:redstone_block]" time="0"/>
  <testcase classname="org.bukkit.BlockDataConversionTest" name="testNotNull[311: minecraft:nether_quartz_ore]" time="0"/>
  <testcase classname="org.bukkit.BlockDataConversionTest" name="testNotNull[312: minecraft:hopper[enabled=true,facing=down]]" time="0.001"/>
  <testcase classname="org.bukkit.BlockDataConversionTest" name="testNotNull[313: minecraft:quartz_block]" time="0"/>
  <testcase classname="org.bukkit.BlockDataConversionTest" name="testNotNull[314: minecraft:chiseled_quartz_block]" time="0"/>
  <testcase classname="org.bukkit.BlockDataConversionTest" name="testNotNull[315: minecraft:quartz_pillar[axis=y]]" time="0"/>
  <testcase classname="org.bukkit.BlockDataConversionTest" name="testNotNull[316: minecraft:quartz_stairs[facing=north,half=bottom,shape=straight,waterlogged=false]]" time="0"/>
  <testcase classname="org.bukkit.BlockDataConversionTest" name="testNotNull[317: minecraft:activator_rail[powered=false,shape=north_south]]" time="0"/>
  <testcase classname="org.bukkit.BlockDataConversionTest" name="testNotNull[318: minecraft:dropper[facing=north,triggered=false]]" time="0.001"/>
  <testcase classname="org.bukkit.BlockDataConversionTest" name="testNotNull[319: minecraft:white_terracotta]" time="0"/>
  <testcase classname="org.bukkit.BlockDataConversionTest" name="testNotNull[320: minecraft:orange_terracotta]" time="0.001"/>
  <testcase classname="org.bukkit.BlockDataConversionTest" name="testNotNull[321: minecraft:magenta_terracotta]" time="0"/>
  <testcase classname="org.bukkit.BlockDataConversionTest" name="testNotNull[322: minecraft:light_blue_terracotta]" time="0"/>
  <testcase classname="org.bukkit.BlockDataConversionTest" name="testNotNull[323: minecraft:yellow_terracotta]" time="0"/>
  <testcase classname="org.bukkit.BlockDataConversionTest" name="testNotNull[324: minecraft:lime_terracotta]" time="0"/>
  <testcase classname="org.bukkit.BlockDataConversionTest" name="testNotNull[325: minecraft:pink_terracotta]" time="0"/>
  <testcase classname="org.bukkit.BlockDataConversionTest" name="testNotNull[326: minecraft:gray_terracotta]" time="0"/>
  <testcase classname="org.bukkit.BlockDataConversionTest" name="testNotNull[327: minecraft:light_gray_terracotta]" time="0"/>
  <testcase classname="org.bukkit.BlockDataConversionTest" name="testNotNull[328: minecraft:cyan_terracotta]" time="0"/>
  <testcase classname="org.bukkit.BlockDataConversionTest" name="testNotNull[329: minecraft:purple_terracotta]" time="0"/>
  <testcase classname="org.bukkit.BlockDataConversionTest" name="testNotNull[330: minecraft:blue_terracotta]" time="0"/>
  <testcase classname="org.bukkit.BlockDataConversionTest" name="testNotNull[331: minecraft:brown_terracotta]" time="0"/>
  <testcase classname="org.bukkit.BlockDataConversionTest" name="testNotNull[332: minecraft:green_terracotta]" time="0"/>
  <testcase classname="org.bukkit.BlockDataConversionTest" name="testNotNull[333: minecraft:red_terracotta]" time="0.001"/>
  <testcase classname="org.bukkit.BlockDataConversionTest" name="testNotNull[334: minecraft:black_terracotta]" time="0"/>
  <testcase classname="org.bukkit.BlockDataConversionTest" name="testNotNull[335: minecraft:white_stained_glass_pane[east=false,north=false,south=false,waterlogged=false,west=false]]" time="0.002"/>
  <testcase classname="org.bukkit.BlockDataConversionTest" name="testNotNull[336: minecraft:orange_stained_glass_pane[east=false,north=false,south=false,waterlogged=false,west=false]]" time="0"/>
  <testcase classname="org.bukkit.BlockDataConversionTest" name="testNotNull[337: minecraft:magenta_stained_glass_pane[east=false,north=false,south=false,waterlogged=false,west=false]]" time="0"/>
  <testcase classname="org.bukkit.BlockDataConversionTest" name="testNotNull[338: minecraft:light_blue_stained_glass_pane[east=false,north=false,south=false,waterlogged=false,west=false]]" time="0"/>
  <testcase classname="org.bukkit.BlockDataConversionTest" name="testNotNull[339: minecraft:yellow_stained_glass_pane[east=false,north=false,south=false,waterlogged=false,west=false]]" time="0"/>
  <testcase classname="org.bukkit.BlockDataConversionTest" name="testNotNull[340: minecraft:lime_stained_glass_pane[east=false,north=false,south=false,waterlogged=false,west=false]]" time="0"/>
  <testcase classname="org.bukkit.BlockDataConversionTest" name="testNotNull[341: minecraft:pink_stained_glass_pane[east=false,north=false,south=false,waterlogged=false,west=false]]" time="0"/>
  <testcase classname="org.bukkit.BlockDataConversionTest" name="testNotNull[342: minecraft:gray_stained_glass_pane[east=false,north=false,south=false,waterlogged=false,west=false]]" time="0"/>
  <testcase classname="org.bukkit.BlockDataConversionTest" name="testNotNull[343: minecraft:light_gray_stained_glass_pane[east=false,north=false,south=false,waterlogged=false,west=false]]" time="0"/>
  <testcase classname="org.bukkit.BlockDataConversionTest" name="testNotNull[344: minecraft:cyan_stained_glass_pane[east=false,north=false,south=false,waterlogged=false,west=false]]" time="0"/>
  <testcase classname="org.bukkit.BlockDataConversionTest" name="testNotNull[345: minecraft:purple_stained_glass_pane[east=false,north=false,south=false,waterlogged=false,west=false]]" time="0"/>
  <testcase classname="org.bukkit.BlockDataConversionTest" name="testNotNull[346: minecraft:blue_stained_glass_pane[east=false,north=false,south=false,waterlogged=false,west=false]]" time="0.001"/>
  <testcase classname="org.bukkit.BlockDataConversionTest" name="testNotNull[347: minecraft:brown_stained_glass_pane[east=false,north=false,south=false,waterlogged=false,west=false]]" time="0"/>
  <testcase classname="org.bukkit.BlockDataConversionTest" name="testNotNull[348: minecraft:green_stained_glass_pane[east=false,north=false,south=false,waterlogged=false,west=false]]" time="0"/>
  <testcase classname="org.bukkit.BlockDataConversionTest" name="testNotNull[349: minecraft:red_stained_glass_pane[east=false,north=false,south=false,waterlogged=false,west=false]]" time="0"/>
  <testcase classname="org.bukkit.BlockDataConversionTest" name="testNotNull[350: minecraft:black_stained_glass_pane[east=false,north=false,south=false,waterlogged=false,west=false]]" time="0"/>
  <testcase classname="org.bukkit.BlockDataConversionTest" name="testNotNull[351: minecraft:acacia_stairs[facing=north,half=bottom,shape=straight,waterlogged=false]]" time="0"/>
  <testcase classname="org.bukkit.BlockDataConversionTest" name="testNotNull[352: minecraft:dark_oak_stairs[facing=north,half=bottom,shape=straight,waterlogged=false]]" time="0"/>
  <testcase classname="org.bukkit.BlockDataConversionTest" name="testNotNull[353: minecraft:slime_block]" time="0.001"/>
  <testcase classname="org.bukkit.BlockDataConversionTest" name="testNotNull[354: minecraft:barrier]" time="0"/>
  <testcase classname="org.bukkit.BlockDataConversionTest" name="testNotNull[355: minecraft:iron_trapdoor[facing=north,half=bottom,open=false,powered=false,waterlogged=false]]" time="0"/>
  <testcase classname="org.bukkit.BlockDataConversionTest" name="testNotNull[356: minecraft:prismarine]" time="0"/>
  <testcase classname="org.bukkit.BlockDataConversionTest" name="testNotNull[357: minecraft:prismarine_bricks]" time="0.001"/>
  <testcase classname="org.bukkit.BlockDataConversionTest" name="testNotNull[358: minecraft:dark_prismarine]" time="0"/>
  <testcase classname="org.bukkit.BlockDataConversionTest" name="testNotNull[359: minecraft:prismarine_stairs[facing=north,half=bottom,shape=straight,waterlogged=false]]" time="0"/>
  <testcase classname="org.bukkit.BlockDataConversionTest" name="testNotNull[360: minecraft:prismarine_brick_stairs[facing=north,half=bottom,shape=straight,waterlogged=false]]" time="0"/>
  <testcase classname="org.bukkit.BlockDataConversionTest" name="testNotNull[361: minecraft:dark_prismarine_stairs[facing=north,half=bottom,shape=straight,waterlogged=false]]" time="0"/>
  <testcase classname="org.bukkit.BlockDataConversionTest" name="testNotNull[362: minecraft:prismarine_slab[type=bottom,waterlogged=false]]" time="0.001"/>
  <testcase classname="org.bukkit.BlockDataConversionTest" name="testNotNull[363: minecraft:prismarine_brick_slab[type=bottom,waterlogged=false]]" time="0"/>
  <testcase classname="org.bukkit.BlockDataConversionTest" name="testNotNull[364: minecraft:dark_prismarine_slab[type=bottom,waterlogged=false]]" time="0.001"/>
  <testcase classname="org.bukkit.BlockDataConversionTest" name="testNotNull[365: minecraft:sea_lantern]" time="0"/>
  <testcase classname="org.bukkit.BlockDataConversionTest" name="testNotNull[366: minecraft:hay_block[axis=y]]" time="0.001"/>
  <testcase classname="org.bukkit.BlockDataConversionTest" name="testNotNull[367: minecraft:white_carpet]" time="0"/>
  <testcase classname="org.bukkit.BlockDataConversionTest" name="testNotNull[368: minecraft:orange_carpet]" time="0"/>
  <testcase classname="org.bukkit.BlockDataConversionTest" name="testNotNull[369: minecraft:magenta_carpet]" time="0"/>
  <testcase classname="org.bukkit.BlockDataConversionTest" name="testNotNull[370: minecraft:light_blue_carpet]" time="0.001"/>
  <testcase classname="org.bukkit.BlockDataConversionTest" name="testNotNull[371: minecraft:yellow_carpet]" time="0"/>
  <testcase classname="org.bukkit.BlockDataConversionTest" name="testNotNull[372: minecraft:lime_carpet]" time="0"/>
  <testcase classname="org.bukkit.BlockDataConversionTest" name="testNotNull[373: minecraft:pink_carpet]" time="0"/>
  <testcase classname="org.bukkit.BlockDataConversionTest" name="testNotNull[374: minecraft:gray_carpet]" time="0"/>
  <testcase classname="org.bukkit.BlockDataConversionTest" name="testNotNull[375: minecraft:light_gray_carpet]" time="0"/>
  <testcase classname="org.bukkit.BlockDataConversionTest" name="testNotNull[376: minecraft:cyan_carpet]" time="0"/>
  <testcase classname="org.bukkit.BlockDataConversionTest" name="testNotNull[377: minecraft:purple_carpet]" time="0"/>
  <testcase classname="org.bukkit.BlockDataConversionTest" name="testNotNull[378: minecraft:blue_carpet]" time="0"/>
  <testcase classname="org.bukkit.BlockDataConversionTest" name="testNotNull[379: minecraft:brown_carpet]" time="0.001"/>
  <testcase classname="org.bukkit.BlockDataConversionTest" name="testNotNull[380: minecraft:green_carpet]" time="0"/>
  <testcase classname="org.bukkit.BlockDataConversionTest" name="testNotNull[381: minecraft:red_carpet]" time="0"/>
  <testcase classname="org.bukkit.BlockDataConversionTest" name="testNotNull[382: minecraft:black_carpet]" time="0"/>
  <testcase classname="org.bukkit.BlockDataConversionTest" name="testNotNull[383: minecraft:terracotta]" time="0"/>
  <testcase classname="org.bukkit.BlockDataConversionTest" name="testNotNull[384: minecraft:coal_block]" time="0"/>
  <testcase classname="org.bukkit.BlockDataConversionTest" name="testNotNull[385: minecraft:packed_ice]" time="0"/>
  <testcase classname="org.bukkit.BlockDataConversionTest" name="testNotNull[386: minecraft:sunflower[half=lower]]" time="0.001"/>
  <testcase classname="org.bukkit.BlockDataConversionTest" name="testNotNull[387: minecraft:lilac[half=lower]]" time="0"/>
  <testcase classname="org.bukkit.BlockDataConversionTest" name="testNotNull[388: minecraft:rose_bush[half=lower]]" time="0"/>
  <testcase classname="org.bukkit.BlockDataConversionTest" name="testNotNull[389: minecraft:peony[half=lower]]" time="0"/>
  <testcase classname="org.bukkit.BlockDataConversionTest" name="testNotNull[390: minecraft:tall_grass[half=lower]]" time="0"/>
  <testcase classname="org.bukkit.BlockDataConversionTest" name="testNotNull[391: minecraft:large_fern[half=lower]]" time="0"/>
  <testcase classname="org.bukkit.BlockDataConversionTest" name="testNotNull[392: minecraft:white_banner[rotation=0]]" time="0"/>
  <testcase classname="org.bukkit.BlockDataConversionTest" name="testNotNull[393: minecraft:orange_banner[rotation=0]]" time="0"/>
  <testcase classname="org.bukkit.BlockDataConversionTest" name="testNotNull[394: minecraft:magenta_banner[rotation=0]]" time="0"/>
  <testcase classname="org.bukkit.BlockDataConversionTest" name="testNotNull[395: minecraft:light_blue_banner[rotation=0]]" time="0"/>
  <testcase classname="org.bukkit.BlockDataConversionTest" name="testNotNull[396: minecraft:yellow_banner[rotation=0]]" time="0.001"/>
  <testcase classname="org.bukkit.BlockDataConversionTest" name="testNotNull[397: minecraft:lime_banner[rotation=0]]" time="0"/>
  <testcase classname="org.bukkit.BlockDataConversionTest" name="testNotNull[398: minecraft:pink_banner[rotation=0]]" time="0"/>
  <testcase classname="org.bukkit.BlockDataConversionTest" name="testNotNull[399: minecraft:gray_banner[rotation=0]]" time="0"/>
  <testcase classname="org.bukkit.BlockDataConversionTest" name="testNotNull[400: minecraft:light_gray_banner[rotation=0]]" time="0"/>
  <testcase classname="org.bukkit.BlockDataConversionTest" name="testNotNull[401: minecraft:cyan_banner[rotation=0]]" time="0"/>
  <testcase classname="org.bukkit.BlockDataConversionTest" name="testNotNull[402: minecraft:purple_banner[rotation=0]]" time="0"/>
  <testcase classname="org.bukkit.BlockDataConversionTest" name="testNotNull[403: minecraft:blue_banner[rotation=0]]" time="0"/>
  <testcase classname="org.bukkit.BlockDataConversionTest" name="testNotNull[404: minecraft:brown_banner[rotation=0]]" time="0"/>
  <testcase classname="org.bukkit.BlockDataConversionTest" name="testNotNull[405: minecraft:green_banner[rotation=0]]" time="0"/>
  <testcase classname="org.bukkit.BlockDataConversionTest" name="testNotNull[406: minecraft:red_banner[rotation=0]]" time="0"/>
  <testcase classname="org.bukkit.BlockDataConversionTest" name="testNotNull[407: minecraft:black_banner[rotation=0]]" time="0"/>
  <testcase classname="org.bukkit.BlockDataConversionTest" name="testNotNull[408: minecraft:white_wall_banner[facing=north]]" time="0.001"/>
  <testcase classname="org.bukkit.BlockDataConversionTest" name="testNotNull[409: minecraft:orange_wall_banner[facing=north]]" time="0"/>
  <testcase classname="org.bukkit.BlockDataConversionTest" name="testNotNull[410: minecraft:magenta_wall_banner[facing=north]]" time="0"/>
  <testcase classname="org.bukkit.BlockDataConversionTest" name="testNotNull[411: minecraft:light_blue_wall_banner[facing=north]]" time="0"/>
  <testcase classname="org.bukkit.BlockDataConversionTest" name="testNotNull[412: minecraft:yellow_wall_banner[facing=north]]" time="0"/>
  <testcase classname="org.bukkit.BlockDataConversionTest" name="testNotNull[413: minecraft:lime_wall_banner[facing=north]]" time="0"/>
  <testcase classname="org.bukkit.BlockDataConversionTest" name="testNotNull[414: minecraft:pink_wall_banner[facing=north]]" time="0"/>
  <testcase classname="org.bukkit.BlockDataConversionTest" name="testNotNull[415: minecraft:gray_wall_banner[facing=north]]" time="0"/>
  <testcase classname="org.bukkit.BlockDataConversionTest" name="testNotNull[416: minecraft:light_gray_wall_banner[facing=north]]" time="0"/>
  <testcase classname="org.bukkit.BlockDataConversionTest" name="testNotNull[417: minecraft:cyan_wall_banner[facing=north]]" time="0"/>
  <testcase classname="org.bukkit.BlockDataConversionTest" name="testNotNull[418: minecraft:purple_wall_banner[facing=north]]" time="0"/>
  <testcase classname="org.bukkit.BlockDataConversionTest" name="testNotNull[419: minecraft:blue_wall_banner[facing=north]]" time="0"/>
  <testcase classname="org.bukkit.BlockDataConversionTest" name="testNotNull[420: minecraft:brown_wall_banner[facing=north]]" time="0"/>
  <testcase classname="org.bukkit.BlockDataConversionTest" name="testNotNull[421: minecraft:green_wall_banner[facing=north]]" time="0"/>
  <testcase classname="org.bukkit.BlockDataConversionTest" name="testNotNull[422: minecraft:red_wall_banner[facing=north]]" time="0"/>
  <testcase classname="org.bukkit.BlockDataConversionTest" name="testNotNull[423: minecraft:black_wall_banner[facing=north]]" time="0"/>
  <testcase classname="org.bukkit.BlockDataConversionTest" name="testNotNull[424: minecraft:red_sandstone]" time="0"/>
  <testcase classname="org.bukkit.BlockDataConversionTest" name="testNotNull[425: minecraft:chiseled_red_sandstone]" time="0"/>
  <testcase classname="org.bukkit.BlockDataConversionTest" name="testNotNull[426: minecraft:cut_red_sandstone]" time="0"/>
  <testcase classname="org.bukkit.BlockDataConversionTest" name="testNotNull[427: minecraft:red_sandstone_stairs[facing=north,half=bottom,shape=straight,waterlogged=false]]" time="0.001"/>
  <testcase classname="org.bukkit.BlockDataConversionTest" name="testNotNull[428: minecraft:oak_slab[type=bottom,waterlogged=false]]" time="0"/>
  <testcase classname="org.bukkit.BlockDataConversionTest" name="testNotNull[429: minecraft:spruce_slab[type=bottom,waterlogged=false]]" time="0"/>
  <testcase classname="org.bukkit.BlockDataConversionTest" name="testNotNull[430: minecraft:birch_slab[type=bottom,waterlogged=false]]" time="0"/>
  <testcase classname="org.bukkit.BlockDataConversionTest" name="testNotNull[431: minecraft:jungle_slab[type=bottom,waterlogged=false]]" time="0"/>
  <testcase classname="org.bukkit.BlockDataConversionTest" name="testNotNull[432: minecraft:acacia_slab[type=bottom,waterlogged=false]]" time="0"/>
  <testcase classname="org.bukkit.BlockDataConversionTest" name="testNotNull[433: minecraft:dark_oak_slab[type=bottom,waterlogged=false]]" time="0"/>
  <testcase classname="org.bukkit.BlockDataConversionTest" name="testNotNull[434: minecraft:stone_slab[type=bottom,waterlogged=false]]" time="0"/>
  <testcase classname="org.bukkit.BlockDataConversionTest" name="testNotNull[435: minecraft:sandstone_slab[type=bottom,waterlogged=false]]" time="0"/>
  <testcase classname="org.bukkit.BlockDataConversionTest" name="testNotNull[436: minecraft:petrified_oak_slab[type=bottom,waterlogged=false]]" time="0"/>
  <testcase classname="org.bukkit.BlockDataConversionTest" name="testNotNull[437: minecraft:cobblestone_slab[type=bottom,waterlogged=false]]" time="0"/>
  <testcase classname="org.bukkit.BlockDataConversionTest" name="testNotNull[438: minecraft:brick_slab[type=bottom,waterlogged=false]]" time="0.001"/>
  <testcase classname="org.bukkit.BlockDataConversionTest" name="testNotNull[439: minecraft:stone_brick_slab[type=bottom,waterlogged=false]]" time="0"/>
  <testcase classname="org.bukkit.BlockDataConversionTest" name="testNotNull[440: minecraft:nether_brick_slab[type=bottom,waterlogged=false]]" time="0"/>
  <testcase classname="org.bukkit.BlockDataConversionTest" name="testNotNull[441: minecraft:quartz_slab[type=bottom,waterlogged=false]]" time="0"/>
  <testcase classname="org.bukkit.BlockDataConversionTest" name="testNotNull[442: minecraft:red_sandstone_slab[type=bottom,waterlogged=false]]" time="0.001"/>
  <testcase classname="org.bukkit.BlockDataConversionTest" name="testNotNull[443: minecraft:purpur_slab[type=bottom,waterlogged=false]]" time="0"/>
  <testcase classname="org.bukkit.BlockDataConversionTest" name="testNotNull[444: minecraft:smooth_stone]" time="0"/>
  <testcase classname="org.bukkit.BlockDataConversionTest" name="testNotNull[445: minecraft:smooth_sandstone]" time="0"/>
  <testcase classname="org.bukkit.BlockDataConversionTest" name="testNotNull[446: minecraft:smooth_quartz]" time="0"/>
  <testcase classname="org.bukkit.BlockDataConversionTest" name="testNotNull[447: minecraft:smooth_red_sandstone]" time="0"/>
  <testcase classname="org.bukkit.BlockDataConversionTest" name="testNotNull[448: minecraft:spruce_fence_gate[facing=north,in_wall=false,open=false,powered=false]]" time="0"/>
  <testcase classname="org.bukkit.BlockDataConversionTest" name="testNotNull[449: minecraft:birch_fence_gate[facing=north,in_wall=false,open=false,powered=false]]" time="0"/>
  <testcase classname="org.bukkit.BlockDataConversionTest" name="testNotNull[450: minecraft:jungle_fence_gate[facing=north,in_wall=false,open=false,powered=false]]" time="0.001"/>
  <testcase classname="org.bukkit.BlockDataConversionTest" name="testNotNull[451: minecraft:acacia_fence_gate[facing=north,in_wall=false,open=false,powered=false]]" time="0"/>
  <testcase classname="org.bukkit.BlockDataConversionTest" name="testNotNull[452: minecraft:dark_oak_fence_gate[facing=north,in_wall=false,open=false,powered=false]]" time="0"/>
  <testcase classname="org.bukkit.BlockDataConversionTest" name="testNotNull[453: minecraft:spruce_fence[east=false,north=false,south=false,waterlogged=false,west=false]]" time="0"/>
  <testcase classname="org.bukkit.BlockDataConversionTest" name="testNotNull[454: minecraft:birch_fence[east=false,north=false,south=false,waterlogged=false,west=false]]" time="0"/>
  <testcase classname="org.bukkit.BlockDataConversionTest" name="testNotNull[455: minecraft:jungle_fence[east=false,north=false,south=false,waterlogged=false,west=false]]" time="0"/>
  <testcase classname="org.bukkit.BlockDataConversionTest" name="testNotNull[456: minecraft:acacia_fence[east=false,north=false,south=false,waterlogged=false,west=false]]" time="0"/>
  <testcase classname="org.bukkit.BlockDataConversionTest" name="testNotNull[457: minecraft:dark_oak_fence[east=false,north=false,south=false,waterlogged=false,west=false]]" time="0"/>
  <testcase classname="org.bukkit.BlockDataConversionTest" name="testNotNull[458: minecraft:spruce_door[facing=north,half=lower,hinge=left,open=false,powered=false]]" time="0"/>
  <testcase classname="org.bukkit.BlockDataConversionTest" name="testNotNull[459: minecraft:birch_door[facing=north,half=lower,hinge=left,open=false,powered=false]]" time="0"/>
  <testcase classname="org.bukkit.BlockDataConversionTest" name="testNotNull[460: minecraft:jungle_door[facing=north,half=lower,hinge=left,open=false,powered=false]]" time="0"/>
  <testcase classname="org.bukkit.BlockDataConversionTest" name="testNotNull[461: minecraft:acacia_door[facing=north,half=lower,hinge=left,open=false,powered=false]]" time="0"/>
  <testcase classname="org.bukkit.BlockDataConversionTest" name="testNotNull[462: minecraft:dark_oak_door[facing=north,half=lower,hinge=left,open=false,powered=false]]" time="0.001"/>
  <testcase classname="org.bukkit.BlockDataConversionTest" name="testNotNull[463: minecraft:end_rod[facing=up]]" time="0"/>
  <testcase classname="org.bukkit.BlockDataConversionTest" name="testNotNull[464: minecraft:chorus_plant[down=false,east=false,north=false,south=false,up=false,west=false]]" time="0.001"/>
  <testcase classname="org.bukkit.BlockDataConversionTest" name="testNotNull[465: minecraft:chorus_flower[age=0]]" time="0.001"/>
  <testcase classname="org.bukkit.BlockDataConversionTest" name="testNotNull[466: minecraft:purpur_block]" time="0"/>
  <testcase classname="org.bukkit.BlockDataConversionTest" name="testNotNull[467: minecraft:purpur_pillar[axis=y]]" time="0"/>
  <testcase classname="org.bukkit.BlockDataConversionTest" name="testNotNull[468: minecraft:purpur_stairs[facing=north,half=bottom,shape=straight,waterlogged=false]]" time="0"/>
  <testcase classname="org.bukkit.BlockDataConversionTest" name="testNotNull[469: minecraft:end_stone_bricks]" time="0"/>
  <testcase classname="org.bukkit.BlockDataConversionTest" name="testNotNull[470: minecraft:beetroots[age=0]]" time="0.001"/>
  <testcase classname="org.bukkit.BlockDataConversionTest" name="testNotNull[471: minecraft:grass_path]" time="0"/>
  <testcase classname="org.bukkit.BlockDataConversionTest" name="testNotNull[472: minecraft:end_gateway]" time="0"/>
  <testcase classname="org.bukkit.BlockDataConversionTest" name="testNotNull[473: minecraft:repeating_command_block[conditional=false,facing=north]]" time="0"/>
  <testcase classname="org.bukkit.BlockDataConversionTest" name="testNotNull[474: minecraft:chain_command_block[conditional=false,facing=north]]" time="0"/>
  <testcase classname="org.bukkit.BlockDataConversionTest" name="testNotNull[475: minecraft:frosted_ice[age=0]]" time="0"/>
  <testcase classname="org.bukkit.BlockDataConversionTest" name="testNotNull[476: minecraft:magma_block]" time="0"/>
  <testcase classname="org.bukkit.BlockDataConversionTest" name="testNotNull[477: minecraft:nether_wart_block]" time="0"/>
  <testcase classname="org.bukkit.BlockDataConversionTest" name="testNotNull[478: minecraft:red_nether_bricks]" time="0"/>
  <testcase classname="org.bukkit.BlockDataConversionTest" name="testNotNull[479: minecraft:bone_block[axis=y]]" time="0"/>
  <testcase classname="org.bukkit.BlockDataConversionTest" name="testNotNull[480: minecraft:structure_void]" time="0"/>
  <testcase classname="org.bukkit.BlockDataConversionTest" name="testNotNull[481: minecraft:observer[facing=south,powered=false]]" time="0.001"/>
  <testcase classname="org.bukkit.BlockDataConversionTest" name="testNotNull[482: minecraft:shulker_box[facing=up]]" time="0"/>
  <testcase classname="org.bukkit.BlockDataConversionTest" name="testNotNull[483: minecraft:white_shulker_box[facing=up]]" time="0"/>
  <testcase classname="org.bukkit.BlockDataConversionTest" name="testNotNull[484: minecraft:orange_shulker_box[facing=up]]" time="0"/>
  <testcase classname="org.bukkit.BlockDataConversionTest" name="testNotNull[485: minecraft:magenta_shulker_box[facing=up]]" time="0"/>
  <testcase classname="org.bukkit.BlockDataConversionTest" name="testNotNull[486: minecraft:light_blue_shulker_box[facing=up]]" time="0.001"/>
  <testcase classname="org.bukkit.BlockDataConversionTest" name="testNotNull[487: minecraft:yellow_shulker_box[facing=up]]" time="0"/>
  <testcase classname="org.bukkit.BlockDataConversionTest" name="testNotNull[488: minecraft:lime_shulker_box[facing=up]]" time="0"/>
  <testcase classname="org.bukkit.BlockDataConversionTest" name="testNotNull[489: minecraft:pink_shulker_box[facing=up]]" time="0"/>
  <testcase classname="org.bukkit.BlockDataConversionTest" name="testNotNull[490: minecraft:gray_shulker_box[facing=up]]" time="0"/>
  <testcase classname="org.bukkit.BlockDataConversionTest" name="testNotNull[491: minecraft:light_gray_shulker_box[facing=up]]" time="0"/>
  <testcase classname="org.bukkit.BlockDataConversionTest" name="testNotNull[492: minecraft:cyan_shulker_box[facing=up]]" time="0"/>
  <testcase classname="org.bukkit.BlockDataConversionTest" name="testNotNull[493: minecraft:purple_shulker_box[facing=up]]" time="0"/>
  <testcase classname="org.bukkit.BlockDataConversionTest" name="testNotNull[494: minecraft:blue_shulker_box[facing=up]]" time="0"/>
  <testcase classname="org.bukkit.BlockDataConversionTest" name="testNotNull[495: minecraft:brown_shulker_box[facing=up]]" time="0.001"/>
  <testcase classname="org.bukkit.BlockDataConversionTest" name="testNotNull[496: minecraft:green_shulker_box[facing=up]]" time="0"/>
  <testcase classname="org.bukkit.BlockDataConversionTest" name="testNotNull[497: minecraft:red_shulker_box[facing=up]]" time="0"/>
  <testcase classname="org.bukkit.BlockDataConversionTest" name="testNotNull[498: minecraft:black_shulker_box[facing=up]]" time="0"/>
  <testcase classname="org.bukkit.BlockDataConversionTest" name="testNotNull[499: minecraft:white_glazed_terracotta[facing=north]]" time="0.001"/>
  <testcase classname="org.bukkit.BlockDataConversionTest" name="testNotNull[500: minecraft:orange_glazed_terracotta[facing=north]]" time="0"/>
  <testcase classname="org.bukkit.BlockDataConversionTest" name="testNotNull[501: minecraft:magenta_glazed_terracotta[facing=north]]" time="0.001"/>
  <testcase classname="org.bukkit.BlockDataConversionTest" name="testNotNull[502: minecraft:light_blue_glazed_terracotta[facing=north]]" time="0"/>
  <testcase classname="org.bukkit.BlockDataConversionTest" name="testNotNull[503: minecraft:yellow_glazed_terracotta[facing=north]]" time="0"/>
  <testcase classname="org.bukkit.BlockDataConversionTest" name="testNotNull[504: minecraft:lime_glazed_terracotta[facing=north]]" time="0"/>
  <testcase classname="org.bukkit.BlockDataConversionTest" name="testNotNull[505: minecraft:pink_glazed_terracotta[facing=north]]" time="0.001"/>
  <testcase classname="org.bukkit.BlockDataConversionTest" name="testNotNull[506: minecraft:gray_glazed_terracotta[facing=north]]" time="0"/>
  <testcase classname="org.bukkit.BlockDataConversionTest" name="testNotNull[507: minecraft:light_gray_glazed_terracotta[facing=north]]" time="0"/>
  <testcase classname="org.bukkit.BlockDataConversionTest" name="testNotNull[508: minecraft:cyan_glazed_terracotta[facing=north]]" time="0"/>
  <testcase classname="org.bukkit.BlockDataConversionTest" name="testNotNull[509: minecraft:purple_glazed_terracotta[facing=north]]" time="0.001"/>
  <testcase classname="org.bukkit.BlockDataConversionTest" name="testNotNull[510: minecraft:blue_glazed_terracotta[facing=north]]" time="0"/>
  <testcase classname="org.bukkit.BlockDataConversionTest" name="testNotNull[511: minecraft:brown_glazed_terracotta[facing=north]]" time="0"/>
  <testcase classname="org.bukkit.BlockDataConversionTest" name="testNotNull[512: minecraft:green_glazed_terracotta[facing=north]]" time="0"/>
  <testcase classname="org.bukkit.BlockDataConversionTest" name="testNotNull[513: minecraft:red_glazed_terracotta[facing=north]]" time="0"/>
  <testcase classname="org.bukkit.BlockDataConversionTest" name="testNotNull[514: minecraft:black_glazed_terracotta[facing=north]]" time="0"/>
  <testcase classname="org.bukkit.BlockDataConversionTest" name="testNotNull[515: minecraft:white_concrete]" time="0"/>
  <testcase classname="org.bukkit.BlockDataConversionTest" name="testNotNull[516: minecraft:orange_concrete]" time="0"/>
  <testcase classname="org.bukkit.BlockDataConversionTest" name="testNotNull[517: minecraft:magenta_concrete]" time="0"/>
  <testcase classname="org.bukkit.BlockDataConversionTest" name="testNotNull[518: minecraft:light_blue_concrete]" time="0.001"/>
  <testcase classname="org.bukkit.BlockDataConversionTest" name="testNotNull[519: minecraft:yellow_concrete]" time="0"/>
  <testcase classname="org.bukkit.BlockDataConversionTest" name="testNotNull[520: minecraft:lime_concrete]" time="0"/>
  <testcase classname="org.bukkit.BlockDataConversionTest" name="testNotNull[521: minecraft:pink_concrete]" time="0"/>
  <testcase classname="org.bukkit.BlockDataConversionTest" name="testNotNull[522: minecraft:gray_concrete]" time="0"/>
  <testcase classname="org.bukkit.BlockDataConversionTest" name="testNotNull[523: minecraft:light_gray_concrete]" time="0"/>
  <testcase classname="org.bukkit.BlockDataConversionTest" name="testNotNull[524: minecraft:cyan_concrete]" time="0"/>
  <testcase classname="org.bukkit.BlockDataConversionTest" name="testNotNull[525: minecraft:purple_concrete]" time="0"/>
  <testcase classname="org.bukkit.BlockDataConversionTest" name="testNotNull[526: minecraft:blue_concrete]" time="0"/>
  <testcase classname="org.bukkit.BlockDataConversionTest" name="testNotNull[527: minecraft:brown_concrete]" time="0"/>
  <testcase classname="org.bukkit.BlockDataConversionTest" name="testNotNull[528: minecraft:green_concrete]" time="0"/>
  <testcase classname="org.bukkit.BlockDataConversionTest" name="testNotNull[529: minecraft:red_concrete]" time="0"/>
  <testcase classname="org.bukkit.BlockDataConversionTest" name="testNotNull[530: minecraft:black_concrete]" time="0"/>
  <testcase classname="org.bukkit.BlockDataConversionTest" name="testNotNull[531: minecraft:white_concrete_powder]" time="0.001"/>
  <testcase classname="org.bukkit.BlockDataConversionTest" name="testNotNull[532: minecraft:orange_concrete_powder]" time="0"/>
  <testcase classname="org.bukkit.BlockDataConversionTest" name="testNotNull[533: minecraft:magenta_concrete_powder]" time="0"/>
  <testcase classname="org.bukkit.BlockDataConversionTest" name="testNotNull[534: minecraft:light_blue_concrete_powder]" time="0"/>
  <testcase classname="org.bukkit.BlockDataConversionTest" name="testNotNull[535: minecraft:yellow_concrete_powder]" time="0"/>
  <testcase classname="org.bukkit.BlockDataConversionTest" name="testNotNull[536: minecraft:lime_concrete_powder]" time="0"/>
  <testcase classname="org.bukkit.BlockDataConversionTest" name="testNotNull[537: minecraft:pink_concrete_powder]" time="0"/>
  <testcase classname="org.bukkit.BlockDataConversionTest" name="testNotNull[538: minecraft:gray_concrete_powder]" time="0"/>
  <testcase classname="org.bukkit.BlockDataConversionTest" name="testNotNull[539: minecraft:light_gray_concrete_powder]" time="0"/>
  <testcase classname="org.bukkit.BlockDataConversionTest" name="testNotNull[540: minecraft:cyan_concrete_powder]" time="0.001"/>
  <testcase classname="org.bukkit.BlockDataConversionTest" name="testNotNull[541: minecraft:purple_concrete_powder]" time="0"/>
  <testcase classname="org.bukkit.BlockDataConversionTest" name="testNotNull[542: minecraft:blue_concrete_powder]" time="0"/>
  <testcase classname="org.bukkit.BlockDataConversionTest" name="testNotNull[543: minecraft:brown_concrete_powder]" time="0"/>
  <testcase classname="org.bukkit.BlockDataConversionTest" name="testNotNull[544: minecraft:green_concrete_powder]" time="0"/>
  <testcase classname="org.bukkit.BlockDataConversionTest" name="testNotNull[545: minecraft:red_concrete_powder]" time="0"/>
  <testcase classname="org.bukkit.BlockDataConversionTest" name="testNotNull[546: minecraft:black_concrete_powder]" time="0"/>
  <testcase classname="org.bukkit.BlockDataConversionTest" name="testNotNull[547: minecraft:kelp[age=0]]" time="0.001"/>
  <testcase classname="org.bukkit.BlockDataConversionTest" name="testNotNull[548: minecraft:kelp_plant]" time="0"/>
  <testcase classname="org.bukkit.BlockDataConversionTest" name="testNotNull[549: minecraft:dried_kelp_block]" time="0"/>
  <testcase classname="org.bukkit.BlockDataConversionTest" name="testNotNull[550: minecraft:turtle_egg[eggs=1,hatch=0]]" time="0.001"/>
  <testcase classname="org.bukkit.BlockDataConversionTest" name="testNotNull[551: minecraft:dead_tube_coral_block]" time="0"/>
  <testcase classname="org.bukkit.BlockDataConversionTest" name="testNotNull[552: minecraft:dead_brain_coral_block]" time="0"/>
  <testcase classname="org.bukkit.BlockDataConversionTest" name="testNotNull[553: minecraft:dead_bubble_coral_block]" time="0"/>
  <testcase classname="org.bukkit.BlockDataConversionTest" name="testNotNull[554: minecraft:dead_fire_coral_block]" time="0"/>
  <testcase classname="org.bukkit.BlockDataConversionTest" name="testNotNull[555: minecraft:dead_horn_coral_block]" time="0"/>
  <testcase classname="org.bukkit.BlockDataConversionTest" name="testNotNull[556: minecraft:tube_coral_block]" time="0.001"/>
  <testcase classname="org.bukkit.BlockDataConversionTest" name="testNotNull[557: minecraft:brain_coral_block]" time="0"/>
  <testcase classname="org.bukkit.BlockDataConversionTest" name="testNotNull[558: minecraft:bubble_coral_block]" time="0"/>
  <testcase classname="org.bukkit.BlockDataConversionTest" name="testNotNull[559: minecraft:fire_coral_block]" time="0"/>
  <testcase classname="org.bukkit.BlockDataConversionTest" name="testNotNull[560: minecraft:horn_coral_block]" time="0"/>
  <testcase classname="org.bukkit.BlockDataConversionTest" name="testNotNull[561: minecraft:dead_tube_coral[waterlogged=true]]" time="0"/>
  <testcase classname="org.bukkit.BlockDataConversionTest" name="testNotNull[562: minecraft:dead_brain_coral[waterlogged=true]]" time="0.001"/>
  <testcase classname="org.bukkit.BlockDataConversionTest" name="testNotNull[563: minecraft:dead_bubble_coral[waterlogged=true]]" time="0"/>
  <testcase classname="org.bukkit.BlockDataConversionTest" name="testNotNull[564: minecraft:dead_fire_coral[waterlogged=true]]" time="0"/>
  <testcase classname="org.bukkit.BlockDataConversionTest" name="testNotNull[565: minecraft:dead_horn_coral[waterlogged=true]]" time="0"/>
  <testcase classname="org.bukkit.BlockDataConversionTest" name="testNotNull[566: minecraft:tube_coral[waterlogged=true]]" time="0"/>
  <testcase classname="org.bukkit.BlockDataConversionTest" name="testNotNull[567: minecraft:brain_coral[waterlogged=true]]" time="0"/>
  <testcase classname="org.bukkit.BlockDataConversionTest" name="testNotNull[568: minecraft:bubble_coral[waterlogged=true]]" time="0"/>
  <testcase classname="org.bukkit.BlockDataConversionTest" name="testNotNull[569: minecraft:fire_coral[waterlogged=true]]" time="0"/>
  <testcase classname="org.bukkit.BlockDataConversionTest" name="testNotNull[570: minecraft:horn_coral[waterlogged=true]]" time="0"/>
  <testcase classname="org.bukkit.BlockDataConversionTest" name="testNotNull[571: minecraft:dead_tube_coral_wall_fan[facing=north,waterlogged=true]]" time="0.001"/>
  <testcase classname="org.bukkit.BlockDataConversionTest" name="testNotNull[572: minecraft:dead_brain_coral_wall_fan[facing=north,waterlogged=true]]" time="0"/>
  <testcase classname="org.bukkit.BlockDataConversionTest" name="testNotNull[573: minecraft:dead_bubble_coral_wall_fan[facing=north,waterlogged=true]]" time="0"/>
  <testcase classname="org.bukkit.BlockDataConversionTest" name="testNotNull[574: minecraft:dead_fire_coral_wall_fan[facing=north,waterlogged=true]]" time="0"/>
  <testcase classname="org.bukkit.BlockDataConversionTest" name="testNotNull[575: minecraft:dead_horn_coral_wall_fan[facing=north,waterlogged=true]]" time="0"/>
  <testcase classname="org.bukkit.BlockDataConversionTest" name="testNotNull[576: minecraft:tube_coral_wall_fan[facing=north,waterlogged=true]]" time="0"/>
  <testcase classname="org.bukkit.BlockDataConversionTest" name="testNotNull[577: minecraft:brain_coral_wall_fan[facing=north,waterlogged=true]]" time="0"/>
  <testcase classname="org.bukkit.BlockDataConversionTest" name="testNotNull[578: minecraft:bubble_coral_wall_fan[facing=north,waterlogged=true]]" time="0"/>
  <testcase classname="org.bukkit.BlockDataConversionTest" name="testNotNull[579: minecraft:fire_coral_wall_fan[facing=north,waterlogged=true]]" time="0"/>
  <testcase classname="org.bukkit.BlockDataConversionTest" name="testNotNull[580: minecraft:horn_coral_wall_fan[facing=north,waterlogged=true]]" time="0"/>
  <testcase classname="org.bukkit.BlockDataConversionTest" name="testNotNull[581: minecraft:dead_tube_coral_fan[waterlogged=true]]" time="0.001"/>
  <testcase classname="org.bukkit.BlockDataConversionTest" name="testNotNull[582: minecraft:dead_brain_coral_fan[waterlogged=true]]" time="0"/>
  <testcase classname="org.bukkit.BlockDataConversionTest" name="testNotNull[583: minecraft:dead_bubble_coral_fan[waterlogged=true]]" time="0"/>
  <testcase classname="org.bukkit.BlockDataConversionTest" name="testNotNull[584: minecraft:dead_fire_coral_fan[waterlogged=true]]" time="0"/>
  <testcase classname="org.bukkit.BlockDataConversionTest" name="testNotNull[585: minecraft:dead_horn_coral_fan[waterlogged=true]]" time="0"/>
  <testcase classname="org.bukkit.BlockDataConversionTest" name="testNotNull[586: minecraft:tube_coral_fan[waterlogged=true]]" time="0.001"/>
  <testcase classname="org.bukkit.BlockDataConversionTest" name="testNotNull[587: minecraft:brain_coral_fan[waterlogged=true]]" time="0"/>
  <testcase classname="org.bukkit.BlockDataConversionTest" name="testNotNull[588: minecraft:bubble_coral_fan[waterlogged=true]]" time="0"/>
  <testcase classname="org.bukkit.BlockDataConversionTest" name="testNotNull[589: minecraft:fire_coral_fan[waterlogged=true]]" time="0"/>
  <testcase classname="org.bukkit.BlockDataConversionTest" name="testNotNull[590: minecraft:horn_coral_fan[waterlogged=true]]" time="0"/>
  <testcase classname="org.bukkit.BlockDataConversionTest" name="testNotNull[591: minecraft:sea_pickle[pickles=1,waterlogged=true]]" time="0.001"/>
  <testcase classname="org.bukkit.BlockDataConversionTest" name="testNotNull[592: minecraft:blue_ice]" time="0"/>
  <testcase classname="org.bukkit.BlockDataConversionTest" name="testNotNull[593: minecraft:conduit[waterlogged=true]]" time="0.001"/>
  <testcase classname="org.bukkit.BlockDataConversionTest" name="testNotNull[594: minecraft:void_air]" time="0"/>
  <testcase classname="org.bukkit.BlockDataConversionTest" name="testNotNull[595: minecraft:cave_air]" time="0"/>
  <testcase classname="org.bukkit.BlockDataConversionTest" name="testNotNull[596: minecraft:bubble_column[drag=true]]" time="0.001"/>
  <testcase classname="org.bukkit.BlockDataConversionTest" name="testNotNull[597: minecraft:structure_block[mode=save]]" time="0"/>
</testsuite>