<?xml version="1.0" encoding="UTF-8" ?>
<testsuite tests="3160" failures="0" name="org.bukkit.craftbukkit.inventory.FactoryItemMaterialTest" time="27.767" errors="0" skipped="0">
  <properties>
[...]
</properties>
  <testcase classname="org.bukkit.craftbukkit.inventory.FactoryItemMaterialTest" name="blankEqualities[Material[0]:ACACIA_BOAT]" time="12.077"/>
  <testcase classname="org.bukkit.craftbukkit.inventory.FactoryItemMaterialTest" name="generalCase[Material[0]:ACACIA_BOAT]" time="0"/>
  <testcase classname="org.bukkit.craftbukkit.inventory.FactoryItemMaterialTest" name="asMetaFor[Material[0]:ACACIA_BOAT]" time="2.257"/>
  <testcase classname="org.bukkit.craftbukkit.inventory.FactoryItemMaterialTest" name="itemStack[Material[0]:ACACIA_BOAT]" time="0"/>
  <testcase classname="org.bukkit.craftbukkit.inventory.FactoryItemMaterialTest" name="blankEqualities[Material[1]:ACACIA_BUTTON]" time="0.015"/>
  <testcase classname="org.bukkit.craftbukkit.inventory.FactoryItemMaterialTest" name="generalCase[Material[1]:ACACIA_BUTTON]" time="0"/>
  <testcase classname="org.bukkit.craftbukkit.inventory.FactoryItemMaterialTest" name="asMetaFor[Material[1]:ACACIA_BUTTON]" time="0.026"/>
  <testcase classname="org.bukkit.craftbukkit.inventory.FactoryItemMaterialTest" name="itemStack[Material[1]:ACACIA_BUTTON]" time="0.001"/>
  <testcase classname="org.bukkit.craftbukkit.inventory.FactoryItemMaterialTest" name="blankEqualities[Material[2]:ACACIA_DOOR]" time="0.012"/>
  <testcase classname="org.bukkit.craftbukkit.inventory.FactoryItemMaterialTest" name="generalCase[Material[2]:ACACIA_DOOR]" time="0.001"/>
  <testcase classname="org.bukkit.craftbukkit.inventory.FactoryItemMaterialTest" name="asMetaFor[Material[2]:ACACIA_DOOR]" time="0.033"/>
  <testcase classname="org.bukkit.craftbukkit.inventory.FactoryItemMaterialTest" name="itemStack[Material[2]:ACACIA_DOOR]" time="0.001"/>
  <testcase classname="org.bukkit.craftbukkit.inventory.FactoryItemMaterialTest" name="blankEqualities[Material[3]:ACACIA_FENCE]" time="0.011"/>
  <testcase classname="org.bukkit.craftbukkit.inventory.FactoryItemMaterialTest" name="generalCase[Material[3]:ACACIA_FENCE]" time="0.001"/>
  <testcase classname="org.bukkit.craftbukkit.inventory.FactoryItemMaterialTest" name="asMetaFor[Material[3]:ACACIA_FENCE]" time="0.013"/>
  <testcase classname="org.bukkit.craftbukkit.inventory.FactoryItemMaterialTest" name="itemStack[Material[3]:ACACIA_FENCE]" time="0"/>
  <testcase classname="org.bukkit.craftbukkit.inventory.FactoryItemMaterialTest" name="blankEqualities[Material[4]:ACACIA_FENCE_GATE]" time="0.009"/>
  <testcase classname="org.bukkit.craftbukkit.inventory.FactoryItemMaterialTest" name="generalCase[Material[4]:ACACIA_FENCE_GATE]" time="0.001"/>
  <testcase classname="org.bukkit.craftbukkit.inventory.FactoryItemMaterialTest" name="asMetaFor[Material[4]:ACACIA_FENCE_GATE]" time="0.01"/>
  <testcase classname="org.bukkit.craftbukkit.inventory.FactoryItemMaterialTest" name="itemStack[Material[4]:ACACIA_FENCE_GATE]" time="0"/>
  <testcase classname="org.bukkit.craftbukkit.inventory.FactoryItemMaterialTest" name="blankEqualities[Material[5]:ACACIA_LEAVES]" time="0.008"/>
  <testcase classname="org.bukkit.craftbukkit.inventory.FactoryItemMaterialTest" name="generalCase[Material[5]:ACACIA_LEAVES]" time="0"/>
  <testcase classname="org.bukkit.craftbukkit.inventory.FactoryItemMaterialTest" name="asMetaFor[Material[5]:ACACIA_LEAVES]" time="0.001"/>
  <testcase classname="org.bukkit.craftbukkit.inventory.FactoryItemMaterialTest" name="itemStack[Material[5]:ACACIA_LEAVES]" time="0"/>
  <testcase classname="org.bukkit.craftbukkit.inventory.FactoryItemMaterialTest" name="blankEqualities[Material[6]:ACACIA_LOG]" time="0.008"/>
  <testcase classname="org.bukkit.craftbukkit.inventory.FactoryItemMaterialTest" name="generalCase[Material[6]:ACACIA_LOG]" time="0.001"/>
  <testcase classname="org.bukkit.craftbukkit.inventory.FactoryItemMaterialTest" name="asMetaFor[Material[6]:ACACIA_LOG]" time="0.009"/>
  <testcase classname="org.bukkit.craftbukkit.inventory.FactoryItemMaterialTest" name="itemStack[Material[6]:ACACIA_LOG]" time="0"/>
  <testcase classname="org.bukkit.craftbukkit.inventory.FactoryItemMaterialTest" name="blankEqualities[Material[7]:ACACIA_PLANKS]" time="0.008"/>
  <testcase classname="org.bukkit.craftbukkit.inventory.FactoryItemMaterialTest" name="generalCase[Material[7]:ACACIA_PLANKS]" time="0.001"/>
  <testcase classname="org.bukkit.craftbukkit.inventory.FactoryItemMaterialTest" name="asMetaFor[Material[7]:ACACIA_PLANKS]" time="0.01"/>
  <testcase classname="org.bukkit.craftbukkit.inventory.FactoryItemMaterialTest" name="itemStack[Material[7]:ACACIA_PLANKS]" time="0.001"/>
  <testcase classname="org.bukkit.craftbukkit.inventory.FactoryItemMaterialTest" name="blankEqualities[Material[8]:ACACIA_PRESSURE_PLATE]" time="0.008"/>
  <testcase classname="org.bukkit.craftbukkit.inventory.FactoryItemMaterialTest" name="generalCase[Material[8]:ACACIA_PRESSURE_PLATE]" time="0.001"/>
  <testcase classname="org.bukkit.craftbukkit.inventory.FactoryItemMaterialTest" name="asMetaFor[Material[8]:ACACIA_PRESSURE_PLATE]" time="0.009"/>
  <testcase classname="org.bukkit.craftbukkit.inventory.FactoryItemMaterialTest" name="itemStack[Material[8]:ACACIA_PRESSURE_PLATE]" time="0"/>
  <testcase classname="org.bukkit.craftbukkit.inventory.FactoryItemMaterialTest" name="blankEqualities[Material[9]:ACACIA_SAPLING]" time="0.007"/>
  <testcase classname="org.bukkit.craftbukkit.inventory.FactoryItemMaterialTest" name="generalCase[Material[9]:ACACIA_SAPLING]" time="0"/>
  <testcase classname="org.bukkit.craftbukkit.inventory.FactoryItemMaterialTest" name="asMetaFor[Material[9]:ACACIA_SAPLING]" time="0.01"/>
  <testcase classname="org.bukkit.craftbukkit.inventory.FactoryItemMaterialTest" name="itemStack[Material[9]:ACACIA_SAPLING]" time="0.001"/>
  <testcase classname="org.bukkit.craftbukkit.inventory.FactoryItemMaterialTest" name="blankEqualities[Material[10]:ACACIA_SLAB]" time="0.007"/>
  <testcase classname="org.bukkit.craftbukkit.inventory.FactoryItemMaterialTest" name="generalCase[Material[10]:ACACIA_SLAB]" time="0"/>
  <testcase classname="org.bukkit.craftbukkit.inventory.FactoryItemMaterialTest" name="asMetaFor[Material[10]:ACACIA_SLAB]" time="0.009"/>
  <testcase classname="org.bukkit.craftbukkit.inventory.FactoryItemMaterialTest" name="itemStack[Material[10]:ACACIA_SLAB]" time="0.001"/>
  <testcase classname="org.bukkit.craftbukkit.inventory.FactoryItemMaterialTest" name="blankEqualities[Material[11]:ACACIA_STAIRS]" time="0.008"/>
  <testcase classname="org.bukkit.craftbukkit.inventory.FactoryItemMaterialTest" name="generalCase[Material[11]:ACACIA_STAIRS]" time="0"/>
  <testcase classname="org.bukkit.craftbukkit.inventory.FactoryItemMaterialTest" name="asMetaFor[Material[11]:ACACIA_STAIRS]" time="0.01"/>
  <testcase classname="org.bukkit.craftbukkit.inventory.FactoryItemMaterialTest" name="itemStack[Material[11]:ACACIA_STAIRS]" time="0"/>
  <testcase classname="org.bukkit.craftbukkit.inventory.FactoryItemMaterialTest" name="blankEqualities[Material[12]:ACACIA_TRAPDOOR]" time="0.007"/>
  <testcase classname="org.bukkit.craftbukkit.inventory.FactoryItemMaterialTest" name="generalCase[Material[12]:ACACIA_TRAPDOOR]" time="0.001"/>
  <testcase classname="org.bukkit.craftbukkit.inventory.FactoryItemMaterialTest" name="asMetaFor[Material[12]:ACACIA_TRAPDOOR]" time="0.008"/>
  <testcase classname="org.bukkit.craftbukkit.inventory.FactoryItemMaterialTest" name="itemStack[Material[12]:ACACIA_TRAPDOOR]" time="0"/>
  <testcase classname="org.bukkit.craftbukkit.inventory.FactoryItemMaterialTest" name="blankEqualities[Material[13]:ACACIA_WOOD]" time="0.007"/>
  <testcase classname="org.bukkit.craftbukkit.inventory.FactoryItemMaterialTest" name="generalCase[Material[13]:ACACIA_WOOD]" time="0"/>
  <testcase classname="org.bukkit.craftbukkit.inventory.FactoryItemMaterialTest" name="asMetaFor[Material[13]:ACACIA_WOOD]" time="0.009"/>
  <testcase classname="org.bukkit.craftbukkit.inventory.FactoryItemMaterialTest" name="itemStack[Material[13]:ACACIA_WOOD]" time="0.001"/>
  <testcase classname="org.bukkit.craftbukkit.inventory.FactoryItemMaterialTest" name="blankEqualities[Material[14]:ACTIVATOR_RAIL]" time="0.008"/>
  <testcase classname="org.bukkit.craftbukkit.inventory.FactoryItemMaterialTest" name="generalCase[Material[14]:ACTIVATOR_RAIL]" time="0"/>
  <testcase classname="org.bukkit.craftbukkit.inventory.FactoryItemMaterialTest" name="asMetaFor[Material[14]:ACTIVATOR_RAIL]" time="0.009"/>
  <testcase classname="org.bukkit.craftbukkit.inventory.FactoryItemMaterialTest" name="itemStack[Material[14]:ACTIVATOR_RAIL]" time="0.001"/>
  <testcase classname="org.bukkit.craftbukkit.inventory.FactoryItemMaterialTest" name="blankEqualities[Material[15]:AIR]" time="0.002"/>
  <testcase classname="org.bukkit.craftbukkit.inventory.FactoryItemMaterialTest" name="generalCase[Material[15]:AIR]" time="0.002"/>
  <testcase classname="org.bukkit.craftbukkit.inventory.FactoryItemMaterialTest" name="asMetaFor[Material[15]:AIR]" time="0.003"/>
  <testcase classname="org.bukkit.craftbukkit.inventory.FactoryItemMaterialTest" name="itemStack[Material[15]:AIR]" time="0.001"/>
  <testcase classname="org.bukkit.craftbukkit.inventory.FactoryItemMaterialTest" name="blankEqualities[Material[16]:ALLIUM]" time="0.007"/>
  <testcase classname="org.bukkit.craftbukkit.inventory.FactoryItemMaterialTest" name="generalCase[Material[16]:ALLIUM]" time="0.001"/>
  <testcase classname="org.bukkit.craftbukkit.inventory.FactoryItemMaterialTest" name="asMetaFor[Material[16]:ALLIUM]" time="0.009"/>
  <testcase classname="org.bukkit.craftbukkit.inventory.FactoryItemMaterialTest" name="itemStack[Material[16]:ALLIUM]" time="0"/>
  <testcase classname="org.bukkit.craftbukkit.inventory.FactoryItemMaterialTest" name="blankEqualities[Material[17]:ANDESITE]" time="0.007"/>
  <testcase classname="org.bukkit.craftbukkit.inventory.FactoryItemMaterialTest" name="generalCase[Material[17]:ANDESITE]" time="0.001"/>
  <testcase classname="org.bukkit.craftbukkit.inventory.FactoryItemMaterialTest" name="asMetaFor[Material[17]:ANDESITE]" time="0.009"/>
  <testcase classname="org.bukkit.craftbukkit.inventory.FactoryItemMaterialTest" name="itemStack[Material[17]:ANDESITE]" time="0.001"/>
  <testcase classname="org.bukkit.craftbukkit.inventory.FactoryItemMaterialTest" name="blankEqualities[Material[18]:ANVIL]" time="0.007"/>
  <testcase classname="org.bukkit.craftbukkit.inventory.FactoryItemMaterialTest" name="generalCase[Material[18]:ANVIL]" time="0"/>
  <testcase classname="org.bukkit.craftbukkit.inventory.FactoryItemMaterialTest" name="asMetaFor[Material[18]:ANVIL]" time="0.008"/>
  <testcase classname="org.bukkit.craftbukkit.inventory.FactoryItemMaterialTest" name="itemStack[Material[18]:ANVIL]" time="0"/>
  <testcase classname="org.bukkit.craftbukkit.inventory.FactoryItemMaterialTest" name="blankEqualities[Material[19]:APPLE]" time="0.008"/>
  <testcase classname="org.bukkit.craftbukkit.inventory.FactoryItemMaterialTest" name="generalCase[Material[19]:APPLE]" time="0"/>
  <testcase classname="org.bukkit.craftbukkit.inventory.FactoryItemMaterialTest" name="asMetaFor[Material[19]:APPLE]" time="0.009"/>
  <testcase classname="org.bukkit.craftbukkit.inventory.FactoryItemMaterialTest" name="itemStack[Material[19]:APPLE]" time="0.001"/>
  <testcase classname="org.bukkit.craftbukkit.inventory.FactoryItemMaterialTest" name="blankEqualities[Material[20]:ARMOR_STAND]" time="0.009"/>
  <testcase classname="org.bukkit.craftbukkit.inventory.FactoryItemMaterialTest" name="generalCase[Material[20]:ARMOR_STAND]" time="0"/>
  <testcase classname="org.bukkit.craftbukkit.inventory.FactoryItemMaterialTest" name="asMetaFor[Material[20]:ARMOR_STAND]" time="0.009"/>
  <testcase classname="org.bukkit.craftbukkit.inventory.FactoryItemMaterialTest" name="itemStack[Material[20]:ARMOR_STAND]" time="0.001"/>
  <testcase classname="org.bukkit.craftbukkit.inventory.FactoryItemMaterialTest" name="blankEqualities[Material[21]:ARROW]" time="0.007"/>
  <testcase classname="org.bukkit.craftbukkit.inventory.FactoryItemMaterialTest" name="generalCase[Material[21]:ARROW]" time="0"/>
  <testcase classname="org.bukkit.craftbukkit.inventory.FactoryItemMaterialTest" name="asMetaFor[Material[21]:ARROW]" time="0.008"/>
  <testcase classname="org.bukkit.craftbukkit.inventory.FactoryItemMaterialTest" name="itemStack[Material[21]:ARROW]" time="0"/>
  <testcase classname="org.bukkit.craftbukkit.inventory.FactoryItemMaterialTest" name="blankEqualities[Material[22]:AZURE_BLUET]" time="0.007"/>
  <testcase classname="org.bukkit.craftbukkit.inventory.FactoryItemMaterialTest" name="generalCase[Material[22]:AZURE_BLUET]" time="0.001"/>
  <testcase classname="org.bukkit.craftbukkit.inventory.FactoryItemMaterialTest" name="asMetaFor[Material[22]:AZURE_BLUET]" time="0.009"/>
  <testcase classname="org.bukkit.craftbukkit.inventory.FactoryItemMaterialTest" name="itemStack[Material[22]:AZURE_BLUET]" time="0"/>
  <testcase classname="org.bukkit.craftbukkit.inventory.FactoryItemMaterialTest" name="blankEqualities[Material[23]:BAKED_POTATO]" time="0.02"/>
  <testcase classname="org.bukkit.craftbukkit.inventory.FactoryItemMaterialTest" name="generalCase[Material[23]:BAKED_POTATO]" time="0.001"/>
  <testcase classname="org.bukkit.craftbukkit.inventory.FactoryItemMaterialTest" name="asMetaFor[Material[23]:BAKED_POTATO]" time="0.01"/>
  <testcase classname="org.bukkit.craftbukkit.inventory.FactoryItemMaterialTest" name="itemStack[Material[23]:BAKED_POTATO]" time="0.001"/>
  <testcase classname="org.bukkit.craftbukkit.inventory.FactoryItemMaterialTest" name="blankEqualities[Material[24]:BARRIER]" time="0.012"/>
  <testcase classname="org.bukkit.craftbukkit.inventory.FactoryItemMaterialTest" name="generalCase[Material[24]:BARRIER]" time="0.001"/>
  <testcase classname="org.bukkit.craftbukkit.inventory.FactoryItemMaterialTest" name="asMetaFor[Material[24]:BARRIER]" time="0.013"/>
  <testcase classname="org.bukkit.craftbukkit.inventory.FactoryItemMaterialTest" name="itemStack[Material[24]:BARRIER]" time="0"/>
  <testcase classname="org.bukkit.craftbukkit.inventory.FactoryItemMaterialTest" name="blankEqualities[Material[25]:BAT_SPAWN_EGG]" time="0.01"/>
  <testcase classname="org.bukkit.craftbukkit.inventory.FactoryItemMaterialTest" name="generalCase[Material[25]:BAT_SPAWN_EGG]" time="0"/>
  <testcase classname="org.bukkit.craftbukkit.inventory.FactoryItemMaterialTest" name="asMetaFor[Material[25]:BAT_SPAWN_EGG]" time="0.009"/>
  <testcase classname="org.bukkit.craftbukkit.inventory.FactoryItemMaterialTest" name="itemStack[Material[25]:BAT_SPAWN_EGG]" time="0.001"/>
  <testcase classname="org.bukkit.craftbukkit.inventory.FactoryItemMaterialTest" name="blankEqualities[Material[26]:BEACON]" time="0.01"/>
  <testcase classname="org.bukkit.craftbukkit.inventory.FactoryItemMaterialTest" name="generalCase[Material[26]:BEACON]" time="0.001"/>
  <testcase classname="org.bukkit.craftbukkit.inventory.FactoryItemMaterialTest" name="asMetaFor[Material[26]:BEACON]" time="0.01"/>
  <testcase classname="org.bukkit.craftbukkit.inventory.FactoryItemMaterialTest" name="itemStack[Material[26]:BEACON]" time="0"/>
  <testcase classname="org.bukkit.craftbukkit.inventory.FactoryItemMaterialTest" name="blankEqualities[Material[27]:BEDROCK]" time="0.007"/>
  <testcase classname="org.bukkit.craftbukkit.inventory.FactoryItemMaterialTest" name="generalCase[Material[27]:BEDROCK]" time="0"/>
  <testcase classname="org.bukkit.craftbukkit.inventory.FactoryItemMaterialTest" name="asMetaFor[Material[27]:BEDROCK]" time="0.009"/>
  <testcase classname="org.bukkit.craftbukkit.inventory.FactoryItemMaterialTest" name="itemStack[Material[27]:BEDROCK]" time="0.001"/>
  <testcase classname="org.bukkit.craftbukkit.inventory.FactoryItemMaterialTest" name="blankEqualities[Material[28]:BEEF]" time="0.007"/>
  <testcase classname="org.bukkit.craftbukkit.inventory.FactoryItemMaterialTest" name="generalCase[Material[28]:BEEF]" time="0"/>
  <testcase classname="org.bukkit.craftbukkit.inventory.FactoryItemMaterialTest" name="asMetaFor[Material[28]:BEEF]" time="0.009"/>
  <testcase classname="org.bukkit.craftbukkit.inventory.FactoryItemMaterialTest" name="itemStack[Material[28]:BEEF]" time="0"/>
  <testcase classname="org.bukkit.craftbukkit.inventory.FactoryItemMaterialTest" name="blankEqualities[Material[29]:BEETROOT]" time="0.007"/>
  <testcase classname="org.bukkit.craftbukkit.inventory.FactoryItemMaterialTest" name="generalCase[Material[29]:BEETROOT]" time="0"/>
  <testcase classname="org.bukkit.craftbukkit.inventory.FactoryItemMaterialTest" name="asMetaFor[Material[29]:BEETROOT]" time="0.009"/>
  <testcase classname="org.bukkit.craftbukkit.inventory.FactoryItemMaterialTest" name="itemStack[Material[29]:BEETROOT]" time="0"/>
  <testcase classname="org.bukkit.craftbukkit.inventory.FactoryItemMaterialTest" name="blankEqualities[Material[30]:BEETROOT_SEEDS]" time="0.007"/>
  <testcase classname="org.bukkit.craftbukkit.inventory.FactoryItemMaterialTest" name="generalCase[Material[30]:BEETROOT_SEEDS]" time="0"/>
  <testcase classname="org.bukkit.craftbukkit.inventory.FactoryItemMaterialTest" name="asMetaFor[Material[30]:BEETROOT_SEEDS]" time="0.009"/>
  <testcase classname="org.bukkit.craftbukkit.inventory.FactoryItemMaterialTest" name="itemStack[Material[30]:BEETROOT_SEEDS]" time="0.001"/>
  <testcase classname="org.bukkit.craftbukkit.inventory.FactoryItemMaterialTest" name="blankEqualities[Material[31]:BEETROOT_SOUP]" time="0.007"/>
  <testcase classname="org.bukkit.craftbukkit.inventory.FactoryItemMaterialTest" name="generalCase[Material[31]:BEETROOT_SOUP]" time="0"/>
  <testcase classname="org.bukkit.craftbukkit.inventory.FactoryItemMaterialTest" name="asMetaFor[Material[31]:BEETROOT_SOUP]" time="0.009"/>
  <testcase classname="org.bukkit.craftbukkit.inventory.FactoryItemMaterialTest" name="itemStack[Material[31]:BEETROOT_SOUP]" time="0"/>
  <testcase classname="org.bukkit.craftbukkit.inventory.FactoryItemMaterialTest" name="blankEqualities[Material[32]:BIRCH_BOAT]" time="0.007"/>
  <testcase classname="org.bukkit.craftbukkit.inventory.FactoryItemMaterialTest" name="generalCase[Material[32]:BIRCH_BOAT]" time="0"/>
  <testcase classname="org.bukkit.craftbukkit.inventory.FactoryItemMaterialTest" name="asMetaFor[Material[32]:BIRCH_BOAT]" time="0.009"/>
  <testcase classname="org.bukkit.craftbukkit.inventory.FactoryItemMaterialTest" name="itemStack[Material[32]:BIRCH_BOAT]" time="0"/>
  <testcase classname="org.bukkit.craftbukkit.inventory.FactoryItemMaterialTest" name="blankEqualities[Material[33]:BIRCH_BUTTON]" time="0.007"/>
  <testcase classname="org.bukkit.craftbukkit.inventory.FactoryItemMaterialTest" name="generalCase[Material[33]:BIRCH_BUTTON]" time="0.001"/>
  <testcase classname="org.bukkit.craftbukkit.inventory.FactoryItemMaterialTest" name="asMetaFor[Material[33]:BIRCH_BUTTON]" time="0.009"/>
  <testcase classname="org.bukkit.craftbukkit.inventory.FactoryItemMaterialTest" name="itemStack[Material[33]:BIRCH_BUTTON]" time="0.001"/>
  <testcase classname="org.bukkit.craftbukkit.inventory.FactoryItemMaterialTest" name="blankEqualities[Material[34]:BIRCH_DOOR]" time="0.007"/>
  <testcase classname="org.bukkit.craftbukkit.inventory.FactoryItemMaterialTest" name="generalCase[Material[34]:BIRCH_DOOR]" time="0"/>
  <testcase classname="org.bukkit.craftbukkit.inventory.FactoryItemMaterialTest" name="asMetaFor[Material[34]:BIRCH_DOOR]" time="0.009"/>
  <testcase classname="org.bukkit.craftbukkit.inventory.FactoryItemMaterialTest" name="itemStack[Material[34]:BIRCH_DOOR]" time="0"/>
  <testcase classname="org.bukkit.craftbukkit.inventory.FactoryItemMaterialTest" name="blankEqualities[Material[35]:BIRCH_FENCE]" time="0.021"/>
  <testcase classname="org.bukkit.craftbukkit.inventory.FactoryItemMaterialTest" name="generalCase[Material[35]:BIRCH_FENCE]" time="0.001"/>
  <testcase classname="org.bukkit.craftbukkit.inventory.FactoryItemMaterialTest" name="asMetaFor[Material[35]:BIRCH_FENCE]" time="0.009"/>
  <testcase classname="org.bukkit.craftbukkit.inventory.FactoryItemMaterialTest" name="itemStack[Material[35]:BIRCH_FENCE]" time="0"/>
  <testcase classname="org.bukkit.craftbukkit.inventory.FactoryItemMaterialTest" name="blankEqualities[Material[36]:BIRCH_FENCE_GATE]" time="0.007"/>
  <testcase classname="org.bukkit.craftbukkit.inventory.FactoryItemMaterialTest" name="generalCase[Material[36]:BIRCH_FENCE_GATE]" time="0"/>
  <testcase classname="org.bukkit.craftbukkit.inventory.FactoryItemMaterialTest" name="asMetaFor[Material[36]:BIRCH_FENCE_GATE]" time="0.009"/>
  <testcase classname="org.bukkit.craftbukkit.inventory.FactoryItemMaterialTest" name="itemStack[Material[36]:BIRCH_FENCE_GATE]" time="0"/>
  <testcase classname="org.bukkit.craftbukkit.inventory.FactoryItemMaterialTest" name="blankEqualities[Material[37]:BIRCH_LEAVES]" time="0.007"/>
  <testcase classname="org.bukkit.craftbukkit.inventory.FactoryItemMaterialTest" name="generalCase[Material[37]:BIRCH_LEAVES]" time="0"/>
  <testcase classname="org.bukkit.craftbukkit.inventory.FactoryItemMaterialTest" name="asMetaFor[Material[37]:BIRCH_LEAVES]" time="0.009"/>
  <testcase classname="org.bukkit.craftbukkit.inventory.FactoryItemMaterialTest" name="itemStack[Material[37]:BIRCH_LEAVES]" time="0"/>
  <testcase classname="org.bukkit.craftbukkit.inventory.FactoryItemMaterialTest" name="blankEqualities[Material[38]:BIRCH_LOG]" time="0.007"/>
  <testcase classname="org.bukkit.craftbukkit.inventory.FactoryItemMaterialTest" name="generalCase[Material[38]:BIRCH_LOG]" time="0"/>
  <testcase classname="org.bukkit.craftbukkit.inventory.FactoryItemMaterialTest" name="asMetaFor[Material[38]:BIRCH_LOG]" time="0.01"/>
  <testcase classname="org.bukkit.craftbukkit.inventory.FactoryItemMaterialTest" name="itemStack[Material[38]:BIRCH_LOG]" time="0"/>
  <testcase classname="org.bukkit.craftbukkit.inventory.FactoryItemMaterialTest" name="blankEqualities[Material[39]:BIRCH_PLANKS]" time="0.007"/>
  <testcase classname="org.bukkit.craftbukkit.inventory.FactoryItemMaterialTest" name="generalCase[Material[39]:BIRCH_PLANKS]" time="0"/>
  <testcase classname="org.bukkit.craftbukkit.inventory.FactoryItemMaterialTest" name="asMetaFor[Material[39]:BIRCH_PLANKS]" time="0.009"/>
  <testcase classname="org.bukkit.craftbukkit.inventory.FactoryItemMaterialTest" name="itemStack[Material[39]:BIRCH_PLANKS]" time="0"/>
  <testcase classname="org.bukkit.craftbukkit.inventory.FactoryItemMaterialTest" name="blankEqualities[Material[40]:BIRCH_PRESSURE_PLATE]" time="0.007"/>
  <testcase classname="org.bukkit.craftbukkit.inventory.FactoryItemMaterialTest" name="generalCase[Material[40]:BIRCH_PRESSURE_PLATE]" time="0"/>
  <testcase classname="org.bukkit.craftbukkit.inventory.FactoryItemMaterialTest" name="asMetaFor[Material[40]:BIRCH_PRESSURE_PLATE]" time="0.013"/>
  <testcase classname="org.bukkit.craftbukkit.inventory.FactoryItemMaterialTest" name="itemStack[Material[40]:BIRCH_PRESSURE_PLATE]" time="0"/>
  <testcase classname="org.bukkit.craftbukkit.inventory.FactoryItemMaterialTest" name="blankEqualities[Material[41]:BIRCH_SAPLING]" time="0.007"/>
  <testcase classname="org.bukkit.craftbukkit.inventory.FactoryItemMaterialTest" name="generalCase[Material[41]:BIRCH_SAPLING]" time="0"/>
  <testcase classname="org.bukkit.craftbukkit.inventory.FactoryItemMaterialTest" name="asMetaFor[Material[41]:BIRCH_SAPLING]" time="0.009"/>
  <testcase classname="org.bukkit.craftbukkit.inventory.FactoryItemMaterialTest" name="itemStack[Material[41]:BIRCH_SAPLING]" time="0"/>
  <testcase classname="org.bukkit.craftbukkit.inventory.FactoryItemMaterialTest" name="blankEqualities[Material[42]:BIRCH_SLAB]" time="0.007"/>
  <testcase classname="org.bukkit.craftbukkit.inventory.FactoryItemMaterialTest" name="generalCase[Material[42]:BIRCH_SLAB]" time="0"/>
  <testcase classname="org.bukkit.craftbukkit.inventory.FactoryItemMaterialTest" name="asMetaFor[Material[42]:BIRCH_SLAB]" time="0.009"/>
  <testcase classname="org.bukkit.craftbukkit.inventory.FactoryItemMaterialTest" name="itemStack[Material[42]:BIRCH_SLAB]" time="0"/>
  <testcase classname="org.bukkit.craftbukkit.inventory.FactoryItemMaterialTest" name="blankEqualities[Material[43]:BIRCH_STAIRS]" time="0.007"/>
  <testcase classname="org.bukkit.craftbukkit.inventory.FactoryItemMaterialTest" name="generalCase[Material[43]:BIRCH_STAIRS]" time="0"/>
  <testcase classname="org.bukkit.craftbukkit.inventory.FactoryItemMaterialTest" name="asMetaFor[Material[43]:BIRCH_STAIRS]" time="0.009"/>
  <testcase classname="org.bukkit.craftbukkit.inventory.FactoryItemMaterialTest" name="itemStack[Material[43]:BIRCH_STAIRS]" time="0"/>
  <testcase classname="org.bukkit.craftbukkit.inventory.FactoryItemMaterialTest" name="blankEqualities[Material[44]:BIRCH_TRAPDOOR]" time="0.007"/>
  <testcase classname="org.bukkit.craftbukkit.inventory.FactoryItemMaterialTest" name="generalCase[Material[44]:BIRCH_TRAPDOOR]" time="0"/>
  <testcase classname="org.bukkit.craftbukkit.inventory.FactoryItemMaterialTest" name="asMetaFor[Material[44]:BIRCH_TRAPDOOR]" time="0.008"/>
  <testcase classname="org.bukkit.craftbukkit.inventory.FactoryItemMaterialTest" name="itemStack[Material[44]:BIRCH_TRAPDOOR]" time="0.001"/>
  <testcase classname="org.bukkit.craftbukkit.inventory.FactoryItemMaterialTest" name="blankEqualities[Material[45]:BIRCH_WOOD]" time="0.007"/>
  <testcase classname="org.bukkit.craftbukkit.inventory.FactoryItemMaterialTest" name="generalCase[Material[45]:BIRCH_WOOD]" time="0"/>
  <testcase classname="org.bukkit.craftbukkit.inventory.FactoryItemMaterialTest" name="asMetaFor[Material[45]:BIRCH_WOOD]" time="0.009"/>
  <testcase classname="org.bukkit.craftbukkit.inventory.FactoryItemMaterialTest" name="itemStack[Material[45]:BIRCH_WOOD]" time="0.001"/>
  <testcase classname="org.bukkit.craftbukkit.inventory.FactoryItemMaterialTest" name="blankEqualities[Material[46]:BLACK_BANNER]" time="0.016"/>
  <testcase classname="org.bukkit.craftbukkit.inventory.FactoryItemMaterialTest" name="generalCase[Material[46]:BLACK_BANNER]" time="0.001"/>
  <testcase classname="org.bukkit.craftbukkit.inventory.FactoryItemMaterialTest" name="asMetaFor[Material[46]:BLACK_BANNER]" time="0.01"/>
  <testcase classname="org.bukkit.craftbukkit.inventory.FactoryItemMaterialTest" name="itemStack[Material[46]:BLACK_BANNER]" time="0.001"/>
  <testcase classname="org.bukkit.craftbukkit.inventory.FactoryItemMaterialTest" name="blankEqualities[Material[47]:BLACK_BED]" time="0.007"/>
  <testcase classname="org.bukkit.craftbukkit.inventory.FactoryItemMaterialTest" name="generalCase[Material[47]:BLACK_BED]" time="0"/>
  <testcase classname="org.bukkit.craftbukkit.inventory.FactoryItemMaterialTest" name="asMetaFor[Material[47]:BLACK_BED]" time="0.009"/>
  <testcase classname="org.bukkit.craftbukkit.inventory.FactoryItemMaterialTest" name="itemStack[Material[47]:BLACK_BED]" time="0"/>
  <testcase classname="org.bukkit.craftbukkit.inventory.FactoryItemMaterialTest" name="blankEqualities[Material[48]:BLACK_CARPET]" time="0.007"/>
  <testcase classname="org.bukkit.craftbukkit.inventory.FactoryItemMaterialTest" name="generalCase[Material[48]:BLACK_CARPET]" time="0.001"/>
  <testcase classname="org.bukkit.craftbukkit.inventory.FactoryItemMaterialTest" name="asMetaFor[Material[48]:BLACK_CARPET]" time="0.009"/>
  <testcase classname="org.bukkit.craftbukkit.inventory.FactoryItemMaterialTest" name="itemStack[Material[48]:BLACK_CARPET]" time="0.001"/>
  <testcase classname="org.bukkit.craftbukkit.inventory.FactoryItemMaterialTest" name="blankEqualities[Material[49]:BLACK_CONCRETE]" time="0.007"/>
  <testcase classname="org.bukkit.craftbukkit.inventory.FactoryItemMaterialTest" name="generalCase[Material[49]:BLACK_CONCRETE]" time="0"/>
  <testcase classname="org.bukkit.craftbukkit.inventory.FactoryItemMaterialTest" name="asMetaFor[Material[49]:BLACK_CONCRETE]" time="0.009"/>
  <testcase classname="org.bukkit.craftbukkit.inventory.FactoryItemMaterialTest" name="itemStack[Material[49]:BLACK_CONCRETE]" time="0.001"/>
  <testcase classname="org.bukkit.craftbukkit.inventory.FactoryItemMaterialTest" name="blankEqualities[Material[50]:BLACK_CONCRETE_POWDER]" time="0.007"/>
  <testcase classname="org.bukkit.craftbukkit.inventory.FactoryItemMaterialTest" name="generalCase[Material[50]:BLACK_CONCRETE_POWDER]" time="0"/>
  <testcase classname="org.bukkit.craftbukkit.inventory.FactoryItemMaterialTest" name="asMetaFor[Material[50]:BLACK_CONCRETE_POWDER]" time="0.01"/>
  <testcase classname="org.bukkit.craftbukkit.inventory.FactoryItemMaterialTest" name="itemStack[Material[50]:BLACK_CONCRETE_POWDER]" time="0"/>
  <testcase classname="org.bukkit.craftbukkit.inventory.FactoryItemMaterialTest" name="blankEqualities[Material[51]:BLACK_GLAZED_TERRACOTTA]" time="0.007"/>
  <testcase classname="org.bukkit.craftbukkit.inventory.FactoryItemMaterialTest" name="generalCase[Material[51]:BLACK_GLAZED_TERRACOTTA]" time="0"/>
  <testcase classname="org.bukkit.craftbukkit.inventory.FactoryItemMaterialTest" name="asMetaFor[Material[51]:BLACK_GLAZED_TERRACOTTA]" time="0.009"/>
  <testcase classname="org.bukkit.craftbukkit.inventory.FactoryItemMaterialTest" name="itemStack[Material[51]:BLACK_GLAZED_TERRACOTTA]" time="0.001"/>
  <testcase classname="org.bukkit.craftbukkit.inventory.FactoryItemMaterialTest" name="blankEqualities[Material[52]:BLACK_SHULKER_BOX]" time="0.008"/>
  <testcase classname="org.bukkit.craftbukkit.inventory.FactoryItemMaterialTest" name="generalCase[Material[52]:BLACK_SHULKER_BOX]" time="0"/>
  <testcase classname="org.bukkit.craftbukkit.inventory.FactoryItemMaterialTest" name="asMetaFor[Material[52]:BLACK_SHULKER_BOX]" time="0.009"/>
  <testcase classname="org.bukkit.craftbukkit.inventory.FactoryItemMaterialTest" name="itemStack[Material[52]:BLACK_SHULKER_BOX]" time="0.001"/>
  <testcase classname="org.bukkit.craftbukkit.inventory.FactoryItemMaterialTest" name="blankEqualities[Material[53]:BLACK_STAINED_GLASS]" time="0.007"/>
  <testcase classname="org.bukkit.craftbukkit.inventory.FactoryItemMaterialTest" name="generalCase[Material[53]:BLACK_STAINED_GLASS]" time="0.001"/>
  <testcase classname="org.bukkit.craftbukkit.inventory.FactoryItemMaterialTest" name="asMetaFor[Material[53]:BLACK_STAINED_GLASS]" time="0.08"/>
  <testcase classname="org.bukkit.craftbukkit.inventory.FactoryItemMaterialTest" name="itemStack[Material[53]:BLACK_STAINED_GLASS]" time="0"/>
  <testcase classname="org.bukkit.craftbukkit.inventory.FactoryItemMaterialTest" name="blankEqualities[Material[54]:BLACK_STAINED_GLASS_PANE]" time="0.014"/>
  <testcase classname="org.bukkit.craftbukkit.inventory.FactoryItemMaterialTest" name="generalCase[Material[54]:BLACK_STAINED_GLASS_PANE]" time="0"/>
  <testcase classname="org.bukkit.craftbukkit.inventory.FactoryItemMaterialTest" name="asMetaFor[Material[54]:BLACK_STAINED_GLASS_PANE]" time="0.01"/>
  <testcase classname="org.bukkit.craftbukkit.inventory.FactoryItemMaterialTest" name="itemStack[Material[54]:BLACK_STAINED_GLASS_PANE]" time="0"/>
  <testcase classname="org.bukkit.craftbukkit.inventory.FactoryItemMaterialTest" name="blankEqualities[Material[55]:BLACK_TERRACOTTA]" time="0.007"/>
  <testcase classname="org.bukkit.craftbukkit.inventory.FactoryItemMaterialTest" name="generalCase[Material[55]:BLACK_TERRACOTTA]" time="0"/>
  <testcase classname="org.bukkit.craftbukkit.inventory.FactoryItemMaterialTest" name="asMetaFor[Material[55]:BLACK_TERRACOTTA]" time="0.009"/>
  <testcase classname="org.bukkit.craftbukkit.inventory.FactoryItemMaterialTest" name="itemStack[Material[55]:BLACK_TERRACOTTA]" time="0"/>
  <testcase classname="org.bukkit.craftbukkit.inventory.FactoryItemMaterialTest" name="blankEqualities[Material[56]:BLACK_WOOL]" time="0.007"/>
  <testcase classname="org.bukkit.craftbukkit.inventory.FactoryItemMaterialTest" name="generalCase[Material[56]:BLACK_WOOL]" time="0.001"/>
  <testcase classname="org.bukkit.craftbukkit.inventory.FactoryItemMaterialTest" name="asMetaFor[Material[56]:BLACK_WOOL]" time="0.009"/>
  <testcase classname="org.bukkit.craftbukkit.inventory.FactoryItemMaterialTest" name="itemStack[Material[56]:BLACK_WOOL]" time="0"/>
  <testcase classname="org.bukkit.craftbukkit.inventory.FactoryItemMaterialTest" name="blankEqualities[Material[57]:BLAZE_POWDER]" time="0.007"/>
  <testcase classname="org.bukkit.craftbukkit.inventory.FactoryItemMaterialTest" name="generalCase[Material[57]:BLAZE_POWDER]" time="0"/>
  <testcase classname="org.bukkit.craftbukkit.inventory.FactoryItemMaterialTest" name="asMetaFor[Material[57]:BLAZE_POWDER]" time="0.009"/>
  <testcase classname="org.bukkit.craftbukkit.inventory.FactoryItemMaterialTest" name="itemStack[Material[57]:BLAZE_POWDER]" time="0"/>
  <testcase classname="org.bukkit.craftbukkit.inventory.FactoryItemMaterialTest" name="blankEqualities[Material[58]:BLAZE_ROD]" time="0.008"/>
  <testcase classname="org.bukkit.craftbukkit.inventory.FactoryItemMaterialTest" name="generalCase[Material[58]:BLAZE_ROD]" time="0"/>
  <testcase classname="org.bukkit.craftbukkit.inventory.FactoryItemMaterialTest" name="asMetaFor[Material[58]:BLAZE_ROD]" time="0.011"/>
  <testcase classname="org.bukkit.craftbukkit.inventory.FactoryItemMaterialTest" name="itemStack[Material[58]:BLAZE_ROD]" time="0"/>
  <testcase classname="org.bukkit.craftbukkit.inventory.FactoryItemMaterialTest" name="blankEqualities[Material[59]:BLAZE_SPAWN_EGG]" time="0.008"/>
  <testcase classname="org.bukkit.craftbukkit.inventory.FactoryItemMaterialTest" name="generalCase[Material[59]:BLAZE_SPAWN_EGG]" time="0"/>
  <testcase classname="org.bukkit.craftbukkit.inventory.FactoryItemMaterialTest" name="asMetaFor[Material[59]:BLAZE_SPAWN_EGG]" time="0.009"/>
  <testcase classname="org.bukkit.craftbukkit.inventory.FactoryItemMaterialTest" name="itemStack[Material[59]:BLAZE_SPAWN_EGG]" time="0"/>
  <testcase classname="org.bukkit.craftbukkit.inventory.FactoryItemMaterialTest" name="blankEqualities[Material[60]:BLUE_BANNER]" time="0.008"/>
  <testcase classname="org.bukkit.craftbukkit.inventory.FactoryItemMaterialTest" name="generalCase[Material[60]:BLUE_BANNER]" time="0.006"/>
  <testcase classname="org.bukkit.craftbukkit.inventory.FactoryItemMaterialTest" name="asMetaFor[Material[60]:BLUE_BANNER]" time="0.009"/>
  <testcase classname="org.bukkit.craftbukkit.inventory.FactoryItemMaterialTest" name="itemStack[Material[60]:BLUE_BANNER]" time="0"/>
  <testcase classname="org.bukkit.craftbukkit.inventory.FactoryItemMaterialTest" name="blankEqualities[Material[61]:BLUE_BED]" time="0.007"/>
  <testcase classname="org.bukkit.craftbukkit.inventory.FactoryItemMaterialTest" name="generalCase[Material[61]:BLUE_BED]" time="0"/>
  <testcase classname="org.bukkit.craftbukkit.inventory.FactoryItemMaterialTest" name="asMetaFor[Material[61]:BLUE_BED]" time="0.009"/>
  <testcase classname="org.bukkit.craftbukkit.inventory.FactoryItemMaterialTest" name="itemStack[Material[61]:BLUE_BED]" time="0.001"/>
  <testcase classname="org.bukkit.craftbukkit.inventory.FactoryItemMaterialTest" name="blankEqualities[Material[62]:BLUE_CARPET]" time="0.007"/>
  <testcase classname="org.bukkit.craftbukkit.inventory.FactoryItemMaterialTest" name="generalCase[Material[62]:BLUE_CARPET]" time="0"/>
  <testcase classname="org.bukkit.craftbukkit.inventory.FactoryItemMaterialTest" name="asMetaFor[Material[62]:BLUE_CARPET]" time="0.009"/>
  <testcase classname="org.bukkit.craftbukkit.inventory.FactoryItemMaterialTest" name="itemStack[Material[62]:BLUE_CARPET]" time="0.001"/>
  <testcase classname="org.bukkit.craftbukkit.inventory.FactoryItemMaterialTest" name="blankEqualities[Material[63]:BLUE_CONCRETE]" time="0.008"/>
  <testcase classname="org.bukkit.craftbukkit.inventory.FactoryItemMaterialTest" name="generalCase[Material[63]:BLUE_CONCRETE]" time="0.001"/>
  <testcase classname="org.bukkit.craftbukkit.inventory.FactoryItemMaterialTest" name="asMetaFor[Material[63]:BLUE_CONCRETE]" time="0.01"/>
  <testcase classname="org.bukkit.craftbukkit.inventory.FactoryItemMaterialTest" name="itemStack[Material[63]:BLUE_CONCRETE]" time="0"/>
  <testcase classname="org.bukkit.craftbukkit.inventory.FactoryItemMaterialTest" name="blankEqualities[Material[64]:BLUE_CONCRETE_POWDER]" time="0.007"/>
  <testcase classname="org.bukkit.craftbukkit.inventory.FactoryItemMaterialTest" name="generalCase[Material[64]:BLUE_CONCRETE_POWDER]" time="0"/>
  <testcase classname="org.bukkit.craftbukkit.inventory.FactoryItemMaterialTest" name="asMetaFor[Material[64]:BLUE_CONCRETE_POWDER]" time="0.009"/>
  <testcase classname="org.bukkit.craftbukkit.inventory.FactoryItemMaterialTest" name="itemStack[Material[64]:BLUE_CONCRETE_POWDER]" time="0"/>
  <testcase classname="org.bukkit.craftbukkit.inventory.FactoryItemMaterialTest" name="blankEqualities[Material[65]:BLUE_GLAZED_TERRACOTTA]" time="0.007"/>
  <testcase classname="org.bukkit.craftbukkit.inventory.FactoryItemMaterialTest" name="generalCase[Material[65]:BLUE_GLAZED_TERRACOTTA]" time="0"/>
  <testcase classname="org.bukkit.craftbukkit.inventory.FactoryItemMaterialTest" name="asMetaFor[Material[65]:BLUE_GLAZED_TERRACOTTA]" time="0.009"/>
  <testcase classname="org.bukkit.craftbukkit.inventory.FactoryItemMaterialTest" name="itemStack[Material[65]:BLUE_GLAZED_TERRACOTTA]" time="0.001"/>
  <testcase classname="org.bukkit.craftbukkit.inventory.FactoryItemMaterialTest" name="blankEqualities[Material[66]:BLUE_ICE]" time="0.007"/>
  <testcase classname="org.bukkit.craftbukkit.inventory.FactoryItemMaterialTest" name="generalCase[Material[66]:BLUE_ICE]" time="0.001"/>
  <testcase classname="org.bukkit.craftbukkit.inventory.FactoryItemMaterialTest" name="asMetaFor[Material[66]:BLUE_ICE]" time="0.009"/>
  <testcase classname="org.bukkit.craftbukkit.inventory.FactoryItemMaterialTest" name="itemStack[Material[66]:BLUE_ICE]" time="0.001"/>
  <testcase classname="org.bukkit.craftbukkit.inventory.FactoryItemMaterialTest" name="blankEqualities[Material[67]:BLUE_ORCHID]" time="0.007"/>
  <testcase classname="org.bukkit.craftbukkit.inventory.FactoryItemMaterialTest" name="generalCase[Material[67]:BLUE_ORCHID]" time="0"/>
  <testcase classname="org.bukkit.craftbukkit.inventory.FactoryItemMaterialTest" name="asMetaFor[Material[67]:BLUE_ORCHID]" time="0.009"/>
  <testcase classname="org.bukkit.craftbukkit.inventory.FactoryItemMaterialTest" name="itemStack[Material[67]:BLUE_ORCHID]" time="0"/>
  <testcase classname="org.bukkit.craftbukkit.inventory.FactoryItemMaterialTest" name="blankEqualities[Material[68]:BLUE_SHULKER_BOX]" time="0.007"/>
  <testcase classname="org.bukkit.craftbukkit.inventory.FactoryItemMaterialTest" name="generalCase[Material[68]:BLUE_SHULKER_BOX]" time="0"/>
  <testcase classname="org.bukkit.craftbukkit.inventory.FactoryItemMaterialTest" name="asMetaFor[Material[68]:BLUE_SHULKER_BOX]" time="0.009"/>
  <testcase classname="org.bukkit.craftbukkit.inventory.FactoryItemMaterialTest" name="itemStack[Material[68]:BLUE_SHULKER_BOX]" time="0.001"/>
  <testcase classname="org.bukkit.craftbukkit.inventory.FactoryItemMaterialTest" name="blankEqualities[Material[69]:BLUE_STAINED_GLASS]" time="0.007"/>
  <testcase classname="org.bukkit.craftbukkit.inventory.FactoryItemMaterialTest" name="generalCase[Material[69]:BLUE_STAINED_GLASS]" time="0"/>
  <testcase classname="org.bukkit.craftbukkit.inventory.FactoryItemMaterialTest" name="asMetaFor[Material[69]:BLUE_STAINED_GLASS]" time="0.009"/>
  <testcase classname="org.bukkit.craftbukkit.inventory.FactoryItemMaterialTest" name="itemStack[Material[69]:BLUE_STAINED_GLASS]" time="0"/>
  <testcase classname="org.bukkit.craftbukkit.inventory.FactoryItemMaterialTest" name="blankEqualities[Material[70]:BLUE_STAINED_GLASS_PANE]" time="0.019"/>
  <testcase classname="org.bukkit.craftbukkit.inventory.FactoryItemMaterialTest" name="generalCase[Material[70]:BLUE_STAINED_GLASS_PANE]" time="0"/>
  <testcase classname="org.bukkit.craftbukkit.inventory.FactoryItemMaterialTest" name="asMetaFor[Material[70]:BLUE_STAINED_GLASS_PANE]" time="0.009"/>
  <testcase classname="org.bukkit.craftbukkit.inventory.FactoryItemMaterialTest" name="itemStack[Material[70]:BLUE_STAINED_GLASS_PANE]" time="0"/>
  <testcase classname="org.bukkit.craftbukkit.inventory.FactoryItemMaterialTest" name="blankEqualities[Material[71]:BLUE_TERRACOTTA]" time="0.007"/>
  <testcase classname="org.bukkit.craftbukkit.inventory.FactoryItemMaterialTest" name="generalCase[Material[71]:BLUE_TERRACOTTA]" time="0"/>
  <testcase classname="org.bukkit.craftbukkit.inventory.FactoryItemMaterialTest" name="asMetaFor[Material[71]:BLUE_TERRACOTTA]" time="0.009"/>
  <testcase classname="org.bukkit.craftbukkit.inventory.FactoryItemMaterialTest" name="itemStack[Material[71]:BLUE_TERRACOTTA]" time="0"/>
  <testcase classname="org.bukkit.craftbukkit.inventory.FactoryItemMaterialTest" name="blankEqualities[Material[72]:BLUE_WOOL]" time="0.007"/>
  <testcase classname="org.bukkit.craftbukkit.inventory.FactoryItemMaterialTest" name="generalCase[Material[72]:BLUE_WOOL]" time="0"/>
  <testcase classname="org.bukkit.craftbukkit.inventory.FactoryItemMaterialTest" name="asMetaFor[Material[72]:BLUE_WOOL]" time="0.009"/>
  <testcase classname="org.bukkit.craftbukkit.inventory.FactoryItemMaterialTest" name="itemStack[Material[72]:BLUE_WOOL]" time="0.001"/>
  <testcase classname="org.bukkit.craftbukkit.inventory.FactoryItemMaterialTest" name="blankEqualities[Material[73]:BONE]" time="0.007"/>
  <testcase classname="org.bukkit.craftbukkit.inventory.FactoryItemMaterialTest" name="generalCase[Material[73]:BONE]" time="0"/>
  <testcase classname="org.bukkit.craftbukkit.inventory.FactoryItemMaterialTest" name="asMetaFor[Material[73]:BONE]" time="0.009"/>
  <testcase classname="org.bukkit.craftbukkit.inventory.FactoryItemMaterialTest" name="itemStack[Material[73]:BONE]" time="0.001"/>
  <testcase classname="org.bukkit.craftbukkit.inventory.FactoryItemMaterialTest" name="blankEqualities[Material[74]:BONE_BLOCK]" time="0.007"/>
  <testcase classname="org.bukkit.craftbukkit.inventory.FactoryItemMaterialTest" name="generalCase[Material[74]:BONE_BLOCK]" time="0"/>
  <testcase classname="org.bukkit.craftbukkit.inventory.FactoryItemMaterialTest" name="asMetaFor[Material[74]:BONE_BLOCK]" time="0.009"/>
  <testcase classname="org.bukkit.craftbukkit.inventory.FactoryItemMaterialTest" name="itemStack[Material[74]:BONE_BLOCK]" time="0.001"/>
  <testcase classname="org.bukkit.craftbukkit.inventory.FactoryItemMaterialTest" name="blankEqualities[Material[75]:BONE_MEAL]" time="0.008"/>
  <testcase classname="org.bukkit.craftbukkit.inventory.FactoryItemMaterialTest" name="generalCase[Material[75]:BONE_MEAL]" time="0"/>
  <testcase classname="org.bukkit.craftbukkit.inventory.FactoryItemMaterialTest" name="asMetaFor[Material[75]:BONE_MEAL]" time="0.009"/>
  <testcase classname="org.bukkit.craftbukkit.inventory.FactoryItemMaterialTest" name="itemStack[Material[75]:BONE_MEAL]" time="0.001"/>
  <testcase classname="org.bukkit.craftbukkit.inventory.FactoryItemMaterialTest" name="blankEqualities[Material[76]:BOOK]" time="0.007"/>
  <testcase classname="org.bukkit.craftbukkit.inventory.FactoryItemMaterialTest" name="generalCase[Material[76]:BOOK]" time="0"/>
  <testcase classname="org.bukkit.craftbukkit.inventory.FactoryItemMaterialTest" name="asMetaFor[Material[76]:BOOK]" time="0.009"/>
  <testcase classname="org.bukkit.craftbukkit.inventory.FactoryItemMaterialTest" name="itemStack[Material[76]:BOOK]" time="0.001"/>
  <testcase classname="org.bukkit.craftbukkit.inventory.FactoryItemMaterialTest" name="blankEqualities[Material[77]:BOOKSHELF]" time="0.007"/>
  <testcase classname="org.bukkit.craftbukkit.inventory.FactoryItemMaterialTest" name="generalCase[Material[77]:BOOKSHELF]" time="0"/>
  <testcase classname="org.bukkit.craftbukkit.inventory.FactoryItemMaterialTest" name="asMetaFor[Material[77]:BOOKSHELF]" time="0.009"/>
  <testcase classname="org.bukkit.craftbukkit.inventory.FactoryItemMaterialTest" name="itemStack[Material[77]:BOOKSHELF]" time="0.001"/>
  <testcase classname="org.bukkit.craftbukkit.inventory.FactoryItemMaterialTest" name="blankEqualities[Material[78]:BOW]" time="0.006"/>
  <testcase classname="org.bukkit.craftbukkit.inventory.FactoryItemMaterialTest" name="generalCase[Material[78]:BOW]" time="0"/>
  <testcase classname="org.bukkit.craftbukkit.inventory.FactoryItemMaterialTest" name="asMetaFor[Material[78]:BOW]" time="0.009"/>
  <testcase classname="org.bukkit.craftbukkit.inventory.FactoryItemMaterialTest" name="itemStack[Material[78]:BOW]" time="0.001"/>
  <testcase classname="org.bukkit.craftbukkit.inventory.FactoryItemMaterialTest" name="blankEqualities[Material[79]:BOWL]" time="0.007"/>
  <testcase classname="org.bukkit.craftbukkit.inventory.FactoryItemMaterialTest" name="generalCase[Material[79]:BOWL]" time="0"/>
  <testcase classname="org.bukkit.craftbukkit.inventory.FactoryItemMaterialTest" name="asMetaFor[Material[79]:BOWL]" time="0.009"/>
  <testcase classname="org.bukkit.craftbukkit.inventory.FactoryItemMaterialTest" name="itemStack[Material[79]:BOWL]" time="0.001"/>
  <testcase classname="org.bukkit.craftbukkit.inventory.FactoryItemMaterialTest" name="blankEqualities[Material[80]:BRAIN_CORAL]" time="0.007"/>
  <testcase classname="org.bukkit.craftbukkit.inventory.FactoryItemMaterialTest" name="generalCase[Material[80]:BRAIN_CORAL]" time="0"/>
  <testcase classname="org.bukkit.craftbukkit.inventory.FactoryItemMaterialTest" name="asMetaFor[Material[80]:BRAIN_CORAL]" time="0.009"/>
  <testcase classname="org.bukkit.craftbukkit.inventory.FactoryItemMaterialTest" name="itemStack[Material[80]:BRAIN_CORAL]" time="0"/>
  <testcase classname="org.bukkit.craftbukkit.inventory.FactoryItemMaterialTest" name="blankEqualities[Material[81]:BRAIN_CORAL_BLOCK]" time="0.007"/>
  <testcase classname="org.bukkit.craftbukkit.inventory.FactoryItemMaterialTest" name="generalCase[Material[81]:BRAIN_CORAL_BLOCK]" time="0"/>
  <testcase classname="org.bukkit.craftbukkit.inventory.FactoryItemMaterialTest" name="asMetaFor[Material[81]:BRAIN_CORAL_BLOCK]" time="0.009"/>
  <testcase classname="org.bukkit.craftbukkit.inventory.FactoryItemMaterialTest" name="itemStack[Material[81]:BRAIN_CORAL_BLOCK]" time="0"/>
  <testcase classname="org.bukkit.craftbukkit.inventory.FactoryItemMaterialTest" name="blankEqualities[Material[82]:BRAIN_CORAL_FAN]" time="0.007"/>
  <testcase classname="org.bukkit.craftbukkit.inventory.FactoryItemMaterialTest" name="generalCase[Material[82]:BRAIN_CORAL_FAN]" time="0"/>
  <testcase classname="org.bukkit.craftbukkit.inventory.FactoryItemMaterialTest" name="asMetaFor[Material[82]:BRAIN_CORAL_FAN]" time="0.009"/>
  <testcase classname="org.bukkit.craftbukkit.inventory.FactoryItemMaterialTest" name="itemStack[Material[82]:BRAIN_CORAL_FAN]" time="0"/>
  <testcase classname="org.bukkit.craftbukkit.inventory.FactoryItemMaterialTest" name="blankEqualities[Material[83]:BREAD]" time="0.007"/>
  <testcase classname="org.bukkit.craftbukkit.inventory.FactoryItemMaterialTest" name="generalCase[Material[83]:BREAD]" time="0"/>
  <testcase classname="org.bukkit.craftbukkit.inventory.FactoryItemMaterialTest" name="asMetaFor[Material[83]:BREAD]" time="0.009"/>
  <testcase classname="org.bukkit.craftbukkit.inventory.FactoryItemMaterialTest" name="itemStack[Material[83]:BREAD]" time="0.001"/>
  <testcase classname="org.bukkit.craftbukkit.inventory.FactoryItemMaterialTest" name="blankEqualities[Material[84]:BREWING_STAND]" time="0.008"/>
  <testcase classname="org.bukkit.craftbukkit.inventory.FactoryItemMaterialTest" name="generalCase[Material[84]:BREWING_STAND]" time="0.001"/>
  <testcase classname="org.bukkit.craftbukkit.inventory.FactoryItemMaterialTest" name="asMetaFor[Material[84]:BREWING_STAND]" time="0.009"/>
  <testcase classname="org.bukkit.craftbukkit.inventory.FactoryItemMaterialTest" name="itemStack[Material[84]:BREWING_STAND]" time="0"/>
  <testcase classname="org.bukkit.craftbukkit.inventory.FactoryItemMaterialTest" name="blankEqualities[Material[85]:BRICK]" time="0.007"/>
  <testcase classname="org.bukkit.craftbukkit.inventory.FactoryItemMaterialTest" name="generalCase[Material[85]:BRICK]" time="0.001"/>
  <testcase classname="org.bukkit.craftbukkit.inventory.FactoryItemMaterialTest" name="asMetaFor[Material[85]:BRICK]" time="0.009"/>
  <testcase classname="org.bukkit.craftbukkit.inventory.FactoryItemMaterialTest" name="itemStack[Material[85]:BRICK]" time="0"/>
  <testcase classname="org.bukkit.craftbukkit.inventory.FactoryItemMaterialTest" name="blankEqualities[Material[86]:BRICKS]" time="0.019"/>
  <testcase classname="org.bukkit.craftbukkit.inventory.FactoryItemMaterialTest" name="generalCase[Material[86]:BRICKS]" time="0"/>
  <testcase classname="org.bukkit.craftbukkit.inventory.FactoryItemMaterialTest" name="asMetaFor[Material[86]:BRICKS]" time="0.009"/>
  <testcase classname="org.bukkit.craftbukkit.inventory.FactoryItemMaterialTest" name="itemStack[Material[86]:BRICKS]" time="0"/>
  <testcase classname="org.bukkit.craftbukkit.inventory.FactoryItemMaterialTest" name="blankEqualities[Material[87]:BRICK_SLAB]" time="0.008"/>
  <testcase classname="org.bukkit.craftbukkit.inventory.FactoryItemMaterialTest" name="generalCase[Material[87]:BRICK_SLAB]" time="0"/>
  <testcase classname="org.bukkit.craftbukkit.inventory.FactoryItemMaterialTest" name="asMetaFor[Material[87]:BRICK_SLAB]" time="0.009"/>
  <testcase classname="org.bukkit.craftbukkit.inventory.FactoryItemMaterialTest" name="itemStack[Material[87]:BRICK_SLAB]" time="0.001"/>
  <testcase classname="org.bukkit.craftbukkit.inventory.FactoryItemMaterialTest" name="blankEqualities[Material[88]:BRICK_STAIRS]" time="0.007"/>
  <testcase classname="org.bukkit.craftbukkit.inventory.FactoryItemMaterialTest" name="generalCase[Material[88]:BRICK_STAIRS]" time="0.001"/>
  <testcase classname="org.bukkit.craftbukkit.inventory.FactoryItemMaterialTest" name="asMetaFor[Material[88]:BRICK_STAIRS]" time="0.009"/>
  <testcase classname="org.bukkit.craftbukkit.inventory.FactoryItemMaterialTest" name="itemStack[Material[88]:BRICK_STAIRS]" time="0"/>
  <testcase classname="org.bukkit.craftbukkit.inventory.FactoryItemMaterialTest" name="blankEqualities[Material[89]:BROWN_BANNER]" time="0.008"/>
  <testcase classname="org.bukkit.craftbukkit.inventory.FactoryItemMaterialTest" name="generalCase[Material[89]:BROWN_BANNER]" time="0"/>
  <testcase classname="org.bukkit.craftbukkit.inventory.FactoryItemMaterialTest" name="asMetaFor[Material[89]:BROWN_BANNER]" time="0.01"/>
  <testcase classname="org.bukkit.craftbukkit.inventory.FactoryItemMaterialTest" name="itemStack[Material[89]:BROWN_BANNER]" time="0.001"/>
  <testcase classname="org.bukkit.craftbukkit.inventory.FactoryItemMaterialTest" name="blankEqualities[Material[90]:BROWN_BED]" time="0.007"/>
  <testcase classname="org.bukkit.craftbukkit.inventory.FactoryItemMaterialTest" name="generalCase[Material[90]:BROWN_BED]" time="0"/>
  <testcase classname="org.bukkit.craftbukkit.inventory.FactoryItemMaterialTest" name="asMetaFor[Material[90]:BROWN_BED]" time="0.009"/>
  <testcase classname="org.bukkit.craftbukkit.inventory.FactoryItemMaterialTest" name="itemStack[Material[90]:BROWN_BED]" time="0"/>
  <testcase classname="org.bukkit.craftbukkit.inventory.FactoryItemMaterialTest" name="blankEqualities[Material[91]:BROWN_CARPET]" time="0.008"/>
  <testcase classname="org.bukkit.craftbukkit.inventory.FactoryItemMaterialTest" name="generalCase[Material[91]:BROWN_CARPET]" time="0.001"/>
  <testcase classname="org.bukkit.craftbukkit.inventory.FactoryItemMaterialTest" name="asMetaFor[Material[91]:BROWN_CARPET]" time="0.009"/>
  <testcase classname="org.bukkit.craftbukkit.inventory.FactoryItemMaterialTest" name="itemStack[Material[91]:BROWN_CARPET]" time="0"/>
  <testcase classname="org.bukkit.craftbukkit.inventory.FactoryItemMaterialTest" name="blankEqualities[Material[92]:BROWN_CONCRETE]" time="0.007"/>
  <testcase classname="org.bukkit.craftbukkit.inventory.FactoryItemMaterialTest" name="generalCase[Material[92]:BROWN_CONCRETE]" time="0.001"/>
  <testcase classname="org.bukkit.craftbukkit.inventory.FactoryItemMaterialTest" name="asMetaFor[Material[92]:BROWN_CONCRETE]" time="0.009"/>
  <testcase classname="org.bukkit.craftbukkit.inventory.FactoryItemMaterialTest" name="itemStack[Material[92]:BROWN_CONCRETE]" time="0.001"/>
  <testcase classname="org.bukkit.craftbukkit.inventory.FactoryItemMaterialTest" name="blankEqualities[Material[93]:BROWN_CONCRETE_POWDER]" time="0.007"/>
  <testcase classname="org.bukkit.craftbukkit.inventory.FactoryItemMaterialTest" name="generalCase[Material[93]:BROWN_CONCRETE_POWDER]" time="0.001"/>
  <testcase classname="org.bukkit.craftbukkit.inventory.FactoryItemMaterialTest" name="asMetaFor[Material[93]:BROWN_CONCRETE_POWDER]" time="0.009"/>
  <testcase classname="org.bukkit.craftbukkit.inventory.FactoryItemMaterialTest" name="itemStack[Material[93]:BROWN_CONCRETE_POWDER]" time="0.001"/>
  <testcase classname="org.bukkit.craftbukkit.inventory.FactoryItemMaterialTest" name="blankEqualities[Material[94]:BROWN_GLAZED_TERRACOTTA]" time="0.028"/>
  <testcase classname="org.bukkit.craftbukkit.inventory.FactoryItemMaterialTest" name="generalCase[Material[94]:BROWN_GLAZED_TERRACOTTA]" time="0"/>
  <testcase classname="org.bukkit.craftbukkit.inventory.FactoryItemMaterialTest" name="asMetaFor[Material[94]:BROWN_GLAZED_TERRACOTTA]" time="0.011"/>
  <testcase classname="org.bukkit.craftbukkit.inventory.FactoryItemMaterialTest" name="itemStack[Material[94]:BROWN_GLAZED_TERRACOTTA]" time="0"/>
  <testcase classname="org.bukkit.craftbukkit.inventory.FactoryItemMaterialTest" name="blankEqualities[Material[95]:BROWN_MUSHROOM]" time="0.007"/>
  <testcase classname="org.bukkit.craftbukkit.inventory.FactoryItemMaterialTest" name="generalCase[Material[95]:BROWN_MUSHROOM]" time="0"/>
  <testcase classname="org.bukkit.craftbukkit.inventory.FactoryItemMaterialTest" name="asMetaFor[Material[95]:BROWN_MUSHROOM]" time="0.009"/>
  <testcase classname="org.bukkit.craftbukkit.inventory.FactoryItemMaterialTest" name="itemStack[Material[95]:BROWN_MUSHROOM]" time="0"/>
  <testcase classname="org.bukkit.craftbukkit.inventory.FactoryItemMaterialTest" name="blankEqualities[Material[96]:BROWN_MUSHROOM_BLOCK]" time="0.007"/>
  <testcase classname="org.bukkit.craftbukkit.inventory.FactoryItemMaterialTest" name="generalCase[Material[96]:BROWN_MUSHROOM_BLOCK]" time="0"/>
  <testcase classname="org.bukkit.craftbukkit.inventory.FactoryItemMaterialTest" name="asMetaFor[Material[96]:BROWN_MUSHROOM_BLOCK]" time="0.009"/>
  <testcase classname="org.bukkit.craftbukkit.inventory.FactoryItemMaterialTest" name="itemStack[Material[96]:BROWN_MUSHROOM_BLOCK]" time="0"/>
  <testcase classname="org.bukkit.craftbukkit.inventory.FactoryItemMaterialTest" name="blankEqualities[Material[97]:BROWN_SHULKER_BOX]" time="0.008"/>
  <testcase classname="org.bukkit.craftbukkit.inventory.FactoryItemMaterialTest" name="generalCase[Material[97]:BROWN_SHULKER_BOX]" time="0"/>
  <testcase classname="org.bukkit.craftbukkit.inventory.FactoryItemMaterialTest" name="asMetaFor[Material[97]:BROWN_SHULKER_BOX]" time="0.01"/>
  <testcase classname="org.bukkit.craftbukkit.inventory.FactoryItemMaterialTest" name="itemStack[Material[97]:BROWN_SHULKER_BOX]" time="0"/>
  <testcase classname="org.bukkit.craftbukkit.inventory.FactoryItemMaterialTest" name="blankEqualities[Material[98]:BROWN_STAINED_GLASS]" time="0.007"/>
  <testcase classname="org.bukkit.craftbukkit.inventory.FactoryItemMaterialTest" name="generalCase[Material[98]:BROWN_STAINED_GLASS]" time="0"/>
  <testcase classname="org.bukkit.craftbukkit.inventory.FactoryItemMaterialTest" name="asMetaFor[Material[98]:BROWN_STAINED_GLASS]" time="0.009"/>
  <testcase classname="org.bukkit.craftbukkit.inventory.FactoryItemMaterialTest" name="itemStack[Material[98]:BROWN_STAINED_GLASS]" time="0"/>
  <testcase classname="org.bukkit.craftbukkit.inventory.FactoryItemMaterialTest" name="blankEqualities[Material[99]:BROWN_STAINED_GLASS_PANE]" time="0.007"/>
  <testcase classname="org.bukkit.craftbukkit.inventory.FactoryItemMaterialTest" name="generalCase[Material[99]:BROWN_STAINED_GLASS_PANE]" time="0"/>
  <testcase classname="org.bukkit.craftbukkit.inventory.FactoryItemMaterialTest" name="asMetaFor[Material[99]:BROWN_STAINED_GLASS_PANE]" time="0.009"/>
  <testcase classname="org.bukkit.craftbukkit.inventory.FactoryItemMaterialTest" name="itemStack[Material[99]:BROWN_STAINED_GLASS_PANE]" time="0"/>
  <testcase classname="org.bukkit.craftbukkit.inventory.FactoryItemMaterialTest" name="blankEqualities[Material[100]:BROWN_TERRACOTTA]" time="0.007"/>
  <testcase classname="org.bukkit.craftbukkit.inventory.FactoryItemMaterialTest" name="generalCase[Material[100]:BROWN_TERRACOTTA]" time="0"/>
  <testcase classname="org.bukkit.craftbukkit.inventory.FactoryItemMaterialTest" name="asMetaFor[Material[100]:BROWN_TERRACOTTA]" time="0.009"/>
  <testcase classname="org.bukkit.craftbukkit.inventory.FactoryItemMaterialTest" name="itemStack[Material[100]:BROWN_TERRACOTTA]" time="0.001"/>
  <testcase classname="org.bukkit.craftbukkit.inventory.FactoryItemMaterialTest" name="blankEqualities[Material[101]:BROWN_WOOL]" time="0.007"/>
  <testcase classname="org.bukkit.craftbukkit.inventory.FactoryItemMaterialTest" name="generalCase[Material[101]:BROWN_WOOL]" time="0.001"/>
  <testcase classname="org.bukkit.craftbukkit.inventory.FactoryItemMaterialTest" name="asMetaFor[Material[101]:BROWN_WOOL]" time="0.009"/>
  <testcase classname="org.bukkit.craftbukkit.inventory.FactoryItemMaterialTest" name="itemStack[Material[101]:BROWN_WOOL]" time="0.001"/>
  <testcase classname="org.bukkit.craftbukkit.inventory.FactoryItemMaterialTest" name="blankEqualities[Material[102]:BUBBLE_CORAL]" time="0.007"/>
  <testcase classname="org.bukkit.craftbukkit.inventory.FactoryItemMaterialTest" name="generalCase[Material[102]:BUBBLE_CORAL]" time="0.001"/>
  <testcase classname="org.bukkit.craftbukkit.inventory.FactoryItemMaterialTest" name="asMetaFor[Material[102]:BUBBLE_CORAL]" time="0.009"/>
  <testcase classname="org.bukkit.craftbukkit.inventory.FactoryItemMaterialTest" name="itemStack[Material[102]:BUBBLE_CORAL]" time="0"/>
  <testcase classname="org.bukkit.craftbukkit.inventory.FactoryItemMaterialTest" name="blankEqualities[Material[103]:BUBBLE_CORAL_BLOCK]" time="0.007"/>
  <testcase classname="org.bukkit.craftbukkit.inventory.FactoryItemMaterialTest" name="generalCase[Material[103]:BUBBLE_CORAL_BLOCK]" time="0"/>
  <testcase classname="org.bukkit.craftbukkit.inventory.FactoryItemMaterialTest" name="asMetaFor[Material[103]:BUBBLE_CORAL_BLOCK]" time="0.009"/>
  <testcase classname="org.bukkit.craftbukkit.inventory.FactoryItemMaterialTest" name="itemStack[Material[103]:BUBBLE_CORAL_BLOCK]" time="0"/>
  <testcase classname="org.bukkit.craftbukkit.inventory.FactoryItemMaterialTest" name="blankEqualities[Material[104]:BUBBLE_CORAL_FAN]" time="0.007"/>
  <testcase classname="org.bukkit.craftbukkit.inventory.FactoryItemMaterialTest" name="generalCase[Material[104]:BUBBLE_CORAL_FAN]" time="0.001"/>
  <testcase classname="org.bukkit.craftbukkit.inventory.FactoryItemMaterialTest" name="asMetaFor[Material[104]:BUBBLE_CORAL_FAN]" time="0.009"/>
  <testcase classname="org.bukkit.craftbukkit.inventory.FactoryItemMaterialTest" name="itemStack[Material[104]:BUBBLE_CORAL_FAN]" time="0"/>
  <testcase classname="org.bukkit.craftbukkit.inventory.FactoryItemMaterialTest" name="blankEqualities[Material[105]:BUCKET]" time="0.006"/>
  <testcase classname="org.bukkit.craftbukkit.inventory.FactoryItemMaterialTest" name="generalCase[Material[105]:BUCKET]" time="0"/>
  <testcase classname="org.bukkit.craftbukkit.inventory.FactoryItemMaterialTest" name="asMetaFor[Material[105]:BUCKET]" time="0.009"/>
  <testcase classname="org.bukkit.craftbukkit.inventory.FactoryItemMaterialTest" name="itemStack[Material[105]:BUCKET]" time="0.001"/>
  <testcase classname="org.bukkit.craftbukkit.inventory.FactoryItemMaterialTest" name="blankEqualities[Material[106]:CACTUS]" time="0.007"/>
  <testcase classname="org.bukkit.craftbukkit.inventory.FactoryItemMaterialTest" name="generalCase[Material[106]:CACTUS]" time="0"/>
  <testcase classname="org.bukkit.craftbukkit.inventory.FactoryItemMaterialTest" name="asMetaFor[Material[106]:CACTUS]" time="0.009"/>
  <testcase classname="org.bukkit.craftbukkit.inventory.FactoryItemMaterialTest" name="itemStack[Material[106]:CACTUS]" time="0"/>
  <testcase classname="org.bukkit.craftbukkit.inventory.FactoryItemMaterialTest" name="blankEqualities[Material[107]:CACTUS_GREEN]" time="0.006"/>
  <testcase classname="org.bukkit.craftbukkit.inventory.FactoryItemMaterialTest" name="generalCase[Material[107]:CACTUS_GREEN]" time="0"/>
  <testcase classname="org.bukkit.craftbukkit.inventory.FactoryItemMaterialTest" name="asMetaFor[Material[107]:CACTUS_GREEN]" time="0.009"/>
  <testcase classname="org.bukkit.craftbukkit.inventory.FactoryItemMaterialTest" name="itemStack[Material[107]:CACTUS_GREEN]" time="0.001"/>
  <testcase classname="org.bukkit.craftbukkit.inventory.FactoryItemMaterialTest" name="blankEqualities[Material[108]:CAKE]" time="0.027"/>
  <testcase classname="org.bukkit.craftbukkit.inventory.FactoryItemMaterialTest" name="generalCase[Material[108]:CAKE]" time="0"/>
  <testcase classname="org.bukkit.craftbukkit.inventory.FactoryItemMaterialTest" name="asMetaFor[Material[108]:CAKE]" time="0.009"/>
  <testcase classname="org.bukkit.craftbukkit.inventory.FactoryItemMaterialTest" name="itemStack[Material[108]:CAKE]" time="0"/>
  <testcase classname="org.bukkit.craftbukkit.inventory.FactoryItemMaterialTest" name="blankEqualities[Material[109]:CARROT]" time="0.007"/>
  <testcase classname="org.bukkit.craftbukkit.inventory.FactoryItemMaterialTest" name="generalCase[Material[109]:CARROT]" time="0.001"/>
  <testcase classname="org.bukkit.craftbukkit.inventory.FactoryItemMaterialTest" name="asMetaFor[Material[109]:CARROT]" time="0.009"/>
  <testcase classname="org.bukkit.craftbukkit.inventory.FactoryItemMaterialTest" name="itemStack[Material[109]:CARROT]" time="0"/>
  <testcase classname="org.bukkit.craftbukkit.inventory.FactoryItemMaterialTest" name="blankEqualities[Material[110]:CARROT_ON_A_STICK]" time="0.007"/>
  <testcase classname="org.bukkit.craftbukkit.inventory.FactoryItemMaterialTest" name="generalCase[Material[110]:CARROT_ON_A_STICK]" time="0.001"/>
  <testcase classname="org.bukkit.craftbukkit.inventory.FactoryItemMaterialTest" name="asMetaFor[Material[110]:CARROT_ON_A_STICK]" time="0.009"/>
  <testcase classname="org.bukkit.craftbukkit.inventory.FactoryItemMaterialTest" name="itemStack[Material[110]:CARROT_ON_A_STICK]" time="0"/>
  <testcase classname="org.bukkit.craftbukkit.inventory.FactoryItemMaterialTest" name="blankEqualities[Material[111]:CARVED_PUMPKIN]" time="0.007"/>
  <testcase classname="org.bukkit.craftbukkit.inventory.FactoryItemMaterialTest" name="generalCase[Material[111]:CARVED_PUMPKIN]" time="0"/>
  <testcase classname="org.bukkit.craftbukkit.inventory.FactoryItemMaterialTest" name="asMetaFor[Material[111]:CARVED_PUMPKIN]" time="0.009"/>
  <testcase classname="org.bukkit.craftbukkit.inventory.FactoryItemMaterialTest" name="itemStack[Material[111]:CARVED_PUMPKIN]" time="0.001"/>
  <testcase classname="org.bukkit.craftbukkit.inventory.FactoryItemMaterialTest" name="blankEqualities[Material[112]:CAULDRON]" time="0.007"/>
  <testcase classname="org.bukkit.craftbukkit.inventory.FactoryItemMaterialTest" name="generalCase[Material[112]:CAULDRON]" time="0"/>
  <testcase classname="org.bukkit.craftbukkit.inventory.FactoryItemMaterialTest" name="asMetaFor[Material[112]:CAULDRON]" time="0.009"/>
  <testcase classname="org.bukkit.craftbukkit.inventory.FactoryItemMaterialTest" name="itemStack[Material[112]:CAULDRON]" time="0.001"/>
  <testcase classname="org.bukkit.craftbukkit.inventory.FactoryItemMaterialTest" name="blankEqualities[Material[113]:CAVE_SPIDER_SPAWN_EGG]" time="0.009"/>
  <testcase classname="org.bukkit.craftbukkit.inventory.FactoryItemMaterialTest" name="generalCase[Material[113]:CAVE_SPIDER_SPAWN_EGG]" time="0.001"/>
  <testcase classname="org.bukkit.craftbukkit.inventory.FactoryItemMaterialTest" name="asMetaFor[Material[113]:CAVE_SPIDER_SPAWN_EGG]" time="0.01"/>
  <testcase classname="org.bukkit.craftbukkit.inventory.FactoryItemMaterialTest" name="itemStack[Material[113]:CAVE_SPIDER_SPAWN_EGG]" time="0.001"/>
  <testcase classname="org.bukkit.craftbukkit.inventory.FactoryItemMaterialTest" name="blankEqualities[Material[114]:CHAINMAIL_BOOTS]" time="0.007"/>
  <testcase classname="org.bukkit.craftbukkit.inventory.FactoryItemMaterialTest" name="generalCase[Material[114]:CHAINMAIL_BOOTS]" time="0"/>
  <testcase classname="org.bukkit.craftbukkit.inventory.FactoryItemMaterialTest" name="asMetaFor[Material[114]:CHAINMAIL_BOOTS]" time="0.01"/>
  <testcase classname="org.bukkit.craftbukkit.inventory.FactoryItemMaterialTest" name="itemStack[Material[114]:CHAINMAIL_BOOTS]" time="0"/>
  <testcase classname="org.bukkit.craftbukkit.inventory.FactoryItemMaterialTest" name="blankEqualities[Material[115]:CHAINMAIL_CHESTPLATE]" time="0.007"/>
  <testcase classname="org.bukkit.craftbukkit.inventory.FactoryItemMaterialTest" name="generalCase[Material[115]:CHAINMAIL_CHESTPLATE]" time="0.001"/>
  <testcase classname="org.bukkit.craftbukkit.inventory.FactoryItemMaterialTest" name="asMetaFor[Material[115]:CHAINMAIL_CHESTPLATE]" time="0.009"/>
  <testcase classname="org.bukkit.craftbukkit.inventory.FactoryItemMaterialTest" name="itemStack[Material[115]:CHAINMAIL_CHESTPLATE]" time="0"/>
  <testcase classname="org.bukkit.craftbukkit.inventory.FactoryItemMaterialTest" name="blankEqualities[Material[116]:CHAINMAIL_HELMET]" time="0.007"/>
  <testcase classname="org.bukkit.craftbukkit.inventory.FactoryItemMaterialTest" name="generalCase[Material[116]:CHAINMAIL_HELMET]" time="0"/>
  <testcase classname="org.bukkit.craftbukkit.inventory.FactoryItemMaterialTest" name="asMetaFor[Material[116]:CHAINMAIL_HELMET]" time="0.009"/>
  <testcase classname="org.bukkit.craftbukkit.inventory.FactoryItemMaterialTest" name="itemStack[Material[116]:CHAINMAIL_HELMET]" time="0.001"/>
  <testcase classname="org.bukkit.craftbukkit.inventory.FactoryItemMaterialTest" name="blankEqualities[Material[117]:CHAINMAIL_LEGGINGS]" time="0.007"/>
  <testcase classname="org.bukkit.craftbukkit.inventory.FactoryItemMaterialTest" name="generalCase[Material[117]:CHAINMAIL_LEGGINGS]" time="0"/>
  <testcase classname="org.bukkit.craftbukkit.inventory.FactoryItemMaterialTest" name="asMetaFor[Material[117]:CHAINMAIL_LEGGINGS]" time="0.009"/>
  <testcase classname="org.bukkit.craftbukkit.inventory.FactoryItemMaterialTest" name="itemStack[Material[117]:CHAINMAIL_LEGGINGS]" time="0"/>
  <testcase classname="org.bukkit.craftbukkit.inventory.FactoryItemMaterialTest" name="blankEqualities[Material[118]:CHAIN_COMMAND_BLOCK]" time="0.007"/>
  <testcase classname="org.bukkit.craftbukkit.inventory.FactoryItemMaterialTest" name="generalCase[Material[118]:CHAIN_COMMAND_BLOCK]" time="0"/>
  <testcase classname="org.bukkit.craftbukkit.inventory.FactoryItemMaterialTest" name="asMetaFor[Material[118]:CHAIN_COMMAND_BLOCK]" time="0.024"/>
  <testcase classname="org.bukkit.craftbukkit.inventory.FactoryItemMaterialTest" name="itemStack[Material[118]:CHAIN_COMMAND_BLOCK]" time="0.001"/>
  <testcase classname="org.bukkit.craftbukkit.inventory.FactoryItemMaterialTest" name="blankEqualities[Material[119]:CHARCOAL]" time="0.007"/>
  <testcase classname="org.bukkit.craftbukkit.inventory.FactoryItemMaterialTest" name="generalCase[Material[119]:CHARCOAL]" time="0"/>
  <testcase classname="org.bukkit.craftbukkit.inventory.FactoryItemMaterialTest" name="asMetaFor[Material[119]:CHARCOAL]" time="0.009"/>
  <testcase classname="org.bukkit.craftbukkit.inventory.FactoryItemMaterialTest" name="itemStack[Material[119]:CHARCOAL]" time="0"/>
  <testcase classname="org.bukkit.craftbukkit.inventory.FactoryItemMaterialTest" name="blankEqualities[Material[120]:CHEST]" time="0.007"/>
  <testcase classname="org.bukkit.craftbukkit.inventory.FactoryItemMaterialTest" name="generalCase[Material[120]:CHEST]" time="0"/>
  <testcase classname="org.bukkit.craftbukkit.inventory.FactoryItemMaterialTest" name="asMetaFor[Material[120]:CHEST]" time="0.01"/>
  <testcase classname="org.bukkit.craftbukkit.inventory.FactoryItemMaterialTest" name="itemStack[Material[120]:CHEST]" time="0.001"/>
  <testcase classname="org.bukkit.craftbukkit.inventory.FactoryItemMaterialTest" name="blankEqualities[Material[121]:CHEST_MINECART]" time="0.007"/>
  <testcase classname="org.bukkit.craftbukkit.inventory.FactoryItemMaterialTest" name="generalCase[Material[121]:CHEST_MINECART]" time="0"/>
  <testcase classname="org.bukkit.craftbukkit.inventory.FactoryItemMaterialTest" name="asMetaFor[Material[121]:CHEST_MINECART]" time="0.009"/>
  <testcase classname="org.bukkit.craftbukkit.inventory.FactoryItemMaterialTest" name="itemStack[Material[121]:CHEST_MINECART]" time="0.001"/>
  <testcase classname="org.bukkit.craftbukkit.inventory.FactoryItemMaterialTest" name="blankEqualities[Material[122]:CHICKEN]" time="0.007"/>
  <testcase classname="org.bukkit.craftbukkit.inventory.FactoryItemMaterialTest" name="generalCase[Material[122]:CHICKEN]" time="0.004"/>
  <testcase classname="org.bukkit.craftbukkit.inventory.FactoryItemMaterialTest" name="asMetaFor[Material[122]:CHICKEN]" time="0.009"/>
  <testcase classname="org.bukkit.craftbukkit.inventory.FactoryItemMaterialTest" name="itemStack[Material[122]:CHICKEN]" time="0"/>
  <testcase classname="org.bukkit.craftbukkit.inventory.FactoryItemMaterialTest" name="blankEqualities[Material[123]:CHICKEN_SPAWN_EGG]" time="0.007"/>
  <testcase classname="org.bukkit.craftbukkit.inventory.FactoryItemMaterialTest" name="generalCase[Material[123]:CHICKEN_SPAWN_EGG]" time="0"/>
  <testcase classname="org.bukkit.craftbukkit.inventory.FactoryItemMaterialTest" name="asMetaFor[Material[123]:CHICKEN_SPAWN_EGG]" time="0.009"/>
  <testcase classname="org.bukkit.craftbukkit.inventory.FactoryItemMaterialTest" name="itemStack[Material[123]:CHICKEN_SPAWN_EGG]" time="0"/>
  <testcase classname="org.bukkit.craftbukkit.inventory.FactoryItemMaterialTest" name="blankEqualities[Material[124]:CHIPPED_ANVIL]" time="0.007"/>
  <testcase classname="org.bukkit.craftbukkit.inventory.FactoryItemMaterialTest" name="generalCase[Material[124]:CHIPPED_ANVIL]" time="0"/>
  <testcase classname="org.bukkit.craftbukkit.inventory.FactoryItemMaterialTest" name="asMetaFor[Material[124]:CHIPPED_ANVIL]" time="0.009"/>
  <testcase classname="org.bukkit.craftbukkit.inventory.FactoryItemMaterialTest" name="itemStack[Material[124]:CHIPPED_ANVIL]" time="0.001"/>
  <testcase classname="org.bukkit.craftbukkit.inventory.FactoryItemMaterialTest" name="blankEqualities[Material[125]:CHISELED_QUARTZ_BLOCK]" time="0.007"/>
  <testcase classname="org.bukkit.craftbukkit.inventory.FactoryItemMaterialTest" name="generalCase[Material[125]:CHISELED_QUARTZ_BLOCK]" time="0"/>
  <testcase classname="org.bukkit.craftbukkit.inventory.FactoryItemMaterialTest" name="asMetaFor[Material[125]:CHISELED_QUARTZ_BLOCK]" time="0.009"/>
  <testcase classname="org.bukkit.craftbukkit.inventory.FactoryItemMaterialTest" name="itemStack[Material[125]:CHISELED_QUARTZ_BLOCK]" time="0.001"/>
  <testcase classname="org.bukkit.craftbukkit.inventory.FactoryItemMaterialTest" name="blankEqualities[Material[126]:CHISELED_RED_SANDSTONE]" time="0.007"/>
  <testcase classname="org.bukkit.craftbukkit.inventory.FactoryItemMaterialTest" name="generalCase[Material[126]:CHISELED_RED_SANDSTONE]" time="0.001"/>
  <testcase classname="org.bukkit.craftbukkit.inventory.FactoryItemMaterialTest" name="asMetaFor[Material[126]:CHISELED_RED_SANDSTONE]" time="0.009"/>
  <testcase classname="org.bukkit.craftbukkit.inventory.FactoryItemMaterialTest" name="itemStack[Material[126]:CHISELED_RED_SANDSTONE]" time="0"/>
  <testcase classname="org.bukkit.craftbukkit.inventory.FactoryItemMaterialTest" name="blankEqualities[Material[127]:CHISELED_SANDSTONE]" time="0.006"/>
  <testcase classname="org.bukkit.craftbukkit.inventory.FactoryItemMaterialTest" name="generalCase[Material[127]:CHISELED_SANDSTONE]" time="0"/>
  <testcase classname="org.bukkit.craftbukkit.inventory.FactoryItemMaterialTest" name="asMetaFor[Material[127]:CHISELED_SANDSTONE]" time="0.009"/>
  <testcase classname="org.bukkit.craftbukkit.inventory.FactoryItemMaterialTest" name="itemStack[Material[127]:CHISELED_SANDSTONE]" time="0"/>
  <testcase classname="org.bukkit.craftbukkit.inventory.FactoryItemMaterialTest" name="blankEqualities[Material[128]:CHISELED_STONE_BRICKS]" time="0.007"/>
  <testcase classname="org.bukkit.craftbukkit.inventory.FactoryItemMaterialTest" name="generalCase[Material[128]:CHISELED_STONE_BRICKS]" time="0"/>
  <testcase classname="org.bukkit.craftbukkit.inventory.FactoryItemMaterialTest" name="asMetaFor[Material[128]:CHISELED_STONE_BRICKS]" time="0.009"/>
  <testcase classname="org.bukkit.craftbukkit.inventory.FactoryItemMaterialTest" name="itemStack[Material[128]:CHISELED_STONE_BRICKS]" time="0"/>
  <testcase classname="org.bukkit.craftbukkit.inventory.FactoryItemMaterialTest" name="blankEqualities[Material[129]:CHORUS_FLOWER]" time="0.007"/>
  <testcase classname="org.bukkit.craftbukkit.inventory.FactoryItemMaterialTest" name="generalCase[Material[129]:CHORUS_FLOWER]" time="0"/>
  <testcase classname="org.bukkit.craftbukkit.inventory.FactoryItemMaterialTest" name="asMetaFor[Material[129]:CHORUS_FLOWER]" time="0.009"/>
  <testcase classname="org.bukkit.craftbukkit.inventory.FactoryItemMaterialTest" name="itemStack[Material[129]:CHORUS_FLOWER]" time="0"/>
  <testcase classname="org.bukkit.craftbukkit.inventory.FactoryItemMaterialTest" name="blankEqualities[Material[130]:CHORUS_FRUIT]" time="0.007"/>
  <testcase classname="org.bukkit.craftbukkit.inventory.FactoryItemMaterialTest" name="generalCase[Material[130]:CHORUS_FRUIT]" time="0.001"/>
  <testcase classname="org.bukkit.craftbukkit.inventory.FactoryItemMaterialTest" name="asMetaFor[Material[130]:CHORUS_FRUIT]" time="0.009"/>
  <testcase classname="org.bukkit.craftbukkit.inventory.FactoryItemMaterialTest" name="itemStack[Material[130]:CHORUS_FRUIT]" time="0"/>
  <testcase classname="org.bukkit.craftbukkit.inventory.FactoryItemMaterialTest" name="blankEqualities[Material[131]:CHORUS_PLANT]" time="0.006"/>
  <testcase classname="org.bukkit.craftbukkit.inventory.FactoryItemMaterialTest" name="generalCase[Material[131]:CHORUS_PLANT]" time="0"/>
  <testcase classname="org.bukkit.craftbukkit.inventory.FactoryItemMaterialTest" name="asMetaFor[Material[131]:CHORUS_PLANT]" time="0.009"/>
  <testcase classname="org.bukkit.craftbukkit.inventory.FactoryItemMaterialTest" name="itemStack[Material[131]:CHORUS_PLANT]" time="0.001"/>
  <testcase classname="org.bukkit.craftbukkit.inventory.FactoryItemMaterialTest" name="blankEqualities[Material[132]:CLAY]" time="0.007"/>
  <testcase classname="org.bukkit.craftbukkit.inventory.FactoryItemMaterialTest" name="generalCase[Material[132]:CLAY]" time="0"/>
  <testcase classname="org.bukkit.craftbukkit.inventory.FactoryItemMaterialTest" name="asMetaFor[Material[132]:CLAY]" time="0.009"/>
  <testcase classname="org.bukkit.craftbukkit.inventory.FactoryItemMaterialTest" name="itemStack[Material[132]:CLAY]" time="0"/>
  <testcase classname="org.bukkit.craftbukkit.inventory.FactoryItemMaterialTest" name="blankEqualities[Material[133]:CLAY_BALL]" time="0.007"/>
  <testcase classname="org.bukkit.craftbukkit.inventory.FactoryItemMaterialTest" name="generalCase[Material[133]:CLAY_BALL]" time="0.001"/>
  <testcase classname="org.bukkit.craftbukkit.inventory.FactoryItemMaterialTest" name="asMetaFor[Material[133]:CLAY_BALL]" time="0.009"/>
  <testcase classname="org.bukkit.craftbukkit.inventory.FactoryItemMaterialTest" name="itemStack[Material[133]:CLAY_BALL]" time="0"/>
  <testcase classname="org.bukkit.craftbukkit.inventory.FactoryItemMaterialTest" name="blankEqualities[Material[134]:CLOCK]" time="0.006"/>
  <testcase classname="org.bukkit.craftbukkit.inventory.FactoryItemMaterialTest" name="generalCase[Material[134]:CLOCK]" time="0"/>
  <testcase classname="org.bukkit.craftbukkit.inventory.FactoryItemMaterialTest" name="asMetaFor[Material[134]:CLOCK]" time="0.009"/>
  <testcase classname="org.bukkit.craftbukkit.inventory.FactoryItemMaterialTest" name="itemStack[Material[134]:CLOCK]" time="0"/>
  <testcase classname="org.bukkit.craftbukkit.inventory.FactoryItemMaterialTest" name="blankEqualities[Material[135]:COAL]" time="0.007"/>
  <testcase classname="org.bukkit.craftbukkit.inventory.FactoryItemMaterialTest" name="generalCase[Material[135]:COAL]" time="0"/>
  <testcase classname="org.bukkit.craftbukkit.inventory.FactoryItemMaterialTest" name="asMetaFor[Material[135]:COAL]" time="0.009"/>
  <testcase classname="org.bukkit.craftbukkit.inventory.FactoryItemMaterialTest" name="itemStack[Material[135]:COAL]" time="0.001"/>
  <testcase classname="org.bukkit.craftbukkit.inventory.FactoryItemMaterialTest" name="blankEqualities[Material[136]:COAL_BLOCK]" time="0.007"/>
  <testcase classname="org.bukkit.craftbukkit.inventory.FactoryItemMaterialTest" name="generalCase[Material[136]:COAL_BLOCK]" time="0"/>
  <testcase classname="org.bukkit.craftbukkit.inventory.FactoryItemMaterialTest" name="asMetaFor[Material[136]:COAL_BLOCK]" time="0.008"/>
  <testcase classname="org.bukkit.craftbukkit.inventory.FactoryItemMaterialTest" name="itemStack[Material[136]:COAL_BLOCK]" time="0"/>
  <testcase classname="org.bukkit.craftbukkit.inventory.FactoryItemMaterialTest" name="blankEqualities[Material[137]:COAL_ORE]" time="0.007"/>
  <testcase classname="org.bukkit.craftbukkit.inventory.FactoryItemMaterialTest" name="generalCase[Material[137]:COAL_ORE]" time="0.001"/>
  <testcase classname="org.bukkit.craftbukkit.inventory.FactoryItemMaterialTest" name="asMetaFor[Material[137]:COAL_ORE]" time="0.009"/>
  <testcase classname="org.bukkit.craftbukkit.inventory.FactoryItemMaterialTest" name="itemStack[Material[137]:COAL_ORE]" time="0"/>
  <testcase classname="org.bukkit.craftbukkit.inventory.FactoryItemMaterialTest" name="blankEqualities[Material[138]:COARSE_DIRT]" time="0.006"/>
  <testcase classname="org.bukkit.craftbukkit.inventory.FactoryItemMaterialTest" name="generalCase[Material[138]:COARSE_DIRT]" time="0"/>
  <testcase classname="org.bukkit.craftbukkit.inventory.FactoryItemMaterialTest" name="asMetaFor[Material[138]:COARSE_DIRT]" time="0.02"/>
  <testcase classname="org.bukkit.craftbukkit.inventory.FactoryItemMaterialTest" name="itemStack[Material[138]:COARSE_DIRT]" time="0"/>
  <testcase classname="org.bukkit.craftbukkit.inventory.FactoryItemMaterialTest" name="blankEqualities[Material[139]:COBBLESTONE]" time="0.007"/>
  <testcase classname="org.bukkit.craftbukkit.inventory.FactoryItemMaterialTest" name="generalCase[Material[139]:COBBLESTONE]" time="0.001"/>
  <testcase classname="org.bukkit.craftbukkit.inventory.FactoryItemMaterialTest" name="asMetaFor[Material[139]:COBBLESTONE]" time="0.009"/>
  <testcase classname="org.bukkit.craftbukkit.inventory.FactoryItemMaterialTest" name="itemStack[Material[139]:COBBLESTONE]" time="0.001"/>
  <testcase classname="org.bukkit.craftbukkit.inventory.FactoryItemMaterialTest" name="blankEqualities[Material[140]:COBBLESTONE_SLAB]" time="0.006"/>
  <testcase classname="org.bukkit.craftbukkit.inventory.FactoryItemMaterialTest" name="generalCase[Material[140]:COBBLESTONE_SLAB]" time="0"/>
  <testcase classname="org.bukkit.craftbukkit.inventory.FactoryItemMaterialTest" name="asMetaFor[Material[140]:COBBLESTONE_SLAB]" time="0.009"/>
  <testcase classname="org.bukkit.craftbukkit.inventory.FactoryItemMaterialTest" name="itemStack[Material[140]:COBBLESTONE_SLAB]" time="0.001"/>
[...]
  <testcase classname="org.bukkit.craftbukkit.inventory.FactoryItemMaterialTest" name="blankEqualities[Material[756]:WHITE_GLAZED_TERRACOTTA]" time="0.006"/>
  <testcase classname="org.bukkit.craftbukkit.inventory.FactoryItemMaterialTest" name="generalCase[Material[756]:WHITE_GLAZED_TERRACOTTA]" time="0"/>
  <testcase classname="org.bukkit.craftbukkit.inventory.FactoryItemMaterialTest" name="asMetaFor[Material[756]:WHITE_GLAZED_TERRACOTTA]" time="0.008"/>
  <testcase classname="org.bukkit.craftbukkit.inventory.FactoryItemMaterialTest" name="itemStack[Material[756]:WHITE_GLAZED_TERRACOTTA]" time="0.001"/>
  <testcase classname="org.bukkit.craftbukkit.inventory.FactoryItemMaterialTest" name="blankEqualities[Material[757]:WHITE_SHULKER_BOX]" time="0.007"/>
  <testcase classname="org.bukkit.craftbukkit.inventory.FactoryItemMaterialTest" name="generalCase[Material[757]:WHITE_SHULKER_BOX]" time="0"/>
  <testcase classname="org.bukkit.craftbukkit.inventory.FactoryItemMaterialTest" name="asMetaFor[Material[757]:WHITE_SHULKER_BOX]" time="0.009"/>
  <testcase classname="org.bukkit.craftbukkit.inventory.FactoryItemMaterialTest" name="itemStack[Material[757]:WHITE_SHULKER_BOX]" time="0"/>
  <testcase classname="org.bukkit.craftbukkit.inventory.FactoryItemMaterialTest" name="blankEqualities[Material[758]:WHITE_STAINED_GLASS]" time="0.007"/>
  <testcase classname="org.bukkit.craftbukkit.inventory.FactoryItemMaterialTest" name="generalCase[Material[758]:WHITE_STAINED_GLASS]" time="0"/>
  <testcase classname="org.bukkit.craftbukkit.inventory.FactoryItemMaterialTest" name="asMetaFor[Material[758]:WHITE_STAINED_GLASS]" time="0.009"/>
  <testcase classname="org.bukkit.craftbukkit.inventory.FactoryItemMaterialTest" name="itemStack[Material[758]:WHITE_STAINED_GLASS]" time="0"/>
  <testcase classname="org.bukkit.craftbukkit.inventory.FactoryItemMaterialTest" name="blankEqualities[Material[759]:WHITE_STAINED_GLASS_PANE]" time="0.007"/>
  <testcase classname="org.bukkit.craftbukkit.inventory.FactoryItemMaterialTest" name="generalCase[Material[759]:WHITE_STAINED_GLASS_PANE]" time="0"/>
  <testcase classname="org.bukkit.craftbukkit.inventory.FactoryItemMaterialTest" name="asMetaFor[Material[759]:WHITE_STAINED_GLASS_PANE]" time="0.009"/>
  <testcase classname="org.bukkit.craftbukkit.inventory.FactoryItemMaterialTest" name="itemStack[Material[759]:WHITE_STAINED_GLASS_PANE]" time="0"/>
  <testcase classname="org.bukkit.craftbukkit.inventory.FactoryItemMaterialTest" name="blankEqualities[Material[760]:WHITE_TERRACOTTA]" time="0.007"/>
  <testcase classname="org.bukkit.craftbukkit.inventory.FactoryItemMaterialTest" name="generalCase[Material[760]:WHITE_TERRACOTTA]" time="0"/>
  <testcase classname="org.bukkit.craftbukkit.inventory.FactoryItemMaterialTest" name="asMetaFor[Material[760]:WHITE_TERRACOTTA]" time="0.009"/>
  <testcase classname="org.bukkit.craftbukkit.inventory.FactoryItemMaterialTest" name="itemStack[Material[760]:WHITE_TERRACOTTA]" time="0"/>
  <testcase classname="org.bukkit.craftbukkit.inventory.FactoryItemMaterialTest" name="blankEqualities[Material[761]:WHITE_TULIP]" time="0.007"/>
  <testcase classname="org.bukkit.craftbukkit.inventory.FactoryItemMaterialTest" name="generalCase[Material[761]:WHITE_TULIP]" time="0"/>
  <testcase classname="org.bukkit.craftbukkit.inventory.FactoryItemMaterialTest" name="asMetaFor[Material[761]:WHITE_TULIP]" time="0.009"/>
  <testcase classname="org.bukkit.craftbukkit.inventory.FactoryItemMaterialTest" name="itemStack[Material[761]:WHITE_TULIP]" time="0"/>
  <testcase classname="org.bukkit.craftbukkit.inventory.FactoryItemMaterialTest" name="blankEqualities[Material[762]:WHITE_WOOL]" time="0.007"/>
  <testcase classname="org.bukkit.craftbukkit.inventory.FactoryItemMaterialTest" name="generalCase[Material[762]:WHITE_WOOL]" time="0"/>
  <testcase classname="org.bukkit.craftbukkit.inventory.FactoryItemMaterialTest" name="asMetaFor[Material[762]:WHITE_WOOL]" time="0.009"/>
  <testcase classname="org.bukkit.craftbukkit.inventory.FactoryItemMaterialTest" name="itemStack[Material[762]:WHITE_WOOL]" time="0"/>
  <testcase classname="org.bukkit.craftbukkit.inventory.FactoryItemMaterialTest" name="blankEqualities[Material[763]:WITCH_SPAWN_EGG]" time="0.007"/>
  <testcase classname="org.bukkit.craftbukkit.inventory.FactoryItemMaterialTest" name="generalCase[Material[763]:WITCH_SPAWN_EGG]" time="0"/>
  <testcase classname="org.bukkit.craftbukkit.inventory.FactoryItemMaterialTest" name="asMetaFor[Material[763]:WITCH_SPAWN_EGG]" time="0.008"/>
  <testcase classname="org.bukkit.craftbukkit.inventory.FactoryItemMaterialTest" name="itemStack[Material[763]:WITCH_SPAWN_EGG]" time="0"/>
  <testcase classname="org.bukkit.craftbukkit.inventory.FactoryItemMaterialTest" name="blankEqualities[Material[764]:WITHER_SKELETON_SKULL]" time="0.006"/>
  <testcase classname="org.bukkit.craftbukkit.inventory.FactoryItemMaterialTest" name="generalCase[Material[764]:WITHER_SKELETON_SKULL]" time="0"/>
  <testcase classname="org.bukkit.craftbukkit.inventory.FactoryItemMaterialTest" name="asMetaFor[Material[764]:WITHER_SKELETON_SKULL]" time="0.008"/>
  <testcase classname="org.bukkit.craftbukkit.inventory.FactoryItemMaterialTest" name="itemStack[Material[764]:WITHER_SKELETON_SKULL]" time="0.001"/>
  <testcase classname="org.bukkit.craftbukkit.inventory.FactoryItemMaterialTest" name="blankEqualities[Material[765]:WITHER_SKELETON_SPAWN_EGG]" time="0.007"/>
  <testcase classname="org.bukkit.craftbukkit.inventory.FactoryItemMaterialTest" name="generalCase[Material[765]:WITHER_SKELETON_SPAWN_EGG]" time="0"/>
  <testcase classname="org.bukkit.craftbukkit.inventory.FactoryItemMaterialTest" name="asMetaFor[Material[765]:WITHER_SKELETON_SPAWN_EGG]" time="0.009"/>
  <testcase classname="org.bukkit.craftbukkit.inventory.FactoryItemMaterialTest" name="itemStack[Material[765]:WITHER_SKELETON_SPAWN_EGG]" time="0"/>
  <testcase classname="org.bukkit.craftbukkit.inventory.FactoryItemMaterialTest" name="blankEqualities[Material[766]:WOLF_SPAWN_EGG]" time="0.007"/>
  <testcase classname="org.bukkit.craftbukkit.inventory.FactoryItemMaterialTest" name="generalCase[Material[766]:WOLF_SPAWN_EGG]" time="0.001"/>
  <testcase classname="org.bukkit.craftbukkit.inventory.FactoryItemMaterialTest" name="asMetaFor[Material[766]:WOLF_SPAWN_EGG]" time="0.008"/>
  <testcase classname="org.bukkit.craftbukkit.inventory.FactoryItemMaterialTest" name="itemStack[Material[766]:WOLF_SPAWN_EGG]" time="0.001"/>
  <testcase classname="org.bukkit.craftbukkit.inventory.FactoryItemMaterialTest" name="blankEqualities[Material[767]:WOODEN_AXE]" time="0.006"/>
  <testcase classname="org.bukkit.craftbukkit.inventory.FactoryItemMaterialTest" name="generalCase[Material[767]:WOODEN_AXE]" time="0"/>
  <testcase classname="org.bukkit.craftbukkit.inventory.FactoryItemMaterialTest" name="asMetaFor[Material[767]:WOODEN_AXE]" time="0.008"/>
  <testcase classname="org.bukkit.craftbukkit.inventory.FactoryItemMaterialTest" name="itemStack[Material[767]:WOODEN_AXE]" time="0"/>
  <testcase classname="org.bukkit.craftbukkit.inventory.FactoryItemMaterialTest" name="blankEqualities[Material[768]:WOODEN_HOE]" time="0.006"/>
  <testcase classname="org.bukkit.craftbukkit.inventory.FactoryItemMaterialTest" name="generalCase[Material[768]:WOODEN_HOE]" time="0"/>
  <testcase classname="org.bukkit.craftbukkit.inventory.FactoryItemMaterialTest" name="asMetaFor[Material[768]:WOODEN_HOE]" time="0.008"/>
  <testcase classname="org.bukkit.craftbukkit.inventory.FactoryItemMaterialTest" name="itemStack[Material[768]:WOODEN_HOE]" time="0"/>
  <testcase classname="org.bukkit.craftbukkit.inventory.FactoryItemMaterialTest" name="blankEqualities[Material[769]:WOODEN_PICKAXE]" time="0.006"/>
  <testcase classname="org.bukkit.craftbukkit.inventory.FactoryItemMaterialTest" name="generalCase[Material[769]:WOODEN_PICKAXE]" time="0"/>
  <testcase classname="org.bukkit.craftbukkit.inventory.FactoryItemMaterialTest" name="asMetaFor[Material[769]:WOODEN_PICKAXE]" time="0.009"/>
  <testcase classname="org.bukkit.craftbukkit.inventory.FactoryItemMaterialTest" name="itemStack[Material[769]:WOODEN_PICKAXE]" time="0"/>
  <testcase classname="org.bukkit.craftbukkit.inventory.FactoryItemMaterialTest" name="blankEqualities[Material[770]:WOODEN_SHOVEL]" time="0.007"/>
  <testcase classname="org.bukkit.craftbukkit.inventory.FactoryItemMaterialTest" name="generalCase[Material[770]:WOODEN_SHOVEL]" time="0"/>
  <testcase classname="org.bukkit.craftbukkit.inventory.FactoryItemMaterialTest" name="asMetaFor[Material[770]:WOODEN_SHOVEL]" time="0.009"/>
  <testcase classname="org.bukkit.craftbukkit.inventory.FactoryItemMaterialTest" name="itemStack[Material[770]:WOODEN_SHOVEL]" time="0"/>
  <testcase classname="org.bukkit.craftbukkit.inventory.FactoryItemMaterialTest" name="blankEqualities[Material[771]:WOODEN_SWORD]" time="0.006"/>
  <testcase classname="org.bukkit.craftbukkit.inventory.FactoryItemMaterialTest" name="generalCase[Material[771]:WOODEN_SWORD]" time="0"/>
  <testcase classname="org.bukkit.craftbukkit.inventory.FactoryItemMaterialTest" name="asMetaFor[Material[771]:WOODEN_SWORD]" time="0.009"/>
  <testcase classname="org.bukkit.craftbukkit.inventory.FactoryItemMaterialTest" name="itemStack[Material[771]:WOODEN_SWORD]" time="0"/>
  <testcase classname="org.bukkit.craftbukkit.inventory.FactoryItemMaterialTest" name="blankEqualities[Material[772]:WRITABLE_BOOK]" time="0.009"/>
  <testcase classname="org.bukkit.craftbukkit.inventory.FactoryItemMaterialTest" name="generalCase[Material[772]:WRITABLE_BOOK]" time="0"/>
  <testcase classname="org.bukkit.craftbukkit.inventory.FactoryItemMaterialTest" name="asMetaFor[Material[772]:WRITABLE_BOOK]" time="0.009"/>
  <testcase classname="org.bukkit.craftbukkit.inventory.FactoryItemMaterialTest" name="itemStack[Material[772]:WRITABLE_BOOK]" time="0"/>
  <testcase classname="org.bukkit.craftbukkit.inventory.FactoryItemMaterialTest" name="blankEqualities[Material[773]:WRITTEN_BOOK]" time="0.008"/>
  <testcase classname="org.bukkit.craftbukkit.inventory.FactoryItemMaterialTest" name="generalCase[Material[773]:WRITTEN_BOOK]" time="0"/>
  <testcase classname="org.bukkit.craftbukkit.inventory.FactoryItemMaterialTest" name="asMetaFor[Material[773]:WRITTEN_BOOK]" time="0.009"/>
  <testcase classname="org.bukkit.craftbukkit.inventory.FactoryItemMaterialTest" name="itemStack[Material[773]:WRITTEN_BOOK]" time="0"/>
  <testcase classname="org.bukkit.craftbukkit.inventory.FactoryItemMaterialTest" name="blankEqualities[Material[774]:YELLOW_BANNER]" time="0.008"/>
  <testcase classname="org.bukkit.craftbukkit.inventory.FactoryItemMaterialTest" name="generalCase[Material[774]:YELLOW_BANNER]" time="0"/>
  <testcase classname="org.bukkit.craftbukkit.inventory.FactoryItemMaterialTest" name="asMetaFor[Material[774]:YELLOW_BANNER]" time="0.008"/>
  <testcase classname="org.bukkit.craftbukkit.inventory.FactoryItemMaterialTest" name="itemStack[Material[774]:YELLOW_BANNER]" time="0"/>
  <testcase classname="org.bukkit.craftbukkit.inventory.FactoryItemMaterialTest" name="blankEqualities[Material[775]:YELLOW_BED]" time="0.007"/>
  <testcase classname="org.bukkit.craftbukkit.inventory.FactoryItemMaterialTest" name="generalCase[Material[775]:YELLOW_BED]" time="0"/>
  <testcase classname="org.bukkit.craftbukkit.inventory.FactoryItemMaterialTest" name="asMetaFor[Material[775]:YELLOW_BED]" time="0.023"/>
  <testcase classname="org.bukkit.craftbukkit.inventory.FactoryItemMaterialTest" name="itemStack[Material[775]:YELLOW_BED]" time="0"/>
  <testcase classname="org.bukkit.craftbukkit.inventory.FactoryItemMaterialTest" name="blankEqualities[Material[776]:YELLOW_CARPET]" time="0.007"/>
  <testcase classname="org.bukkit.craftbukkit.inventory.FactoryItemMaterialTest" name="generalCase[Material[776]:YELLOW_CARPET]" time="0"/>
  <testcase classname="org.bukkit.craftbukkit.inventory.FactoryItemMaterialTest" name="asMetaFor[Material[776]:YELLOW_CARPET]" time="0.009"/>
  <testcase classname="org.bukkit.craftbukkit.inventory.FactoryItemMaterialTest" name="itemStack[Material[776]:YELLOW_CARPET]" time="0"/>
  <testcase classname="org.bukkit.craftbukkit.inventory.FactoryItemMaterialTest" name="blankEqualities[Material[777]:YELLOW_CONCRETE]" time="0.007"/>
  <testcase classname="org.bukkit.craftbukkit.inventory.FactoryItemMaterialTest" name="generalCase[Material[777]:YELLOW_CONCRETE]" time="0"/>
  <testcase classname="org.bukkit.craftbukkit.inventory.FactoryItemMaterialTest" name="asMetaFor[Material[777]:YELLOW_CONCRETE]" time="0.009"/>
  <testcase classname="org.bukkit.craftbukkit.inventory.FactoryItemMaterialTest" name="itemStack[Material[777]:YELLOW_CONCRETE]" time="0"/>
  <testcase classname="org.bukkit.craftbukkit.inventory.FactoryItemMaterialTest" name="blankEqualities[Material[778]:YELLOW_CONCRETE_POWDER]" time="0.006"/>
  <testcase classname="org.bukkit.craftbukkit.inventory.FactoryItemMaterialTest" name="generalCase[Material[778]:YELLOW_CONCRETE_POWDER]" time="0"/>
  <testcase classname="org.bukkit.craftbukkit.inventory.FactoryItemMaterialTest" name="asMetaFor[Material[778]:YELLOW_CONCRETE_POWDER]" time="0.008"/>
  <testcase classname="org.bukkit.craftbukkit.inventory.FactoryItemMaterialTest" name="itemStack[Material[778]:YELLOW_CONCRETE_POWDER]" time="0"/>
  <testcase classname="org.bukkit.craftbukkit.inventory.FactoryItemMaterialTest" name="blankEqualities[Material[779]:YELLOW_GLAZED_TERRACOTTA]" time="0.006"/>
  <testcase classname="org.bukkit.craftbukkit.inventory.FactoryItemMaterialTest" name="generalCase[Material[779]:YELLOW_GLAZED_TERRACOTTA]" time="0"/>
  <testcase classname="org.bukkit.craftbukkit.inventory.FactoryItemMaterialTest" name="asMetaFor[Material[779]:YELLOW_GLAZED_TERRACOTTA]" time="0.009"/>
  <testcase classname="org.bukkit.craftbukkit.inventory.FactoryItemMaterialTest" name="itemStack[Material[779]:YELLOW_GLAZED_TERRACOTTA]" time="0"/>
  <testcase classname="org.bukkit.craftbukkit.inventory.FactoryItemMaterialTest" name="blankEqualities[Material[780]:YELLOW_SHULKER_BOX]" time="0.007"/>
  <testcase classname="org.bukkit.craftbukkit.inventory.FactoryItemMaterialTest" name="generalCase[Material[780]:YELLOW_SHULKER_BOX]" time="0"/>
  <testcase classname="org.bukkit.craftbukkit.inventory.FactoryItemMaterialTest" name="asMetaFor[Material[780]:YELLOW_SHULKER_BOX]" time="0.008"/>
  <testcase classname="org.bukkit.craftbukkit.inventory.FactoryItemMaterialTest" name="itemStack[Material[780]:YELLOW_SHULKER_BOX]" time="0"/>
  <testcase classname="org.bukkit.craftbukkit.inventory.FactoryItemMaterialTest" name="blankEqualities[Material[781]:YELLOW_STAINED_GLASS]" time="0.006"/>
  <testcase classname="org.bukkit.craftbukkit.inventory.FactoryItemMaterialTest" name="generalCase[Material[781]:YELLOW_STAINED_GLASS]" time="0"/>
  <testcase classname="org.bukkit.craftbukkit.inventory.FactoryItemMaterialTest" name="asMetaFor[Material[781]:YELLOW_STAINED_GLASS]" time="0.009"/>
  <testcase classname="org.bukkit.craftbukkit.inventory.FactoryItemMaterialTest" name="itemStack[Material[781]:YELLOW_STAINED_GLASS]" time="0"/>
  <testcase classname="org.bukkit.craftbukkit.inventory.FactoryItemMaterialTest" name="blankEqualities[Material[782]:YELLOW_STAINED_GLASS_PANE]" time="0.007"/>
  <testcase classname="org.bukkit.craftbukkit.inventory.FactoryItemMaterialTest" name="generalCase[Material[782]:YELLOW_STAINED_GLASS_PANE]" time="0"/>
  <testcase classname="org.bukkit.craftbukkit.inventory.FactoryItemMaterialTest" name="asMetaFor[Material[782]:YELLOW_STAINED_GLASS_PANE]" time="0.008"/>
  <testcase classname="org.bukkit.craftbukkit.inventory.FactoryItemMaterialTest" name="itemStack[Material[782]:YELLOW_STAINED_GLASS_PANE]" time="0.001"/>
  <testcase classname="org.bukkit.craftbukkit.inventory.FactoryItemMaterialTest" name="blankEqualities[Material[783]:YELLOW_TERRACOTTA]" time="0.006"/>
  <testcase classname="org.bukkit.craftbukkit.inventory.FactoryItemMaterialTest" name="generalCase[Material[783]:YELLOW_TERRACOTTA]" time="0.001"/>
  <testcase classname="org.bukkit.craftbukkit.inventory.FactoryItemMaterialTest" name="asMetaFor[Material[783]:YELLOW_TERRACOTTA]" time="0.008"/>
  <testcase classname="org.bukkit.craftbukkit.inventory.FactoryItemMaterialTest" name="itemStack[Material[783]:YELLOW_TERRACOTTA]" time="0.001"/>
  <testcase classname="org.bukkit.craftbukkit.inventory.FactoryItemMaterialTest" name="blankEqualities[Material[784]:YELLOW_WOOL]" time="0.006"/>
  <testcase classname="org.bukkit.craftbukkit.inventory.FactoryItemMaterialTest" name="generalCase[Material[784]:YELLOW_WOOL]" time="0.001"/>
  <testcase classname="org.bukkit.craftbukkit.inventory.FactoryItemMaterialTest" name="asMetaFor[Material[784]:YELLOW_WOOL]" time="0.008"/>
  <testcase classname="org.bukkit.craftbukkit.inventory.FactoryItemMaterialTest" name="itemStack[Material[784]:YELLOW_WOOL]" time="0.001"/>
  <testcase classname="org.bukkit.craftbukkit.inventory.FactoryItemMaterialTest" name="blankEqualities[Material[785]:ZOMBIE_HEAD]" time="0.006"/>
  <testcase classname="org.bukkit.craftbukkit.inventory.FactoryItemMaterialTest" name="generalCase[Material[785]:ZOMBIE_HEAD]" time="0.001"/>
  <testcase classname="org.bukkit.craftbukkit.inventory.FactoryItemMaterialTest" name="asMetaFor[Material[785]:ZOMBIE_HEAD]" time="0.008"/>
  <testcase classname="org.bukkit.craftbukkit.inventory.FactoryItemMaterialTest" name="itemStack[Material[785]:ZOMBIE_HEAD]" time="0.001"/>
  <testcase classname="org.bukkit.craftbukkit.inventory.FactoryItemMaterialTest" name="blankEqualities[Material[786]:ZOMBIE_HORSE_SPAWN_EGG]" time="0.007"/>
  <testcase classname="org.bukkit.craftbukkit.inventory.FactoryItemMaterialTest" name="generalCase[Material[786]:ZOMBIE_HORSE_SPAWN_EGG]" time="0"/>
  <testcase classname="org.bukkit.craftbukkit.inventory.FactoryItemMaterialTest" name="asMetaFor[Material[786]:ZOMBIE_HORSE_SPAWN_EGG]" time="0.009"/>
  <testcase classname="org.bukkit.craftbukkit.inventory.FactoryItemMaterialTest" name="itemStack[Material[786]:ZOMBIE_HORSE_SPAWN_EGG]" time="0"/>
  <testcase classname="org.bukkit.craftbukkit.inventory.FactoryItemMaterialTest" name="blankEqualities[Material[787]:ZOMBIE_PIGMAN_SPAWN_EGG]" time="0.007"/>
  <testcase classname="org.bukkit.craftbukkit.inventory.FactoryItemMaterialTest" name="generalCase[Material[787]:ZOMBIE_PIGMAN_SPAWN_EGG]" time="0"/>
  <testcase classname="org.bukkit.craftbukkit.inventory.FactoryItemMaterialTest" name="asMetaFor[Material[787]:ZOMBIE_PIGMAN_SPAWN_EGG]" time="0.008"/>
  <testcase classname="org.bukkit.craftbukkit.inventory.FactoryItemMaterialTest" name="itemStack[Material[787]:ZOMBIE_PIGMAN_SPAWN_EGG]" time="0.001"/>
  <testcase classname="org.bukkit.craftbukkit.inventory.FactoryItemMaterialTest" name="blankEqualities[Material[788]:ZOMBIE_SPAWN_EGG]" time="0.007"/>
  <testcase classname="org.bukkit.craftbukkit.inventory.FactoryItemMaterialTest" name="generalCase[Material[788]:ZOMBIE_SPAWN_EGG]" time="0"/>
  <testcase classname="org.bukkit.craftbukkit.inventory.FactoryItemMaterialTest" name="asMetaFor[Material[788]:ZOMBIE_SPAWN_EGG]" time="0.009"/>
  <testcase classname="org.bukkit.craftbukkit.inventory.FactoryItemMaterialTest" name="itemStack[Material[788]:ZOMBIE_SPAWN_EGG]" time="0"/>
  <testcase classname="org.bukkit.craftbukkit.inventory.FactoryItemMaterialTest" name="blankEqualities[Material[789]:ZOMBIE_VILLAGER_SPAWN_EGG]" time="0.007"/>
  <testcase classname="org.bukkit.craftbukkit.inventory.FactoryItemMaterialTest" name="generalCase[Material[789]:ZOMBIE_VILLAGER_SPAWN_EGG]" time="0"/>
  <testcase classname="org.bukkit.craftbukkit.inventory.FactoryItemMaterialTest" name="asMetaFor[Material[789]:ZOMBIE_VILLAGER_SPAWN_EGG]" time="0.008"/>
  <testcase classname="org.bukkit.craftbukkit.inventory.FactoryItemMaterialTest" name="itemStack[Material[789]:ZOMBIE_VILLAGER_SPAWN_EGG]" time="0.001"/>
</testsuite>